<?xml version="1.0" encoding="UTF-8"?>
<!-- Generated by org.testng.reporters.JUnitXMLReporter -->
<testsuite hostname="INDHYDELP005" failures="1" tests="163" name="Command line test" time="157.411" errors="0" timestamp="4 Nov 2019 06:26:50 GMT">
  <testcase classname="com.gomechanic.Tests.AddComprehensiveCleaningServicePlanToCartTest" name="@AfterMethod aftermethod" time="0.0">
    <failure type="org.openqa.selenium.WebDriverException" message="chrome not reachable
  (Session info: chrome=76.0.3809.132)
Build info: version: &amp;apos;3.141.59&amp;apos;, revision: &amp;apos;e82be7d358&amp;apos;, time: &amp;apos;2018-11-14T08:17:03&amp;apos;
System info: host: &amp;apos;INDHYDELP005&amp;apos;, ip: &amp;apos;192.168.228.2&amp;apos;, os.name: &amp;apos;Windows 10&amp;apos;, os.arch: &amp;apos;amd64&amp;apos;, os.version: &amp;apos;10.0&amp;apos;, java.version: &amp;apos;11.0.4&amp;apos;
Driver info: org.openqa.selenium.chrome.ChromeDriver
Capabilities {acceptInsecureCerts: false, browserName: chrome, browserVersion: 76.0.3809.132, chrome: {chromedriverVersion: 75.0.3770.90 (a6dcaf7e3ec6f..., userDataDir: C:\Users\swathik\AppData\Lo...}, goog:chromeOptions: {debuggerAddress: localhost:53314}, javascriptEnabled: true, networkConnectionEnabled: false, pageLoadStrategy: normal, platform: XP, platformName: XP, proxy: Proxy(), setWindowRect: true, strictFileInteractability: false, timeouts: {implicit: 0, pageLoad: 300000, script: 30000}, unhandledPromptBehavior: dismiss and notify}
Session ID: 8167b06a0279b1299961746a88804718">
      <![CDATA[org.openqa.selenium.WebDriverException: chrome not reachable
  (Session info: chrome=76.0.3809.132)
Build info: version: '3.141.59', revision: 'e82be7d358', time: '2018-11-14T08:17:03'
System info: host: 'INDHYDELP005', ip: '192.168.228.2', os.name: 'Windows 10', os.arch: 'amd64', os.version: '10.0', java.version: '11.0.4'
Driver info: org.openqa.selenium.chrome.ChromeDriver
Capabilities {acceptInsecureCerts: false, browserName: chrome, browserVersion: 76.0.3809.132, chrome: {chromedriverVersion: 75.0.3770.90 (a6dcaf7e3ec6f..., userDataDir: C:\Users\swathik\AppData\Lo...}, goog:chromeOptions: {debuggerAddress: localhost:53314}, javascriptEnabled: true, networkConnectionEnabled: false, pageLoadStrategy: normal, platform: XP, platformName: XP, proxy: Proxy(), setWindowRect: true, strictFileInteractability: false, timeouts: {implicit: 0, pageLoad: 300000, script: 30000}, unhandledPromptBehavior: dismiss and notify}
Session ID: 8167b06a0279b1299961746a88804718
	at org.openqa.selenium.remote.http.W3CHttpResponseCodec.createException(W3CHttpResponseCodec.java:187)
	at org.openqa.selenium.remote.http.W3CHttpResponseCodec.decode(W3CHttpResponseCodec.java:122)
	at org.openqa.selenium.remote.http.W3CHttpResponseCodec.decode(W3CHttpResponseCodec.java:49)
	at org.openqa.selenium.remote.HttpCommandExecutor.execute(HttpCommandExecutor.java:158)
	at org.openqa.selenium.remote.service.DriverCommandExecutor.execute(DriverCommandExecutor.java:83)
	at org.openqa.selenium.remote.RemoteWebDriver.execute(RemoteWebDriver.java:552)
	at org.openqa.selenium.remote.RemoteWebDriver.execute(RemoteWebDriver.java:609)
	at org.openqa.selenium.remote.RemoteWebDriver.getScreenshotAs(RemoteWebDriver.java:295)
	at com.gomechanic.Tests.BaseTestSuite.createScreenshot(BaseTestSuite.java:84)
	at com.gomechanic.Tests.BaseTestSuite.aftermethod(BaseTestSuite.java:69)
... Removed 40 stack frames]]>
    </failure>
  </testcase> <!-- @AfterMethod aftermethod -->
  <testcase classname="com.gomechanic.Tests.AddComprehensiveServicePlanToCartTest" name="@BeforeMethod setUpTest" time="0.0">
    <skipped/>
  </testcase> <!-- @BeforeMethod setUpTest -->
  <testcase classname="com.gomechanic.Tests.AddComprehensiveServicePlanToCartTest" name="@AfterMethod aftermethod" time="0.0">
    <failure type="java.lang.NullPointerException">
      <![CDATA[java.lang.NullPointerException
	at java.base/java.util.regex.Matcher.getTextLength(Matcher.java:1770)
	at java.base/java.util.regex.Matcher.reset(Matcher.java:416)
	at java.base/java.util.regex.Matcher.<init>(Matcher.java:253)
	at java.base/java.util.regex.Pattern.matcher(Pattern.java:1133)
	at com.relevantcodes.extentreports.utils.ExceptionUtil.getExceptionHeadline(ExceptionUtil.java:24)
	at com.relevantcodes.extentreports.Report.setCauseTest(Report.java:368)
	at com.relevantcodes.extentreports.Report.finalizeTest(Report.java:336)
	at com.relevantcodes.extentreports.ExtentReports.endTest(ExtentReports.java:622)
	at com.gomechanic.Tests.BaseTestSuite.aftermethod(BaseTestSuite.java:76)
... Removed 36 stack frames]]>
    </failure>
  </testcase> <!-- @AfterMethod aftermethod -->
  <testcase classname="com.gomechanic.Tests.AddDryCleaningServicePlanToCartTest" name="@BeforeMethod setUpTest" time="0.0">
    <skipped/>
  </testcase> <!-- @BeforeMethod setUpTest -->
  <testcase classname="com.gomechanic.Tests.AddDryCleaningServicePlanToCartTest" name="@AfterMethod aftermethod" time="0.0">
    <failure type="java.lang.NullPointerException">
      <![CDATA[java.lang.NullPointerException
	at java.base/java.util.regex.Matcher.getTextLength(Matcher.java:1770)
	at java.base/java.util.regex.Matcher.reset(Matcher.java:416)
	at java.base/java.util.regex.Matcher.<init>(Matcher.java:253)
	at java.base/java.util.regex.Pattern.matcher(Pattern.java:1133)
	at com.relevantcodes.extentreports.utils.ExceptionUtil.getExceptionHeadline(ExceptionUtil.java:24)
	at com.relevantcodes.extentreports.Report.setCauseTest(Report.java:368)
	at com.relevantcodes.extentreports.Report.finalizeTest(Report.java:336)
	at com.relevantcodes.extentreports.ExtentReports.endTest(ExtentReports.java:622)
	at com.gomechanic.Tests.BaseTestSuite.aftermethod(BaseTestSuite.java:76)
... Removed 36 stack frames]]>
    </failure>
  </testcase> <!-- @AfterMethod aftermethod -->
  <testcase classname="com.gomechanic.Tests.AddExteriorPolishingAndRubbingServicePlanToCartTest" name="@BeforeMethod setUpTest" time="0.0">
    <skipped/>
  </testcase> <!-- @BeforeMethod setUpTest -->
  <testcase classname="com.gomechanic.Tests.AddExteriorPolishingAndRubbingServicePlanToCartTest" name="@AfterMethod aftermethod" time="0.0">
    <failure type="java.lang.NullPointerException">
      <![CDATA[java.lang.NullPointerException
	at java.base/java.util.regex.Matcher.getTextLength(Matcher.java:1770)
	at java.base/java.util.regex.Matcher.reset(Matcher.java:416)
	at java.base/java.util.regex.Matcher.<init>(Matcher.java:253)
	at java.base/java.util.regex.Pattern.matcher(Pattern.java:1133)
	at com.relevantcodes.extentreports.utils.ExceptionUtil.getExceptionHeadline(ExceptionUtil.java:24)
	at com.relevantcodes.extentreports.Report.setCauseTest(Report.java:368)
	at com.relevantcodes.extentreports.Report.finalizeTest(Report.java:336)
	at com.relevantcodes.extentreports.ExtentReports.endTest(ExtentReports.java:622)
	at com.gomechanic.Tests.BaseTestSuite.aftermethod(BaseTestSuite.java:76)
... Removed 36 stack frames]]>
    </failure>
  </testcase> <!-- @AfterMethod aftermethod -->
  <testcase classname="com.gomechanic.Tests.AddInteriorDetailCleaningServicePlanToCartTest" name="@BeforeMethod setUpTest" time="0.0">
    <skipped/>
  </testcase> <!-- @BeforeMethod setUpTest -->
  <testcase classname="com.gomechanic.Tests.AddInteriorDetailCleaningServicePlanToCartTest" name="@AfterMethod aftermethod" time="0.0">
    <failure type="java.lang.NullPointerException">
      <![CDATA[java.lang.NullPointerException
	at java.base/java.util.regex.Matcher.getTextLength(Matcher.java:1770)
	at java.base/java.util.regex.Matcher.reset(Matcher.java:416)
	at java.base/java.util.regex.Matcher.<init>(Matcher.java:253)
	at java.base/java.util.regex.Pattern.matcher(Pattern.java:1133)
	at com.relevantcodes.extentreports.utils.ExceptionUtil.getExceptionHeadline(ExceptionUtil.java:24)
	at com.relevantcodes.extentreports.Report.setCauseTest(Report.java:368)
	at com.relevantcodes.extentreports.Report.finalizeTest(Report.java:336)
	at com.relevantcodes.extentreports.ExtentReports.endTest(ExtentReports.java:622)
	at com.gomechanic.Tests.BaseTestSuite.aftermethod(BaseTestSuite.java:76)
... Removed 36 stack frames]]>
    </failure>
  </testcase> <!-- @AfterMethod aftermethod -->
  <testcase classname="com.gomechanic.Tests.AddMultipleCarCareServicesToCartTest" name="@BeforeMethod setUpTest" time="0.0">
    <skipped/>
  </testcase> <!-- @BeforeMethod setUpTest -->
  <testcase classname="com.gomechanic.Tests.AddMultipleCarCareServicesToCartTest" name="@AfterMethod aftermethod" time="0.0">
    <failure type="java.lang.NullPointerException">
      <![CDATA[java.lang.NullPointerException
	at java.base/java.util.regex.Matcher.getTextLength(Matcher.java:1770)
	at java.base/java.util.regex.Matcher.reset(Matcher.java:416)
	at java.base/java.util.regex.Matcher.<init>(Matcher.java:253)
	at java.base/java.util.regex.Pattern.matcher(Pattern.java:1133)
	at com.relevantcodes.extentreports.utils.ExceptionUtil.getExceptionHeadline(ExceptionUtil.java:24)
	at com.relevantcodes.extentreports.Report.setCauseTest(Report.java:368)
	at com.relevantcodes.extentreports.Report.finalizeTest(Report.java:336)
	at com.relevantcodes.extentreports.ExtentReports.endTest(ExtentReports.java:622)
	at com.gomechanic.Tests.BaseTestSuite.aftermethod(BaseTestSuite.java:76)
... Removed 36 stack frames]]>
    </failure>
  </testcase> <!-- @AfterMethod aftermethod -->
  <testcase classname="com.gomechanic.Tests.AddMultipleDentingOrPaintingServicesToCartTest" name="@BeforeMethod setUpTest" time="0.0">
    <skipped/>
  </testcase> <!-- @BeforeMethod setUpTest -->
  <testcase classname="com.gomechanic.Tests.AddMultipleDentingOrPaintingServicesToCartTest" name="@AfterMethod aftermethod" time="0.0">
    <failure type="java.lang.NullPointerException">
      <![CDATA[java.lang.NullPointerException
	at java.base/java.util.regex.Matcher.getTextLength(Matcher.java:1770)
	at java.base/java.util.regex.Matcher.reset(Matcher.java:416)
	at java.base/java.util.regex.Matcher.<init>(Matcher.java:253)
	at java.base/java.util.regex.Pattern.matcher(Pattern.java:1133)
	at com.relevantcodes.extentreports.utils.ExceptionUtil.getExceptionHeadline(ExceptionUtil.java:24)
	at com.relevantcodes.extentreports.Report.setCauseTest(Report.java:368)
	at com.relevantcodes.extentreports.Report.finalizeTest(Report.java:336)
	at com.relevantcodes.extentreports.ExtentReports.endTest(ExtentReports.java:622)
	at com.gomechanic.Tests.BaseTestSuite.aftermethod(BaseTestSuite.java:76)
... Removed 36 stack frames]]>
    </failure>
  </testcase> <!-- @AfterMethod aftermethod -->
  <testcase classname="com.gomechanic.Tests.AddMultipleWheelCareServicesToCartTest" name="@BeforeMethod setUpTest" time="0.0">
    <skipped/>
  </testcase> <!-- @BeforeMethod setUpTest -->
  <testcase classname="com.gomechanic.Tests.AddMultipleWheelCareServicesToCartTest" name="@AfterMethod aftermethod" time="0.0">
    <failure type="java.lang.NullPointerException">
      <![CDATA[java.lang.NullPointerException
	at java.base/java.util.regex.Matcher.getTextLength(Matcher.java:1770)
	at java.base/java.util.regex.Matcher.reset(Matcher.java:416)
	at java.base/java.util.regex.Matcher.<init>(Matcher.java:253)
	at java.base/java.util.regex.Pattern.matcher(Pattern.java:1133)
	at com.relevantcodes.extentreports.utils.ExceptionUtil.getExceptionHeadline(ExceptionUtil.java:24)
	at com.relevantcodes.extentreports.Report.setCauseTest(Report.java:368)
	at com.relevantcodes.extentreports.Report.finalizeTest(Report.java:336)
	at com.relevantcodes.extentreports.ExtentReports.endTest(ExtentReports.java:622)
	at com.gomechanic.Tests.BaseTestSuite.aftermethod(BaseTestSuite.java:76)
... Removed 36 stack frames]]>
    </failure>
  </testcase> <!-- @AfterMethod aftermethod -->
  <testcase classname="com.gomechanic.Tests.AddStandardServicePlanToCartTest" name="@BeforeMethod setUpTest" time="0.0">
    <skipped/>
  </testcase> <!-- @BeforeMethod setUpTest -->
  <testcase classname="com.gomechanic.Tests.AddStandardServicePlanToCartTest" name="@AfterMethod aftermethod" time="0.0">
    <failure type="java.lang.NullPointerException">
      <![CDATA[java.lang.NullPointerException
	at java.base/java.util.regex.Matcher.getTextLength(Matcher.java:1770)
	at java.base/java.util.regex.Matcher.reset(Matcher.java:416)
	at java.base/java.util.regex.Matcher.<init>(Matcher.java:253)
	at java.base/java.util.regex.Pattern.matcher(Pattern.java:1133)
	at com.relevantcodes.extentreports.utils.ExceptionUtil.getExceptionHeadline(ExceptionUtil.java:24)
	at com.relevantcodes.extentreports.Report.setCauseTest(Report.java:368)
	at com.relevantcodes.extentreports.Report.finalizeTest(Report.java:336)
	at com.relevantcodes.extentreports.ExtentReports.endTest(ExtentReports.java:622)
	at com.gomechanic.Tests.BaseTestSuite.aftermethod(BaseTestSuite.java:76)
... Removed 36 stack frames]]>
    </failure>
  </testcase> <!-- @AfterMethod aftermethod -->
  <testcase classname="com.gomechanic.Tests.AddTeflonCoatingBodyServicePlanToCartTest" name="@BeforeMethod setUpTest" time="0.0">
    <skipped/>
  </testcase> <!-- @BeforeMethod setUpTest -->
  <testcase classname="com.gomechanic.Tests.AddTeflonCoatingBodyServicePlanToCartTest" name="@AfterMethod aftermethod" time="0.0">
    <failure type="java.lang.NullPointerException">
      <![CDATA[java.lang.NullPointerException
	at java.base/java.util.regex.Matcher.getTextLength(Matcher.java:1770)
	at java.base/java.util.regex.Matcher.reset(Matcher.java:416)
	at java.base/java.util.regex.Matcher.<init>(Matcher.java:253)
	at java.base/java.util.regex.Pattern.matcher(Pattern.java:1133)
	at com.relevantcodes.extentreports.utils.ExceptionUtil.getExceptionHeadline(ExceptionUtil.java:24)
	at com.relevantcodes.extentreports.Report.setCauseTest(Report.java:368)
	at com.relevantcodes.extentreports.Report.finalizeTest(Report.java:336)
	at com.relevantcodes.extentreports.ExtentReports.endTest(ExtentReports.java:622)
	at com.gomechanic.Tests.BaseTestSuite.aftermethod(BaseTestSuite.java:76)
... Removed 36 stack frames]]>
    </failure>
  </testcase> <!-- @AfterMethod aftermethod -->
  <testcase classname="com.gomechanic.Tests.AddTyreRotationServicePlanToCartTest" name="@BeforeMethod setUpTest" time="0.0">
    <skipped/>
  </testcase> <!-- @BeforeMethod setUpTest -->
  <testcase classname="com.gomechanic.Tests.AddTyreRotationServicePlanToCartTest" name="@AfterMethod aftermethod" time="0.0">
    <failure type="java.lang.NullPointerException">
      <![CDATA[java.lang.NullPointerException
	at java.base/java.util.regex.Matcher.getTextLength(Matcher.java:1770)
	at java.base/java.util.regex.Matcher.reset(Matcher.java:416)
	at java.base/java.util.regex.Matcher.<init>(Matcher.java:253)
	at java.base/java.util.regex.Pattern.matcher(Pattern.java:1133)
	at com.relevantcodes.extentreports.utils.ExceptionUtil.getExceptionHeadline(ExceptionUtil.java:24)
	at com.relevantcodes.extentreports.Report.setCauseTest(Report.java:368)
	at com.relevantcodes.extentreports.Report.finalizeTest(Report.java:336)
	at com.relevantcodes.extentreports.ExtentReports.endTest(ExtentReports.java:622)
	at com.gomechanic.Tests.BaseTestSuite.aftermethod(BaseTestSuite.java:76)
... Removed 36 stack frames]]>
    </failure>
  </testcase> <!-- @AfterMethod aftermethod -->
  <testcase classname="com.gomechanic.Tests.ApplyAJobInAllTabCareerSectionTest" name="@BeforeMethod setUpTest" time="0.0">
    <skipped/>
  </testcase> <!-- @BeforeMethod setUpTest -->
  <testcase classname="com.gomechanic.Tests.ApplyAJobInAllTabCareerSectionTest" name="@AfterMethod aftermethod" time="0.0">
    <failure type="java.lang.NullPointerException">
      <![CDATA[java.lang.NullPointerException
	at java.base/java.util.regex.Matcher.getTextLength(Matcher.java:1770)
	at java.base/java.util.regex.Matcher.reset(Matcher.java:416)
	at java.base/java.util.regex.Matcher.<init>(Matcher.java:253)
	at java.base/java.util.regex.Pattern.matcher(Pattern.java:1133)
	at com.relevantcodes.extentreports.utils.ExceptionUtil.getExceptionHeadline(ExceptionUtil.java:24)
	at com.relevantcodes.extentreports.Report.setCauseTest(Report.java:368)
	at com.relevantcodes.extentreports.Report.finalizeTest(Report.java:336)
	at com.relevantcodes.extentreports.ExtentReports.endTest(ExtentReports.java:622)
	at com.gomechanic.Tests.BaseTestSuite.aftermethod(BaseTestSuite.java:76)
... Removed 36 stack frames]]>
    </failure>
  </testcase> <!-- @AfterMethod aftermethod -->
  <testcase classname="com.gomechanic.Tests.ApplyAJobInAnalyticsCareerSectionTest" name="@BeforeMethod setUpTest" time="0.0">
    <skipped/>
  </testcase> <!-- @BeforeMethod setUpTest -->
  <testcase classname="com.gomechanic.Tests.ApplyAJobInAnalyticsCareerSectionTest" name="@AfterMethod aftermethod" time="0.0">
    <failure type="java.lang.NullPointerException">
      <![CDATA[java.lang.NullPointerException
	at java.base/java.util.regex.Matcher.getTextLength(Matcher.java:1770)
	at java.base/java.util.regex.Matcher.reset(Matcher.java:416)
	at java.base/java.util.regex.Matcher.<init>(Matcher.java:253)
	at java.base/java.util.regex.Pattern.matcher(Pattern.java:1133)
	at com.relevantcodes.extentreports.utils.ExceptionUtil.getExceptionHeadline(ExceptionUtil.java:24)
	at com.relevantcodes.extentreports.Report.setCauseTest(Report.java:368)
	at com.relevantcodes.extentreports.Report.finalizeTest(Report.java:336)
	at com.relevantcodes.extentreports.ExtentReports.endTest(ExtentReports.java:622)
	at com.gomechanic.Tests.BaseTestSuite.aftermethod(BaseTestSuite.java:76)
... Removed 36 stack frames]]>
    </failure>
  </testcase> <!-- @AfterMethod aftermethod -->
  <testcase classname="com.gomechanic.Tests.ApplyAJobInCustomerServiceCareerSectionTest" name="@BeforeMethod setUpTest" time="0.0">
    <skipped/>
  </testcase> <!-- @BeforeMethod setUpTest -->
  <testcase classname="com.gomechanic.Tests.ApplyAJobInCustomerServiceCareerSectionTest" name="@AfterMethod aftermethod" time="0.0">
    <failure type="java.lang.NullPointerException">
      <![CDATA[java.lang.NullPointerException
	at java.base/java.util.regex.Matcher.getTextLength(Matcher.java:1770)
	at java.base/java.util.regex.Matcher.reset(Matcher.java:416)
	at java.base/java.util.regex.Matcher.<init>(Matcher.java:253)
	at java.base/java.util.regex.Pattern.matcher(Pattern.java:1133)
	at com.relevantcodes.extentreports.utils.ExceptionUtil.getExceptionHeadline(ExceptionUtil.java:24)
	at com.relevantcodes.extentreports.Report.setCauseTest(Report.java:368)
	at com.relevantcodes.extentreports.Report.finalizeTest(Report.java:336)
	at com.relevantcodes.extentreports.ExtentReports.endTest(ExtentReports.java:622)
	at com.gomechanic.Tests.BaseTestSuite.aftermethod(BaseTestSuite.java:76)
... Removed 35 stack frames]]>
    </failure>
  </testcase> <!-- @AfterMethod aftermethod -->
  <testcase classname="com.gomechanic.Tests.ApplyAJobInGroundOperationsCareerSectionTest" name="@BeforeMethod setUpTest" time="0.0">
    <skipped/>
  </testcase> <!-- @BeforeMethod setUpTest -->
  <testcase classname="com.gomechanic.Tests.ApplyAJobInGroundOperationsCareerSectionTest" name="@AfterMethod aftermethod" time="0.0">
    <failure type="java.lang.NullPointerException">
      <![CDATA[java.lang.NullPointerException
	at java.base/java.util.regex.Matcher.getTextLength(Matcher.java:1770)
	at java.base/java.util.regex.Matcher.reset(Matcher.java:416)
	at java.base/java.util.regex.Matcher.<init>(Matcher.java:253)
	at java.base/java.util.regex.Pattern.matcher(Pattern.java:1133)
	at com.relevantcodes.extentreports.utils.ExceptionUtil.getExceptionHeadline(ExceptionUtil.java:24)
	at com.relevantcodes.extentreports.Report.setCauseTest(Report.java:368)
	at com.relevantcodes.extentreports.Report.finalizeTest(Report.java:336)
	at com.relevantcodes.extentreports.ExtentReports.endTest(ExtentReports.java:622)
	at com.gomechanic.Tests.BaseTestSuite.aftermethod(BaseTestSuite.java:76)
... Removed 35 stack frames]]>
    </failure>
  </testcase> <!-- @AfterMethod aftermethod -->
  <testcase classname="com.gomechanic.Tests.ApplyAJobInTechnologyCareerSectionTest" name="@BeforeMethod setUpTest" time="0.0">
    <skipped/>
  </testcase> <!-- @BeforeMethod setUpTest -->
  <testcase classname="com.gomechanic.Tests.ApplyAJobInTechnologyCareerSectionTest" name="@AfterMethod aftermethod" time="0.0">
    <failure type="java.lang.NullPointerException">
      <![CDATA[java.lang.NullPointerException
	at java.base/java.util.regex.Matcher.getTextLength(Matcher.java:1770)
	at java.base/java.util.regex.Matcher.reset(Matcher.java:416)
	at java.base/java.util.regex.Matcher.<init>(Matcher.java:253)
	at java.base/java.util.regex.Pattern.matcher(Pattern.java:1133)
	at com.relevantcodes.extentreports.utils.ExceptionUtil.getExceptionHeadline(ExceptionUtil.java:24)
	at com.relevantcodes.extentreports.Report.setCauseTest(Report.java:368)
	at com.relevantcodes.extentreports.Report.finalizeTest(Report.java:336)
	at com.relevantcodes.extentreports.ExtentReports.endTest(ExtentReports.java:622)
	at com.gomechanic.Tests.BaseTestSuite.aftermethod(BaseTestSuite.java:76)
... Removed 35 stack frames]]>
    </failure>
  </testcase> <!-- @AfterMethod aftermethod -->
  <testcase classname="com.gomechanic.Tests.CheckoutWithAServicePlanFromAddMoreInCarCareServicesTest" name="@BeforeMethod setUpTest" time="0.0">
    <skipped/>
  </testcase> <!-- @BeforeMethod setUpTest -->
  <testcase classname="com.gomechanic.Tests.CheckoutWithAServicePlanFromAddMoreInCarCareServicesTest" name="@AfterMethod aftermethod" time="0.0">
    <failure type="java.lang.NullPointerException">
      <![CDATA[java.lang.NullPointerException
	at java.base/java.util.regex.Matcher.getTextLength(Matcher.java:1770)
	at java.base/java.util.regex.Matcher.reset(Matcher.java:416)
	at java.base/java.util.regex.Matcher.<init>(Matcher.java:253)
	at java.base/java.util.regex.Pattern.matcher(Pattern.java:1133)
	at com.relevantcodes.extentreports.utils.ExceptionUtil.getExceptionHeadline(ExceptionUtil.java:24)
	at com.relevantcodes.extentreports.Report.setCauseTest(Report.java:368)
	at com.relevantcodes.extentreports.Report.finalizeTest(Report.java:336)
	at com.relevantcodes.extentreports.ExtentReports.endTest(ExtentReports.java:622)
	at com.gomechanic.Tests.BaseTestSuite.aftermethod(BaseTestSuite.java:76)
... Removed 35 stack frames]]>
    </failure>
  </testcase> <!-- @AfterMethod aftermethod -->
  <testcase classname="com.gomechanic.Tests.CheckoutWithAServicePlanFromAddMoreInCarCareServicesTest" name="@BeforeMethod setUpTest" time="0.0">
    <skipped/>
  </testcase> <!-- @BeforeMethod setUpTest -->
  <testcase classname="com.gomechanic.Tests.CheckoutWithAServicePlanFromAddMoreInCarCareServicesTest" name="@AfterMethod aftermethod" time="0.0">
    <failure type="java.lang.NullPointerException">
      <![CDATA[java.lang.NullPointerException
	at java.base/java.util.regex.Matcher.getTextLength(Matcher.java:1770)
	at java.base/java.util.regex.Matcher.reset(Matcher.java:416)
	at java.base/java.util.regex.Matcher.<init>(Matcher.java:253)
	at java.base/java.util.regex.Pattern.matcher(Pattern.java:1133)
	at com.relevantcodes.extentreports.utils.ExceptionUtil.getExceptionHeadline(ExceptionUtil.java:24)
	at com.relevantcodes.extentreports.Report.setCauseTest(Report.java:368)
	at com.relevantcodes.extentreports.Report.finalizeTest(Report.java:336)
	at com.relevantcodes.extentreports.ExtentReports.endTest(ExtentReports.java:622)
	at com.gomechanic.Tests.BaseTestSuite.aftermethod(BaseTestSuite.java:76)
... Removed 35 stack frames]]>
    </failure>
  </testcase> <!-- @AfterMethod aftermethod -->
  <testcase classname="com.gomechanic.Tests.CheckoutWithAServicePlanFromAddMoreInCarCareServicesTest" name="@BeforeMethod setUpTest" time="0.0">
    <skipped/>
  </testcase> <!-- @BeforeMethod setUpTest -->
  <testcase classname="com.gomechanic.Tests.CheckoutWithAServicePlanFromAddMoreInCarCareServicesTest" name="@AfterMethod aftermethod" time="0.0">
    <failure type="java.lang.NullPointerException">
      <![CDATA[java.lang.NullPointerException
	at java.base/java.util.regex.Matcher.getTextLength(Matcher.java:1770)
	at java.base/java.util.regex.Matcher.reset(Matcher.java:416)
	at java.base/java.util.regex.Matcher.<init>(Matcher.java:253)
	at java.base/java.util.regex.Pattern.matcher(Pattern.java:1133)
	at com.relevantcodes.extentreports.utils.ExceptionUtil.getExceptionHeadline(ExceptionUtil.java:24)
	at com.relevantcodes.extentreports.Report.setCauseTest(Report.java:368)
	at com.relevantcodes.extentreports.Report.finalizeTest(Report.java:336)
	at com.relevantcodes.extentreports.ExtentReports.endTest(ExtentReports.java:622)
	at com.gomechanic.Tests.BaseTestSuite.aftermethod(BaseTestSuite.java:76)
... Removed 35 stack frames]]>
    </failure>
  </testcase> <!-- @AfterMethod aftermethod -->
  <testcase classname="com.gomechanic.Tests.CheckoutWithAServicePlanFromAddMoreInCarCareServicesTest" name="@BeforeMethod setUpTest" time="0.0">
    <skipped/>
  </testcase> <!-- @BeforeMethod setUpTest -->
  <testcase classname="com.gomechanic.Tests.CheckoutWithAServicePlanFromAddMoreInCarCareServicesTest" name="@AfterMethod aftermethod" time="0.0">
    <failure type="java.lang.NullPointerException">
      <![CDATA[java.lang.NullPointerException
	at java.base/java.util.regex.Matcher.getTextLength(Matcher.java:1770)
	at java.base/java.util.regex.Matcher.reset(Matcher.java:416)
	at java.base/java.util.regex.Matcher.<init>(Matcher.java:253)
	at java.base/java.util.regex.Pattern.matcher(Pattern.java:1133)
	at com.relevantcodes.extentreports.utils.ExceptionUtil.getExceptionHeadline(ExceptionUtil.java:24)
	at com.relevantcodes.extentreports.Report.setCauseTest(Report.java:368)
	at com.relevantcodes.extentreports.Report.finalizeTest(Report.java:336)
	at com.relevantcodes.extentreports.ExtentReports.endTest(ExtentReports.java:622)
	at com.gomechanic.Tests.BaseTestSuite.aftermethod(BaseTestSuite.java:76)
... Removed 35 stack frames]]>
    </failure>
  </testcase> <!-- @AfterMethod aftermethod -->
  <testcase classname="com.gomechanic.Tests.CheckoutWithAServicePlanFromAddMoreInDentingOrPaintingServicesTest" name="@BeforeMethod setUpTest" time="0.0">
    <skipped/>
  </testcase> <!-- @BeforeMethod setUpTest -->
  <testcase classname="com.gomechanic.Tests.CheckoutWithAServicePlanFromAddMoreInDentingOrPaintingServicesTest" name="@AfterMethod aftermethod" time="0.0">
    <failure type="java.lang.NullPointerException">
      <![CDATA[java.lang.NullPointerException
	at java.base/java.util.regex.Matcher.getTextLength(Matcher.java:1770)
	at java.base/java.util.regex.Matcher.reset(Matcher.java:416)
	at java.base/java.util.regex.Matcher.<init>(Matcher.java:253)
	at java.base/java.util.regex.Pattern.matcher(Pattern.java:1133)
	at com.relevantcodes.extentreports.utils.ExceptionUtil.getExceptionHeadline(ExceptionUtil.java:24)
	at com.relevantcodes.extentreports.Report.setCauseTest(Report.java:368)
	at com.relevantcodes.extentreports.Report.finalizeTest(Report.java:336)
	at com.relevantcodes.extentreports.ExtentReports.endTest(ExtentReports.java:622)
	at com.gomechanic.Tests.BaseTestSuite.aftermethod(BaseTestSuite.java:76)
... Removed 35 stack frames]]>
    </failure>
  </testcase> <!-- @AfterMethod aftermethod -->
  <testcase classname="com.gomechanic.Tests.CheckoutWithAServicePlanFromAddMoreInDentingOrPaintingServicesTest" name="@BeforeMethod setUpTest" time="0.0">
    <skipped/>
  </testcase> <!-- @BeforeMethod setUpTest -->
  <testcase classname="com.gomechanic.Tests.CheckoutWithAServicePlanFromAddMoreInDentingOrPaintingServicesTest" name="@AfterMethod aftermethod" time="0.0">
    <failure type="java.lang.NullPointerException">
      <![CDATA[java.lang.NullPointerException
	at java.base/java.util.regex.Matcher.getTextLength(Matcher.java:1770)
	at java.base/java.util.regex.Matcher.reset(Matcher.java:416)
	at java.base/java.util.regex.Matcher.<init>(Matcher.java:253)
	at java.base/java.util.regex.Pattern.matcher(Pattern.java:1133)
	at com.relevantcodes.extentreports.utils.ExceptionUtil.getExceptionHeadline(ExceptionUtil.java:24)
	at com.relevantcodes.extentreports.Report.setCauseTest(Report.java:368)
	at com.relevantcodes.extentreports.Report.finalizeTest(Report.java:336)
	at com.relevantcodes.extentreports.ExtentReports.endTest(ExtentReports.java:622)
	at com.gomechanic.Tests.BaseTestSuite.aftermethod(BaseTestSuite.java:76)
... Removed 35 stack frames]]>
    </failure>
  </testcase> <!-- @AfterMethod aftermethod -->
  <testcase classname="com.gomechanic.Tests.CheckoutWithAServicePlanFromAddMoreInDentingOrPaintingServicesTest" name="@BeforeMethod setUpTest" time="0.0">
    <skipped/>
  </testcase> <!-- @BeforeMethod setUpTest -->
  <testcase classname="com.gomechanic.Tests.CheckoutWithAServicePlanFromAddMoreInDentingOrPaintingServicesTest" name="@AfterMethod aftermethod" time="0.0">
    <failure type="java.lang.NullPointerException">
      <![CDATA[java.lang.NullPointerException
	at java.base/java.util.regex.Matcher.getTextLength(Matcher.java:1770)
	at java.base/java.util.regex.Matcher.reset(Matcher.java:416)
	at java.base/java.util.regex.Matcher.<init>(Matcher.java:253)
	at java.base/java.util.regex.Pattern.matcher(Pattern.java:1133)
	at com.relevantcodes.extentreports.utils.ExceptionUtil.getExceptionHeadline(ExceptionUtil.java:24)
	at com.relevantcodes.extentreports.Report.setCauseTest(Report.java:368)
	at com.relevantcodes.extentreports.Report.finalizeTest(Report.java:336)
	at com.relevantcodes.extentreports.ExtentReports.endTest(ExtentReports.java:622)
	at com.gomechanic.Tests.BaseTestSuite.aftermethod(BaseTestSuite.java:76)
... Removed 35 stack frames]]>
    </failure>
  </testcase> <!-- @AfterMethod aftermethod -->
  <testcase classname="com.gomechanic.Tests.CheckoutWithAServicePlanFromAddMoreInDentingOrPaintingServicesTest" name="@BeforeMethod setUpTest" time="0.0">
    <skipped/>
  </testcase> <!-- @BeforeMethod setUpTest -->
  <testcase classname="com.gomechanic.Tests.CheckoutWithAServicePlanFromAddMoreInDentingOrPaintingServicesTest" name="@AfterMethod aftermethod" time="0.0">
    <failure type="java.lang.NullPointerException">
      <![CDATA[java.lang.NullPointerException
	at java.base/java.util.regex.Matcher.getTextLength(Matcher.java:1770)
	at java.base/java.util.regex.Matcher.reset(Matcher.java:416)
	at java.base/java.util.regex.Matcher.<init>(Matcher.java:253)
	at java.base/java.util.regex.Pattern.matcher(Pattern.java:1133)
	at com.relevantcodes.extentreports.utils.ExceptionUtil.getExceptionHeadline(ExceptionUtil.java:24)
	at com.relevantcodes.extentreports.Report.setCauseTest(Report.java:368)
	at com.relevantcodes.extentreports.Report.finalizeTest(Report.java:336)
	at com.relevantcodes.extentreports.ExtentReports.endTest(ExtentReports.java:622)
	at com.gomechanic.Tests.BaseTestSuite.aftermethod(BaseTestSuite.java:76)
... Removed 35 stack frames]]>
    </failure>
  </testcase> <!-- @AfterMethod aftermethod -->
  <testcase classname="com.gomechanic.Tests.CheckoutWithAServicePlanFromAddMoreInScheduledServiceTest" name="@BeforeMethod setUpTest" time="0.0">
    <skipped/>
  </testcase> <!-- @BeforeMethod setUpTest -->
  <testcase classname="com.gomechanic.Tests.CheckoutWithAServicePlanFromAddMoreInScheduledServiceTest" name="@AfterMethod aftermethod" time="0.0">
    <failure type="java.lang.NullPointerException">
      <![CDATA[java.lang.NullPointerException
	at java.base/java.util.regex.Matcher.getTextLength(Matcher.java:1770)
	at java.base/java.util.regex.Matcher.reset(Matcher.java:416)
	at java.base/java.util.regex.Matcher.<init>(Matcher.java:253)
	at java.base/java.util.regex.Pattern.matcher(Pattern.java:1133)
	at com.relevantcodes.extentreports.utils.ExceptionUtil.getExceptionHeadline(ExceptionUtil.java:24)
	at com.relevantcodes.extentreports.Report.setCauseTest(Report.java:368)
	at com.relevantcodes.extentreports.Report.finalizeTest(Report.java:336)
	at com.relevantcodes.extentreports.ExtentReports.endTest(ExtentReports.java:622)
	at com.gomechanic.Tests.BaseTestSuite.aftermethod(BaseTestSuite.java:76)
... Removed 35 stack frames]]>
    </failure>
  </testcase> <!-- @AfterMethod aftermethod -->
  <testcase classname="com.gomechanic.Tests.CheckoutWithAServicePlanFromAddMoreInScheduledServiceTest" name="@BeforeMethod setUpTest" time="0.0">
    <skipped/>
  </testcase> <!-- @BeforeMethod setUpTest -->
  <testcase classname="com.gomechanic.Tests.CheckoutWithAServicePlanFromAddMoreInScheduledServiceTest" name="@AfterMethod aftermethod" time="0.0">
    <failure type="java.lang.NullPointerException">
      <![CDATA[java.lang.NullPointerException
	at java.base/java.util.regex.Matcher.getTextLength(Matcher.java:1770)
	at java.base/java.util.regex.Matcher.reset(Matcher.java:416)
	at java.base/java.util.regex.Matcher.<init>(Matcher.java:253)
	at java.base/java.util.regex.Pattern.matcher(Pattern.java:1133)
	at com.relevantcodes.extentreports.utils.ExceptionUtil.getExceptionHeadline(ExceptionUtil.java:24)
	at com.relevantcodes.extentreports.Report.setCauseTest(Report.java:368)
	at com.relevantcodes.extentreports.Report.finalizeTest(Report.java:336)
	at com.relevantcodes.extentreports.ExtentReports.endTest(ExtentReports.java:622)
	at com.gomechanic.Tests.BaseTestSuite.aftermethod(BaseTestSuite.java:76)
... Removed 35 stack frames]]>
    </failure>
  </testcase> <!-- @AfterMethod aftermethod -->
  <testcase classname="com.gomechanic.Tests.CheckoutWithAServicePlanFromAddMoreInScheduledServiceTest" name="@BeforeMethod setUpTest" time="0.0">
    <skipped/>
  </testcase> <!-- @BeforeMethod setUpTest -->
  <testcase classname="com.gomechanic.Tests.CheckoutWithAServicePlanFromAddMoreInScheduledServiceTest" name="@AfterMethod aftermethod" time="0.0">
    <failure type="java.lang.NullPointerException">
      <![CDATA[java.lang.NullPointerException
	at java.base/java.util.regex.Matcher.getTextLength(Matcher.java:1770)
	at java.base/java.util.regex.Matcher.reset(Matcher.java:416)
	at java.base/java.util.regex.Matcher.<init>(Matcher.java:253)
	at java.base/java.util.regex.Pattern.matcher(Pattern.java:1133)
	at com.relevantcodes.extentreports.utils.ExceptionUtil.getExceptionHeadline(ExceptionUtil.java:24)
	at com.relevantcodes.extentreports.Report.setCauseTest(Report.java:368)
	at com.relevantcodes.extentreports.Report.finalizeTest(Report.java:336)
	at com.relevantcodes.extentreports.ExtentReports.endTest(ExtentReports.java:622)
	at com.gomechanic.Tests.BaseTestSuite.aftermethod(BaseTestSuite.java:76)
... Removed 35 stack frames]]>
    </failure>
  </testcase> <!-- @AfterMethod aftermethod -->
  <testcase classname="com.gomechanic.Tests.CheckoutWithAServicePlanFromAddMoreInScheduledServiceTest" name="@BeforeMethod setUpTest" time="0.0">
    <skipped/>
  </testcase> <!-- @BeforeMethod setUpTest -->
  <testcase classname="com.gomechanic.Tests.CheckoutWithAServicePlanFromAddMoreInScheduledServiceTest" name="@AfterMethod aftermethod" time="0.0">
    <failure type="java.lang.NullPointerException">
      <![CDATA[java.lang.NullPointerException
	at java.base/java.util.regex.Matcher.getTextLength(Matcher.java:1770)
	at java.base/java.util.regex.Matcher.reset(Matcher.java:416)
	at java.base/java.util.regex.Matcher.<init>(Matcher.java:253)
	at java.base/java.util.regex.Pattern.matcher(Pattern.java:1133)
	at com.relevantcodes.extentreports.utils.ExceptionUtil.getExceptionHeadline(ExceptionUtil.java:24)
	at com.relevantcodes.extentreports.Report.setCauseTest(Report.java:368)
	at com.relevantcodes.extentreports.Report.finalizeTest(Report.java:336)
	at com.relevantcodes.extentreports.ExtentReports.endTest(ExtentReports.java:622)
	at com.gomechanic.Tests.BaseTestSuite.aftermethod(BaseTestSuite.java:76)
... Removed 35 stack frames]]>
    </failure>
  </testcase> <!-- @AfterMethod aftermethod -->
  <testcase classname="com.gomechanic.Tests.CheckoutWithAServicePlanFromAddMoreInWheelCareServiceTest" name="@BeforeMethod setUpTest" time="0.0">
    <skipped/>
  </testcase> <!-- @BeforeMethod setUpTest -->
  <testcase classname="com.gomechanic.Tests.CheckoutWithAServicePlanFromAddMoreInWheelCareServiceTest" name="@AfterMethod aftermethod" time="0.0">
    <failure type="java.lang.NullPointerException">
      <![CDATA[java.lang.NullPointerException
	at java.base/java.util.regex.Matcher.getTextLength(Matcher.java:1770)
	at java.base/java.util.regex.Matcher.reset(Matcher.java:416)
	at java.base/java.util.regex.Matcher.<init>(Matcher.java:253)
	at java.base/java.util.regex.Pattern.matcher(Pattern.java:1133)
	at com.relevantcodes.extentreports.utils.ExceptionUtil.getExceptionHeadline(ExceptionUtil.java:24)
	at com.relevantcodes.extentreports.Report.setCauseTest(Report.java:368)
	at com.relevantcodes.extentreports.Report.finalizeTest(Report.java:336)
	at com.relevantcodes.extentreports.ExtentReports.endTest(ExtentReports.java:622)
	at com.gomechanic.Tests.BaseTestSuite.aftermethod(BaseTestSuite.java:76)
... Removed 35 stack frames]]>
    </failure>
  </testcase> <!-- @AfterMethod aftermethod -->
  <testcase classname="com.gomechanic.Tests.CheckoutWithAServicePlanFromAddMoreInWheelCareServiceTest" name="@BeforeMethod setUpTest" time="0.0">
    <skipped/>
  </testcase> <!-- @BeforeMethod setUpTest -->
  <testcase classname="com.gomechanic.Tests.CheckoutWithAServicePlanFromAddMoreInWheelCareServiceTest" name="@AfterMethod aftermethod" time="0.0">
    <failure type="java.lang.NullPointerException">
      <![CDATA[java.lang.NullPointerException
	at java.base/java.util.regex.Matcher.getTextLength(Matcher.java:1770)
	at java.base/java.util.regex.Matcher.reset(Matcher.java:416)
	at java.base/java.util.regex.Matcher.<init>(Matcher.java:253)
	at java.base/java.util.regex.Pattern.matcher(Pattern.java:1133)
	at com.relevantcodes.extentreports.utils.ExceptionUtil.getExceptionHeadline(ExceptionUtil.java:24)
	at com.relevantcodes.extentreports.Report.setCauseTest(Report.java:368)
	at com.relevantcodes.extentreports.Report.finalizeTest(Report.java:336)
	at com.relevantcodes.extentreports.ExtentReports.endTest(ExtentReports.java:622)
	at com.gomechanic.Tests.BaseTestSuite.aftermethod(BaseTestSuite.java:76)
... Removed 35 stack frames]]>
    </failure>
  </testcase> <!-- @AfterMethod aftermethod -->
  <testcase classname="com.gomechanic.Tests.CheckoutWithAServicePlanFromAddMoreInWheelCareServiceTest" name="@BeforeMethod setUpTest" time="0.0">
    <skipped/>
  </testcase> <!-- @BeforeMethod setUpTest -->
  <testcase classname="com.gomechanic.Tests.CheckoutWithAServicePlanFromAddMoreInWheelCareServiceTest" name="@AfterMethod aftermethod" time="0.0">
    <failure type="java.lang.NullPointerException">
      <![CDATA[java.lang.NullPointerException
	at java.base/java.util.regex.Matcher.getTextLength(Matcher.java:1770)
	at java.base/java.util.regex.Matcher.reset(Matcher.java:416)
	at java.base/java.util.regex.Matcher.<init>(Matcher.java:253)
	at java.base/java.util.regex.Pattern.matcher(Pattern.java:1133)
	at com.relevantcodes.extentreports.utils.ExceptionUtil.getExceptionHeadline(ExceptionUtil.java:24)
	at com.relevantcodes.extentreports.Report.setCauseTest(Report.java:368)
	at com.relevantcodes.extentreports.Report.finalizeTest(Report.java:336)
	at com.relevantcodes.extentreports.ExtentReports.endTest(ExtentReports.java:622)
	at com.gomechanic.Tests.BaseTestSuite.aftermethod(BaseTestSuite.java:76)
... Removed 35 stack frames]]>
    </failure>
  </testcase> <!-- @AfterMethod aftermethod -->
  <testcase classname="com.gomechanic.Tests.CheckoutWithBonnetDentingOrPaintingServiceTest" name="@BeforeMethod setUpTest" time="0.0">
    <skipped/>
  </testcase> <!-- @BeforeMethod setUpTest -->
  <testcase classname="com.gomechanic.Tests.CheckoutWithBonnetDentingOrPaintingServiceTest" name="@AfterMethod aftermethod" time="0.0">
    <failure type="java.lang.NullPointerException">
      <![CDATA[java.lang.NullPointerException
	at java.base/java.util.regex.Matcher.getTextLength(Matcher.java:1770)
	at java.base/java.util.regex.Matcher.reset(Matcher.java:416)
	at java.base/java.util.regex.Matcher.<init>(Matcher.java:253)
	at java.base/java.util.regex.Pattern.matcher(Pattern.java:1133)
	at com.relevantcodes.extentreports.utils.ExceptionUtil.getExceptionHeadline(ExceptionUtil.java:24)
	at com.relevantcodes.extentreports.Report.setCauseTest(Report.java:368)
	at com.relevantcodes.extentreports.Report.finalizeTest(Report.java:336)
	at com.relevantcodes.extentreports.ExtentReports.endTest(ExtentReports.java:622)
	at com.gomechanic.Tests.BaseTestSuite.aftermethod(BaseTestSuite.java:76)
... Removed 35 stack frames]]>
    </failure>
  </testcase> <!-- @AfterMethod aftermethod -->
  <testcase classname="com.gomechanic.Tests.CheckoutWithCeramicCoatingServicePlanFromCarCareSevicesSectionTest" name="@BeforeMethod setUpTest" time="0.0">
    <skipped/>
  </testcase> <!-- @BeforeMethod setUpTest -->
  <testcase classname="com.gomechanic.Tests.CheckoutWithCeramicCoatingServicePlanFromCarCareSevicesSectionTest" name="@AfterMethod aftermethod" time="0.0">
    <failure type="java.lang.NullPointerException">
      <![CDATA[java.lang.NullPointerException
	at java.base/java.util.regex.Matcher.getTextLength(Matcher.java:1770)
	at java.base/java.util.regex.Matcher.reset(Matcher.java:416)
	at java.base/java.util.regex.Matcher.<init>(Matcher.java:253)
	at java.base/java.util.regex.Pattern.matcher(Pattern.java:1133)
	at com.relevantcodes.extentreports.utils.ExceptionUtil.getExceptionHeadline(ExceptionUtil.java:24)
	at com.relevantcodes.extentreports.Report.setCauseTest(Report.java:368)
	at com.relevantcodes.extentreports.Report.finalizeTest(Report.java:336)
	at com.relevantcodes.extentreports.ExtentReports.endTest(ExtentReports.java:622)
	at com.gomechanic.Tests.BaseTestSuite.aftermethod(BaseTestSuite.java:76)
... Removed 35 stack frames]]>
    </failure>
  </testcase> <!-- @AfterMethod aftermethod -->
  <testcase classname="com.gomechanic.Tests.CheckoutWithFenderLDentingOrPaintingServiceTest" name="@BeforeMethod setUpTest" time="0.0">
    <skipped/>
  </testcase> <!-- @BeforeMethod setUpTest -->
  <testcase classname="com.gomechanic.Tests.CheckoutWithFenderLDentingOrPaintingServiceTest" name="@AfterMethod aftermethod" time="0.0">
    <failure type="java.lang.NullPointerException">
      <![CDATA[java.lang.NullPointerException
	at java.base/java.util.regex.Matcher.getTextLength(Matcher.java:1770)
	at java.base/java.util.regex.Matcher.reset(Matcher.java:416)
	at java.base/java.util.regex.Matcher.<init>(Matcher.java:253)
	at java.base/java.util.regex.Pattern.matcher(Pattern.java:1133)
	at com.relevantcodes.extentreports.utils.ExceptionUtil.getExceptionHeadline(ExceptionUtil.java:24)
	at com.relevantcodes.extentreports.Report.setCauseTest(Report.java:368)
	at com.relevantcodes.extentreports.Report.finalizeTest(Report.java:336)
	at com.relevantcodes.extentreports.ExtentReports.endTest(ExtentReports.java:622)
	at com.gomechanic.Tests.BaseTestSuite.aftermethod(BaseTestSuite.java:76)
... Removed 35 stack frames]]>
    </failure>
  </testcase> <!-- @AfterMethod aftermethod -->
  <testcase classname="com.gomechanic.Tests.CheckoutWithFenderRInDentingOrPaintingServicesTest" name="@BeforeMethod setUpTest" time="0.0">
    <skipped/>
  </testcase> <!-- @BeforeMethod setUpTest -->
  <testcase classname="com.gomechanic.Tests.CheckoutWithFenderRInDentingOrPaintingServicesTest" name="@AfterMethod aftermethod" time="0.0">
    <failure type="java.lang.NullPointerException">
      <![CDATA[java.lang.NullPointerException
	at java.base/java.util.regex.Matcher.getTextLength(Matcher.java:1770)
	at java.base/java.util.regex.Matcher.reset(Matcher.java:416)
	at java.base/java.util.regex.Matcher.<init>(Matcher.java:253)
	at java.base/java.util.regex.Pattern.matcher(Pattern.java:1133)
	at com.relevantcodes.extentreports.utils.ExceptionUtil.getExceptionHeadline(ExceptionUtil.java:24)
	at com.relevantcodes.extentreports.Report.setCauseTest(Report.java:368)
	at com.relevantcodes.extentreports.Report.finalizeTest(Report.java:336)
	at com.relevantcodes.extentreports.ExtentReports.endTest(ExtentReports.java:622)
	at com.gomechanic.Tests.BaseTestSuite.aftermethod(BaseTestSuite.java:76)
... Removed 35 stack frames]]>
    </failure>
  </testcase> <!-- @AfterMethod aftermethod -->
  <testcase classname="com.gomechanic.Tests.CheckoutWithFrontBumperInDentingOrPaintingServicesTest" name="@BeforeMethod setUpTest" time="0.0">
    <skipped/>
  </testcase> <!-- @BeforeMethod setUpTest -->
  <testcase classname="com.gomechanic.Tests.CheckoutWithFrontBumperInDentingOrPaintingServicesTest" name="@AfterMethod aftermethod" time="0.0">
    <failure type="java.lang.NullPointerException">
      <![CDATA[java.lang.NullPointerException
	at java.base/java.util.regex.Matcher.getTextLength(Matcher.java:1770)
	at java.base/java.util.regex.Matcher.reset(Matcher.java:416)
	at java.base/java.util.regex.Matcher.<init>(Matcher.java:253)
	at java.base/java.util.regex.Pattern.matcher(Pattern.java:1133)
	at com.relevantcodes.extentreports.utils.ExceptionUtil.getExceptionHeadline(ExceptionUtil.java:24)
	at com.relevantcodes.extentreports.Report.setCauseTest(Report.java:368)
	at com.relevantcodes.extentreports.Report.finalizeTest(Report.java:336)
	at com.relevantcodes.extentreports.ExtentReports.endTest(ExtentReports.java:622)
	at com.gomechanic.Tests.BaseTestSuite.aftermethod(BaseTestSuite.java:76)
... Removed 35 stack frames]]>
    </failure>
  </testcase> <!-- @AfterMethod aftermethod -->
  <testcase classname="com.gomechanic.Tests.CheckoutWithFrontDoorLDentingOrPaintingServiceTest" name="@BeforeMethod setUpTest" time="0.0">
    <skipped/>
  </testcase> <!-- @BeforeMethod setUpTest -->
  <testcase classname="com.gomechanic.Tests.CheckoutWithFrontDoorLDentingOrPaintingServiceTest" name="@AfterMethod aftermethod" time="0.0">
    <failure type="java.lang.NullPointerException">
      <![CDATA[java.lang.NullPointerException
	at java.base/java.util.regex.Matcher.getTextLength(Matcher.java:1770)
	at java.base/java.util.regex.Matcher.reset(Matcher.java:416)
	at java.base/java.util.regex.Matcher.<init>(Matcher.java:253)
	at java.base/java.util.regex.Pattern.matcher(Pattern.java:1133)
	at com.relevantcodes.extentreports.utils.ExceptionUtil.getExceptionHeadline(ExceptionUtil.java:24)
	at com.relevantcodes.extentreports.Report.setCauseTest(Report.java:368)
	at com.relevantcodes.extentreports.Report.finalizeTest(Report.java:336)
	at com.relevantcodes.extentreports.ExtentReports.endTest(ExtentReports.java:622)
	at com.gomechanic.Tests.BaseTestSuite.aftermethod(BaseTestSuite.java:76)
... Removed 35 stack frames]]>
    </failure>
  </testcase> <!-- @AfterMethod aftermethod -->
  <testcase classname="com.gomechanic.Tests.CheckoutWithFrontDoorRInDentingOrPaintingServicesTest" name="@BeforeMethod setUpTest" time="0.0">
    <skipped/>
  </testcase> <!-- @BeforeMethod setUpTest -->
  <testcase classname="com.gomechanic.Tests.CheckoutWithFrontDoorRInDentingOrPaintingServicesTest" name="@AfterMethod aftermethod" time="0.0">
    <failure type="java.lang.NullPointerException">
      <![CDATA[java.lang.NullPointerException
	at java.base/java.util.regex.Matcher.getTextLength(Matcher.java:1770)
	at java.base/java.util.regex.Matcher.reset(Matcher.java:416)
	at java.base/java.util.regex.Matcher.<init>(Matcher.java:253)
	at java.base/java.util.regex.Pattern.matcher(Pattern.java:1133)
	at com.relevantcodes.extentreports.utils.ExceptionUtil.getExceptionHeadline(ExceptionUtil.java:24)
	at com.relevantcodes.extentreports.Report.setCauseTest(Report.java:368)
	at com.relevantcodes.extentreports.Report.finalizeTest(Report.java:336)
	at com.relevantcodes.extentreports.ExtentReports.endTest(ExtentReports.java:622)
	at com.gomechanic.Tests.BaseTestSuite.aftermethod(BaseTestSuite.java:76)
... Removed 35 stack frames]]>
    </failure>
  </testcase> <!-- @AfterMethod aftermethod -->
  <testcase classname="com.gomechanic.Tests.CheckoutWithFullBodyDentingOrPaintingServiceTest" name="@BeforeMethod setUpTest" time="0.0">
    <skipped/>
  </testcase> <!-- @BeforeMethod setUpTest -->
  <testcase classname="com.gomechanic.Tests.CheckoutWithFullBodyDentingOrPaintingServiceTest" name="@AfterMethod aftermethod" time="0.0">
    <failure type="java.lang.NullPointerException">
      <![CDATA[java.lang.NullPointerException
	at java.base/java.util.regex.Matcher.getTextLength(Matcher.java:1770)
	at java.base/java.util.regex.Matcher.reset(Matcher.java:416)
	at java.base/java.util.regex.Matcher.<init>(Matcher.java:253)
	at java.base/java.util.regex.Pattern.matcher(Pattern.java:1133)
	at com.relevantcodes.extentreports.utils.ExceptionUtil.getExceptionHeadline(ExceptionUtil.java:24)
	at com.relevantcodes.extentreports.Report.setCauseTest(Report.java:368)
	at com.relevantcodes.extentreports.Report.finalizeTest(Report.java:336)
	at com.relevantcodes.extentreports.ExtentReports.endTest(ExtentReports.java:622)
	at com.gomechanic.Tests.BaseTestSuite.aftermethod(BaseTestSuite.java:76)
... Removed 35 stack frames]]>
    </failure>
  </testcase> <!-- @AfterMethod aftermethod -->
  <testcase classname="com.gomechanic.Tests.CheckoutWithMultipleServicePlansFromMultipleServiceSectionsTest" name="@BeforeMethod setUpTest" time="0.0">
    <skipped/>
  </testcase> <!-- @BeforeMethod setUpTest -->
  <testcase classname="com.gomechanic.Tests.CheckoutWithMultipleServicePlansFromMultipleServiceSectionsTest" name="@AfterMethod aftermethod" time="0.0">
    <failure type="java.lang.NullPointerException">
      <![CDATA[java.lang.NullPointerException
	at java.base/java.util.regex.Matcher.getTextLength(Matcher.java:1770)
	at java.base/java.util.regex.Matcher.reset(Matcher.java:416)
	at java.base/java.util.regex.Matcher.<init>(Matcher.java:253)
	at java.base/java.util.regex.Pattern.matcher(Pattern.java:1133)
	at com.relevantcodes.extentreports.utils.ExceptionUtil.getExceptionHeadline(ExceptionUtil.java:24)
	at com.relevantcodes.extentreports.Report.setCauseTest(Report.java:368)
	at com.relevantcodes.extentreports.Report.finalizeTest(Report.java:336)
	at com.relevantcodes.extentreports.ExtentReports.endTest(ExtentReports.java:622)
	at com.gomechanic.Tests.BaseTestSuite.aftermethod(BaseTestSuite.java:76)
... Removed 35 stack frames]]>
    </failure>
  </testcase> <!-- @AfterMethod aftermethod -->
  <testcase classname="com.gomechanic.Tests.CheckoutWithQuarterPanelLInDentingOrPaintingServicesTest" name="@BeforeMethod setUpTest" time="0.0">
    <skipped/>
  </testcase> <!-- @BeforeMethod setUpTest -->
  <testcase classname="com.gomechanic.Tests.CheckoutWithQuarterPanelLInDentingOrPaintingServicesTest" name="@AfterMethod aftermethod" time="0.0">
    <failure type="java.lang.NullPointerException">
      <![CDATA[java.lang.NullPointerException
	at java.base/java.util.regex.Matcher.getTextLength(Matcher.java:1770)
	at java.base/java.util.regex.Matcher.reset(Matcher.java:416)
	at java.base/java.util.regex.Matcher.<init>(Matcher.java:253)
	at java.base/java.util.regex.Pattern.matcher(Pattern.java:1133)
	at com.relevantcodes.extentreports.utils.ExceptionUtil.getExceptionHeadline(ExceptionUtil.java:24)
	at com.relevantcodes.extentreports.Report.setCauseTest(Report.java:368)
	at com.relevantcodes.extentreports.Report.finalizeTest(Report.java:336)
	at com.relevantcodes.extentreports.ExtentReports.endTest(ExtentReports.java:622)
	at com.gomechanic.Tests.BaseTestSuite.aftermethod(BaseTestSuite.java:76)
... Removed 35 stack frames]]>
    </failure>
  </testcase> <!-- @AfterMethod aftermethod -->
  <testcase classname="com.gomechanic.Tests.CheckoutWithQuarterPanelRDentingOrPaintingServiceTest" name="@BeforeMethod setUpTest" time="0.0">
    <skipped/>
  </testcase> <!-- @BeforeMethod setUpTest -->
  <testcase classname="com.gomechanic.Tests.CheckoutWithQuarterPanelRDentingOrPaintingServiceTest" name="@AfterMethod aftermethod" time="0.0">
    <failure type="java.lang.NullPointerException">
      <![CDATA[java.lang.NullPointerException
	at java.base/java.util.regex.Matcher.getTextLength(Matcher.java:1770)
	at java.base/java.util.regex.Matcher.reset(Matcher.java:416)
	at java.base/java.util.regex.Matcher.<init>(Matcher.java:253)
	at java.base/java.util.regex.Pattern.matcher(Pattern.java:1133)
	at com.relevantcodes.extentreports.utils.ExceptionUtil.getExceptionHeadline(ExceptionUtil.java:24)
	at com.relevantcodes.extentreports.Report.setCauseTest(Report.java:368)
	at com.relevantcodes.extentreports.Report.finalizeTest(Report.java:336)
	at com.relevantcodes.extentreports.ExtentReports.endTest(ExtentReports.java:622)
	at com.gomechanic.Tests.BaseTestSuite.aftermethod(BaseTestSuite.java:76)
... Removed 35 stack frames]]>
    </failure>
  </testcase> <!-- @AfterMethod aftermethod -->
  <testcase classname="com.gomechanic.Tests.CheckoutWithRearBumperDentingOrPaintingServiceTest" name="@BeforeMethod setUpTest" time="0.0">
    <skipped/>
  </testcase> <!-- @BeforeMethod setUpTest -->
  <testcase classname="com.gomechanic.Tests.CheckoutWithRearBumperDentingOrPaintingServiceTest" name="@AfterMethod aftermethod" time="0.0">
    <failure type="java.lang.NullPointerException">
      <![CDATA[java.lang.NullPointerException
	at java.base/java.util.regex.Matcher.getTextLength(Matcher.java:1770)
	at java.base/java.util.regex.Matcher.reset(Matcher.java:416)
	at java.base/java.util.regex.Matcher.<init>(Matcher.java:253)
	at java.base/java.util.regex.Pattern.matcher(Pattern.java:1133)
	at com.relevantcodes.extentreports.utils.ExceptionUtil.getExceptionHeadline(ExceptionUtil.java:24)
	at com.relevantcodes.extentreports.Report.setCauseTest(Report.java:368)
	at com.relevantcodes.extentreports.Report.finalizeTest(Report.java:336)
	at com.relevantcodes.extentreports.ExtentReports.endTest(ExtentReports.java:622)
	at com.gomechanic.Tests.BaseTestSuite.aftermethod(BaseTestSuite.java:76)
... Removed 35 stack frames]]>
    </failure>
  </testcase> <!-- @AfterMethod aftermethod -->
  <testcase classname="com.gomechanic.Tests.CheckoutWithRearDoorLInDentingOrPaintingServicesTest" name="@BeforeMethod setUpTest" time="0.0">
    <skipped/>
  </testcase> <!-- @BeforeMethod setUpTest -->
  <testcase classname="com.gomechanic.Tests.CheckoutWithRearDoorLInDentingOrPaintingServicesTest" name="@AfterMethod aftermethod" time="0.0">
    <failure type="java.lang.NullPointerException">
      <![CDATA[java.lang.NullPointerException
	at java.base/java.util.regex.Matcher.getTextLength(Matcher.java:1770)
	at java.base/java.util.regex.Matcher.reset(Matcher.java:416)
	at java.base/java.util.regex.Matcher.<init>(Matcher.java:253)
	at java.base/java.util.regex.Pattern.matcher(Pattern.java:1133)
	at com.relevantcodes.extentreports.utils.ExceptionUtil.getExceptionHeadline(ExceptionUtil.java:24)
	at com.relevantcodes.extentreports.Report.setCauseTest(Report.java:368)
	at com.relevantcodes.extentreports.Report.finalizeTest(Report.java:336)
	at com.relevantcodes.extentreports.ExtentReports.endTest(ExtentReports.java:622)
	at com.gomechanic.Tests.BaseTestSuite.aftermethod(BaseTestSuite.java:76)
... Removed 35 stack frames]]>
    </failure>
  </testcase> <!-- @AfterMethod aftermethod -->
  <testcase classname="com.gomechanic.Tests.CheckoutWithRearDoorRDentingOrPaintingServiceTest" name="@BeforeMethod setUpTest" time="0.0">
    <skipped/>
  </testcase> <!-- @BeforeMethod setUpTest -->
  <testcase classname="com.gomechanic.Tests.CheckoutWithRearDoorRDentingOrPaintingServiceTest" name="@AfterMethod aftermethod" time="0.0">
    <failure type="java.lang.NullPointerException">
      <![CDATA[java.lang.NullPointerException
	at java.base/java.util.regex.Matcher.getTextLength(Matcher.java:1770)
	at java.base/java.util.regex.Matcher.reset(Matcher.java:416)
	at java.base/java.util.regex.Matcher.<init>(Matcher.java:253)
	at java.base/java.util.regex.Pattern.matcher(Pattern.java:1133)
	at com.relevantcodes.extentreports.utils.ExceptionUtil.getExceptionHeadline(ExceptionUtil.java:24)
	at com.relevantcodes.extentreports.Report.setCauseTest(Report.java:368)
	at com.relevantcodes.extentreports.Report.finalizeTest(Report.java:336)
	at com.relevantcodes.extentreports.ExtentReports.endTest(ExtentReports.java:622)
	at com.gomechanic.Tests.BaseTestSuite.aftermethod(BaseTestSuite.java:76)
... Removed 35 stack frames]]>
    </failure>
  </testcase> <!-- @AfterMethod aftermethod -->
  <testcase classname="com.gomechanic.Tests.CheckoutWithRunningBoardLInDentingOrPaintingServicesTest" name="@BeforeMethod setUpTest" time="0.0">
    <skipped/>
  </testcase> <!-- @BeforeMethod setUpTest -->
  <testcase classname="com.gomechanic.Tests.CheckoutWithRunningBoardLInDentingOrPaintingServicesTest" name="@AfterMethod aftermethod" time="0.0">
    <failure type="java.lang.NullPointerException">
      <![CDATA[java.lang.NullPointerException
	at java.base/java.util.regex.Matcher.getTextLength(Matcher.java:1770)
	at java.base/java.util.regex.Matcher.reset(Matcher.java:416)
	at java.base/java.util.regex.Matcher.<init>(Matcher.java:253)
	at java.base/java.util.regex.Pattern.matcher(Pattern.java:1133)
	at com.relevantcodes.extentreports.utils.ExceptionUtil.getExceptionHeadline(ExceptionUtil.java:24)
	at com.relevantcodes.extentreports.Report.setCauseTest(Report.java:368)
	at com.relevantcodes.extentreports.Report.finalizeTest(Report.java:336)
	at com.relevantcodes.extentreports.ExtentReports.endTest(ExtentReports.java:622)
	at com.gomechanic.Tests.BaseTestSuite.aftermethod(BaseTestSuite.java:76)
... Removed 35 stack frames]]>
    </failure>
  </testcase> <!-- @AfterMethod aftermethod -->
  <testcase classname="com.gomechanic.Tests.CheckoutWithRunningBoardRDentingOrPaintingServiceTest" name="@BeforeMethod setUpTest" time="0.0">
    <skipped/>
  </testcase> <!-- @BeforeMethod setUpTest -->
  <testcase classname="com.gomechanic.Tests.CheckoutWithRunningBoardRDentingOrPaintingServiceTest" name="@AfterMethod aftermethod" time="0.0">
    <failure type="java.lang.NullPointerException">
      <![CDATA[java.lang.NullPointerException
	at java.base/java.util.regex.Matcher.getTextLength(Matcher.java:1770)
	at java.base/java.util.regex.Matcher.reset(Matcher.java:416)
	at java.base/java.util.regex.Matcher.<init>(Matcher.java:253)
	at java.base/java.util.regex.Pattern.matcher(Pattern.java:1133)
	at com.relevantcodes.extentreports.utils.ExceptionUtil.getExceptionHeadline(ExceptionUtil.java:24)
	at com.relevantcodes.extentreports.Report.setCauseTest(Report.java:368)
	at com.relevantcodes.extentreports.Report.finalizeTest(Report.java:336)
	at com.relevantcodes.extentreports.ExtentReports.endTest(ExtentReports.java:622)
	at com.gomechanic.Tests.BaseTestSuite.aftermethod(BaseTestSuite.java:76)
... Removed 35 stack frames]]>
    </failure>
  </testcase> <!-- @AfterMethod aftermethod -->
  <testcase classname="com.gomechanic.Tests.CheckoutWithTrunkServiceDentingOrPaintingServiceTest" name="@BeforeMethod setUpTest" time="0.0">
    <skipped/>
  </testcase> <!-- @BeforeMethod setUpTest -->
  <testcase classname="com.gomechanic.Tests.CheckoutWithTrunkServiceDentingOrPaintingServiceTest" name="@AfterMethod aftermethod" time="0.0">
    <failure type="java.lang.NullPointerException">
      <![CDATA[java.lang.NullPointerException
	at java.base/java.util.regex.Matcher.getTextLength(Matcher.java:1770)
	at java.base/java.util.regex.Matcher.reset(Matcher.java:416)
	at java.base/java.util.regex.Matcher.<init>(Matcher.java:253)
	at java.base/java.util.regex.Pattern.matcher(Pattern.java:1133)
	at com.relevantcodes.extentreports.utils.ExceptionUtil.getExceptionHeadline(ExceptionUtil.java:24)
	at com.relevantcodes.extentreports.Report.setCauseTest(Report.java:368)
	at com.relevantcodes.extentreports.Report.finalizeTest(Report.java:336)
	at com.relevantcodes.extentreports.ExtentReports.endTest(ExtentReports.java:622)
	at com.gomechanic.Tests.BaseTestSuite.aftermethod(BaseTestSuite.java:76)
... Removed 35 stack frames]]>
    </failure>
  </testcase> <!-- @AfterMethod aftermethod -->
  <testcase classname="com.gomechanic.Tests.CheckoutWithWheelAlignmentServicePlanFromWheelCareServicesTest" name="@BeforeMethod setUpTest" time="0.0">
    <skipped/>
  </testcase> <!-- @BeforeMethod setUpTest -->
  <testcase classname="com.gomechanic.Tests.CheckoutWithWheelAlignmentServicePlanFromWheelCareServicesTest" name="@AfterMethod aftermethod" time="0.0">
    <failure type="java.lang.NullPointerException">
      <![CDATA[java.lang.NullPointerException
	at java.base/java.util.regex.Matcher.getTextLength(Matcher.java:1770)
	at java.base/java.util.regex.Matcher.reset(Matcher.java:416)
	at java.base/java.util.regex.Matcher.<init>(Matcher.java:253)
	at java.base/java.util.regex.Pattern.matcher(Pattern.java:1133)
	at com.relevantcodes.extentreports.utils.ExceptionUtil.getExceptionHeadline(ExceptionUtil.java:24)
	at com.relevantcodes.extentreports.Report.setCauseTest(Report.java:368)
	at com.relevantcodes.extentreports.Report.finalizeTest(Report.java:336)
	at com.relevantcodes.extentreports.ExtentReports.endTest(ExtentReports.java:622)
	at com.gomechanic.Tests.BaseTestSuite.aftermethod(BaseTestSuite.java:76)
... Removed 35 stack frames]]>
    </failure>
  </testcase> <!-- @AfterMethod aftermethod -->
  <testcase classname="com.gomechanic.Tests.CheckoutWithWheelBalancingServicePlanFromWheelCareServicesTest" name="@BeforeMethod setUpTest" time="0.0">
    <skipped/>
  </testcase> <!-- @BeforeMethod setUpTest -->
  <testcase classname="com.gomechanic.Tests.CheckoutWithWheelBalancingServicePlanFromWheelCareServicesTest" name="@AfterMethod aftermethod" time="0.0">
    <failure type="java.lang.NullPointerException">
      <![CDATA[java.lang.NullPointerException
	at java.base/java.util.regex.Matcher.getTextLength(Matcher.java:1770)
	at java.base/java.util.regex.Matcher.reset(Matcher.java:416)
	at java.base/java.util.regex.Matcher.<init>(Matcher.java:253)
	at java.base/java.util.regex.Pattern.matcher(Pattern.java:1133)
	at com.relevantcodes.extentreports.utils.ExceptionUtil.getExceptionHeadline(ExceptionUtil.java:24)
	at com.relevantcodes.extentreports.Report.setCauseTest(Report.java:368)
	at com.relevantcodes.extentreports.Report.finalizeTest(Report.java:336)
	at com.relevantcodes.extentreports.ExtentReports.endTest(ExtentReports.java:622)
	at com.gomechanic.Tests.BaseTestSuite.aftermethod(BaseTestSuite.java:76)
... Removed 35 stack frames]]>
    </failure>
  </testcase> <!-- @AfterMethod aftermethod -->
  <testcase classname="com.gomechanic.Tests.CheckoutWithWheelCareServicesCarWashPlanFromAddMoreServicesTest" name="@BeforeMethod setUpTest" time="0.0">
    <skipped/>
  </testcase> <!-- @BeforeMethod setUpTest -->
  <testcase classname="com.gomechanic.Tests.CheckoutWithWheelCareServicesCarWashPlanFromAddMoreServicesTest" name="@AfterMethod aftermethod" time="0.0">
    <failure type="java.lang.NullPointerException">
      <![CDATA[java.lang.NullPointerException
	at java.base/java.util.regex.Matcher.getTextLength(Matcher.java:1770)
	at java.base/java.util.regex.Matcher.reset(Matcher.java:416)
	at java.base/java.util.regex.Matcher.<init>(Matcher.java:253)
	at java.base/java.util.regex.Pattern.matcher(Pattern.java:1133)
	at com.relevantcodes.extentreports.utils.ExceptionUtil.getExceptionHeadline(ExceptionUtil.java:24)
	at com.relevantcodes.extentreports.Report.setCauseTest(Report.java:368)
	at com.relevantcodes.extentreports.Report.finalizeTest(Report.java:336)
	at com.relevantcodes.extentreports.ExtentReports.endTest(ExtentReports.java:622)
	at com.gomechanic.Tests.BaseTestSuite.aftermethod(BaseTestSuite.java:76)
... Removed 35 stack frames]]>
    </failure>
  </testcase> <!-- @AfterMethod aftermethod -->
  <testcase classname="com.gomechanic.Tests.GetOnboardWithValidUserDetailsOnPartnersPageTest" name="@BeforeMethod setUpTest" time="0.0">
    <skipped/>
  </testcase> <!-- @BeforeMethod setUpTest -->
  <testcase classname="com.gomechanic.Tests.GetOnboardWithValidUserDetailsOnPartnersPageTest" name="@AfterMethod aftermethod" time="0.0">
    <failure type="java.lang.NullPointerException">
      <![CDATA[java.lang.NullPointerException
	at java.base/java.util.regex.Matcher.getTextLength(Matcher.java:1770)
	at java.base/java.util.regex.Matcher.reset(Matcher.java:416)
	at java.base/java.util.regex.Matcher.<init>(Matcher.java:253)
	at java.base/java.util.regex.Pattern.matcher(Pattern.java:1133)
	at com.relevantcodes.extentreports.utils.ExceptionUtil.getExceptionHeadline(ExceptionUtil.java:24)
	at com.relevantcodes.extentreports.Report.setCauseTest(Report.java:368)
	at com.relevantcodes.extentreports.Report.finalizeTest(Report.java:336)
	at com.relevantcodes.extentreports.ExtentReports.endTest(ExtentReports.java:622)
	at com.gomechanic.Tests.BaseTestSuite.aftermethod(BaseTestSuite.java:76)
... Removed 35 stack frames]]>
    </failure>
  </testcase> <!-- @AfterMethod aftermethod -->
  <testcase classname="com.gomechanic.Tests.GetQuoteForCarInsuranceTest" name="@BeforeMethod setUpTest" time="0.0">
    <skipped/>
  </testcase> <!-- @BeforeMethod setUpTest -->
  <testcase classname="com.gomechanic.Tests.GetQuoteForCarInsuranceTest" name="@AfterMethod aftermethod" time="0.0">
    <failure type="java.lang.NullPointerException">
      <![CDATA[java.lang.NullPointerException
	at java.base/java.util.regex.Matcher.getTextLength(Matcher.java:1770)
	at java.base/java.util.regex.Matcher.reset(Matcher.java:416)
	at java.base/java.util.regex.Matcher.<init>(Matcher.java:253)
	at java.base/java.util.regex.Pattern.matcher(Pattern.java:1133)
	at com.relevantcodes.extentreports.utils.ExceptionUtil.getExceptionHeadline(ExceptionUtil.java:24)
	at com.relevantcodes.extentreports.Report.setCauseTest(Report.java:368)
	at com.relevantcodes.extentreports.Report.finalizeTest(Report.java:336)
	at com.relevantcodes.extentreports.ExtentReports.endTest(ExtentReports.java:622)
	at com.gomechanic.Tests.BaseTestSuite.aftermethod(BaseTestSuite.java:76)
... Removed 35 stack frames]]>
    </failure>
  </testcase> <!-- @AfterMethod aftermethod -->
  <testcase classname="com.gomechanic.Tests.GiveRequirementsWithMobileNumberOnCarEnquiryPageTest" name="@BeforeMethod setUpTest" time="0.0">
    <skipped/>
  </testcase> <!-- @BeforeMethod setUpTest -->
  <testcase classname="com.gomechanic.Tests.GiveRequirementsWithMobileNumberOnCarEnquiryPageTest" name="@AfterMethod aftermethod" time="0.0">
    <failure type="java.lang.NullPointerException">
      <![CDATA[java.lang.NullPointerException
	at java.base/java.util.regex.Matcher.getTextLength(Matcher.java:1770)
	at java.base/java.util.regex.Matcher.reset(Matcher.java:416)
	at java.base/java.util.regex.Matcher.<init>(Matcher.java:253)
	at java.base/java.util.regex.Pattern.matcher(Pattern.java:1133)
	at com.relevantcodes.extentreports.utils.ExceptionUtil.getExceptionHeadline(ExceptionUtil.java:24)
	at com.relevantcodes.extentreports.Report.setCauseTest(Report.java:368)
	at com.relevantcodes.extentreports.Report.finalizeTest(Report.java:336)
	at com.relevantcodes.extentreports.ExtentReports.endTest(ExtentReports.java:622)
	at com.gomechanic.Tests.BaseTestSuite.aftermethod(BaseTestSuite.java:76)
... Removed 35 stack frames]]>
    </failure>
  </testcase> <!-- @AfterMethod aftermethod -->
  <testcase classname="com.gomechanic.Tests.LoginWithValidUserCredentialsTest" name="@BeforeMethod setUpTest" time="0.0">
    <skipped/>
  </testcase> <!-- @BeforeMethod setUpTest -->
  <testcase classname="com.gomechanic.Tests.LoginWithValidUserCredentialsTest" name="@AfterMethod aftermethod" time="0.0">
    <failure type="java.lang.NullPointerException">
      <![CDATA[java.lang.NullPointerException
	at java.base/java.util.regex.Matcher.getTextLength(Matcher.java:1770)
	at java.base/java.util.regex.Matcher.reset(Matcher.java:416)
	at java.base/java.util.regex.Matcher.<init>(Matcher.java:253)
	at java.base/java.util.regex.Pattern.matcher(Pattern.java:1133)
	at com.relevantcodes.extentreports.utils.ExceptionUtil.getExceptionHeadline(ExceptionUtil.java:24)
	at com.relevantcodes.extentreports.Report.setCauseTest(Report.java:368)
	at com.relevantcodes.extentreports.Report.finalizeTest(Report.java:336)
	at com.relevantcodes.extentreports.ExtentReports.endTest(ExtentReports.java:622)
	at com.gomechanic.Tests.BaseTestSuite.aftermethod(BaseTestSuite.java:76)
... Removed 35 stack frames]]>
    </failure>
  </testcase> <!-- @AfterMethod aftermethod -->
  <testcase classname="com.gomechanic.Tests.NavigateToCarCareServicesSectionFromHomePageServicesSectionTest" name="@BeforeMethod setUpTest" time="0.0">
    <skipped/>
  </testcase> <!-- @BeforeMethod setUpTest -->
  <testcase classname="com.gomechanic.Tests.NavigateToCarCareServicesSectionFromHomePageServicesSectionTest" name="@AfterMethod aftermethod" time="0.0">
    <failure type="java.lang.NullPointerException">
      <![CDATA[java.lang.NullPointerException
	at java.base/java.util.regex.Matcher.getTextLength(Matcher.java:1770)
	at java.base/java.util.regex.Matcher.reset(Matcher.java:416)
	at java.base/java.util.regex.Matcher.<init>(Matcher.java:253)
	at java.base/java.util.regex.Pattern.matcher(Pattern.java:1133)
	at com.relevantcodes.extentreports.utils.ExceptionUtil.getExceptionHeadline(ExceptionUtil.java:24)
	at com.relevantcodes.extentreports.Report.setCauseTest(Report.java:368)
	at com.relevantcodes.extentreports.Report.finalizeTest(Report.java:336)
	at com.relevantcodes.extentreports.ExtentReports.endTest(ExtentReports.java:622)
	at com.gomechanic.Tests.BaseTestSuite.aftermethod(BaseTestSuite.java:76)
... Removed 35 stack frames]]>
    </failure>
  </testcase> <!-- @AfterMethod aftermethod -->
  <testcase classname="com.gomechanic.Tests.NavigateToCheckoutPageFromCartTest" name="@BeforeMethod setUpTest" time="0.0">
    <skipped/>
  </testcase> <!-- @BeforeMethod setUpTest -->
  <testcase classname="com.gomechanic.Tests.NavigateToCheckoutPageFromCartTest" name="@AfterMethod aftermethod" time="0.0">
    <failure type="java.lang.NullPointerException">
      <![CDATA[java.lang.NullPointerException
	at java.base/java.util.regex.Matcher.getTextLength(Matcher.java:1770)
	at java.base/java.util.regex.Matcher.reset(Matcher.java:416)
	at java.base/java.util.regex.Matcher.<init>(Matcher.java:253)
	at java.base/java.util.regex.Pattern.matcher(Pattern.java:1133)
	at com.relevantcodes.extentreports.utils.ExceptionUtil.getExceptionHeadline(ExceptionUtil.java:24)
	at com.relevantcodes.extentreports.Report.setCauseTest(Report.java:368)
	at com.relevantcodes.extentreports.Report.finalizeTest(Report.java:336)
	at com.relevantcodes.extentreports.ExtentReports.endTest(ExtentReports.java:622)
	at com.gomechanic.Tests.BaseTestSuite.aftermethod(BaseTestSuite.java:76)
... Removed 35 stack frames]]>
    </failure>
  </testcase> <!-- @AfterMethod aftermethod -->
  <testcase classname="com.gomechanic.Tests.NavigateToConfirmOrderPageTest" name="@BeforeMethod setUpTest" time="0.0">
    <skipped/>
  </testcase> <!-- @BeforeMethod setUpTest -->
  <testcase classname="com.gomechanic.Tests.NavigateToConfirmOrderPageTest" name="@AfterMethod aftermethod" time="0.0">
    <failure type="java.lang.NullPointerException">
      <![CDATA[java.lang.NullPointerException
	at java.base/java.util.regex.Matcher.getTextLength(Matcher.java:1770)
	at java.base/java.util.regex.Matcher.reset(Matcher.java:416)
	at java.base/java.util.regex.Matcher.<init>(Matcher.java:253)
	at java.base/java.util.regex.Pattern.matcher(Pattern.java:1133)
	at com.relevantcodes.extentreports.utils.ExceptionUtil.getExceptionHeadline(ExceptionUtil.java:24)
	at com.relevantcodes.extentreports.Report.setCauseTest(Report.java:368)
	at com.relevantcodes.extentreports.Report.finalizeTest(Report.java:336)
	at com.relevantcodes.extentreports.ExtentReports.endTest(ExtentReports.java:622)
	at com.gomechanic.Tests.BaseTestSuite.aftermethod(BaseTestSuite.java:76)
... Removed 35 stack frames]]>
    </failure>
  </testcase> <!-- @AfterMethod aftermethod -->
  <testcase classname="com.gomechanic.Tests.NavigateToDentingOrPaintingServicesSectionFromHomePageServicesSectionTest" name="@BeforeMethod setUpTest" time="0.0">
    <skipped/>
  </testcase> <!-- @BeforeMethod setUpTest -->
  <testcase classname="com.gomechanic.Tests.NavigateToDentingOrPaintingServicesSectionFromHomePageServicesSectionTest" name="@AfterMethod aftermethod" time="0.0">
    <failure type="java.lang.NullPointerException">
      <![CDATA[java.lang.NullPointerException
	at java.base/java.util.regex.Matcher.getTextLength(Matcher.java:1770)
	at java.base/java.util.regex.Matcher.reset(Matcher.java:416)
	at java.base/java.util.regex.Matcher.<init>(Matcher.java:253)
	at java.base/java.util.regex.Pattern.matcher(Pattern.java:1133)
	at com.relevantcodes.extentreports.utils.ExceptionUtil.getExceptionHeadline(ExceptionUtil.java:24)
	at com.relevantcodes.extentreports.Report.setCauseTest(Report.java:368)
	at com.relevantcodes.extentreports.Report.finalizeTest(Report.java:336)
	at com.relevantcodes.extentreports.ExtentReports.endTest(ExtentReports.java:622)
	at com.gomechanic.Tests.BaseTestSuite.aftermethod(BaseTestSuite.java:76)
... Removed 35 stack frames]]>
    </failure>
  </testcase> <!-- @AfterMethod aftermethod -->
  <testcase classname="com.gomechanic.Tests.NavigateToFrequentlyAskedQuestionsPageFromSeeMoreLinkTest" name="@BeforeMethod setUpTest" time="0.0">
    <skipped/>
  </testcase> <!-- @BeforeMethod setUpTest -->
  <testcase classname="com.gomechanic.Tests.NavigateToFrequentlyAskedQuestionsPageFromSeeMoreLinkTest" name="@AfterMethod aftermethod" time="0.0">
    <failure type="java.lang.NullPointerException">
      <![CDATA[java.lang.NullPointerException
	at java.base/java.util.regex.Matcher.getTextLength(Matcher.java:1770)
	at java.base/java.util.regex.Matcher.reset(Matcher.java:416)
	at java.base/java.util.regex.Matcher.<init>(Matcher.java:253)
	at java.base/java.util.regex.Pattern.matcher(Pattern.java:1133)
	at com.relevantcodes.extentreports.utils.ExceptionUtil.getExceptionHeadline(ExceptionUtil.java:24)
	at com.relevantcodes.extentreports.Report.setCauseTest(Report.java:368)
	at com.relevantcodes.extentreports.Report.finalizeTest(Report.java:336)
	at com.relevantcodes.extentreports.ExtentReports.endTest(ExtentReports.java:622)
	at com.gomechanic.Tests.BaseTestSuite.aftermethod(BaseTestSuite.java:76)
... Removed 35 stack frames]]>
    </failure>
  </testcase> <!-- @AfterMethod aftermethod -->
  <testcase classname="com.gomechanic.Tests.NavigateToScheduledServicesSectionFromHomePageServicesSectionTest" name="@BeforeMethod setUpTest" time="0.0">
    <skipped/>
  </testcase> <!-- @BeforeMethod setUpTest -->
  <testcase classname="com.gomechanic.Tests.NavigateToScheduledServicesSectionFromHomePageServicesSectionTest" name="@AfterMethod aftermethod" time="0.0">
    <failure type="java.lang.NullPointerException">
      <![CDATA[java.lang.NullPointerException
	at java.base/java.util.regex.Matcher.getTextLength(Matcher.java:1770)
	at java.base/java.util.regex.Matcher.reset(Matcher.java:416)
	at java.base/java.util.regex.Matcher.<init>(Matcher.java:253)
	at java.base/java.util.regex.Pattern.matcher(Pattern.java:1133)
	at com.relevantcodes.extentreports.utils.ExceptionUtil.getExceptionHeadline(ExceptionUtil.java:24)
	at com.relevantcodes.extentreports.Report.setCauseTest(Report.java:368)
	at com.relevantcodes.extentreports.Report.finalizeTest(Report.java:336)
	at com.relevantcodes.extentreports.ExtentReports.endTest(ExtentReports.java:622)
	at com.gomechanic.Tests.BaseTestSuite.aftermethod(BaseTestSuite.java:76)
... Removed 35 stack frames]]>
    </failure>
  </testcase> <!-- @AfterMethod aftermethod -->
  <testcase classname="com.gomechanic.Tests.NavigateToServicesPageUsingCheckPriceFormTest" name="@BeforeMethod setUpTest" time="0.0">
    <skipped/>
  </testcase> <!-- @BeforeMethod setUpTest -->
  <testcase classname="com.gomechanic.Tests.NavigateToServicesPageUsingCheckPriceFormTest" name="@AfterMethod aftermethod" time="0.0">
    <failure type="java.lang.NullPointerException">
      <![CDATA[java.lang.NullPointerException
	at java.base/java.util.regex.Matcher.getTextLength(Matcher.java:1770)
	at java.base/java.util.regex.Matcher.reset(Matcher.java:416)
	at java.base/java.util.regex.Matcher.<init>(Matcher.java:253)
	at java.base/java.util.regex.Pattern.matcher(Pattern.java:1133)
	at com.relevantcodes.extentreports.utils.ExceptionUtil.getExceptionHeadline(ExceptionUtil.java:24)
	at com.relevantcodes.extentreports.Report.setCauseTest(Report.java:368)
	at com.relevantcodes.extentreports.Report.finalizeTest(Report.java:336)
	at com.relevantcodes.extentreports.ExtentReports.endTest(ExtentReports.java:622)
	at com.gomechanic.Tests.BaseTestSuite.aftermethod(BaseTestSuite.java:76)
... Removed 35 stack frames]]>
    </failure>
  </testcase> <!-- @AfterMethod aftermethod -->
  <testcase classname="com.gomechanic.Tests.NavigateToServicesPageUsingCheckPriceFormTest" name="@BeforeMethod setUpTest" time="0.0">
    <skipped/>
  </testcase> <!-- @BeforeMethod setUpTest -->
  <testcase classname="com.gomechanic.Tests.NavigateToServicesPageUsingCheckPriceFormTest" name="@AfterMethod aftermethod" time="0.0">
    <failure type="java.lang.NullPointerException">
      <![CDATA[java.lang.NullPointerException
	at java.base/java.util.regex.Matcher.getTextLength(Matcher.java:1770)
	at java.base/java.util.regex.Matcher.reset(Matcher.java:416)
	at java.base/java.util.regex.Matcher.<init>(Matcher.java:253)
	at java.base/java.util.regex.Pattern.matcher(Pattern.java:1133)
	at com.relevantcodes.extentreports.utils.ExceptionUtil.getExceptionHeadline(ExceptionUtil.java:24)
	at com.relevantcodes.extentreports.Report.setCauseTest(Report.java:368)
	at com.relevantcodes.extentreports.Report.finalizeTest(Report.java:336)
	at com.relevantcodes.extentreports.ExtentReports.endTest(ExtentReports.java:622)
	at com.gomechanic.Tests.BaseTestSuite.aftermethod(BaseTestSuite.java:76)
... Removed 35 stack frames]]>
    </failure>
  </testcase> <!-- @AfterMethod aftermethod -->
  <testcase classname="com.gomechanic.Tests.NavigateToServicesPageUsingCheckPriceFormTest" name="@BeforeMethod setUpTest" time="0.0">
    <skipped/>
  </testcase> <!-- @BeforeMethod setUpTest -->
  <testcase classname="com.gomechanic.Tests.NavigateToServicesPageUsingCheckPriceFormTest" name="@AfterMethod aftermethod" time="0.0">
    <failure type="java.lang.NullPointerException">
      <![CDATA[java.lang.NullPointerException
	at java.base/java.util.regex.Matcher.getTextLength(Matcher.java:1770)
	at java.base/java.util.regex.Matcher.reset(Matcher.java:416)
	at java.base/java.util.regex.Matcher.<init>(Matcher.java:253)
	at java.base/java.util.regex.Pattern.matcher(Pattern.java:1133)
	at com.relevantcodes.extentreports.utils.ExceptionUtil.getExceptionHeadline(ExceptionUtil.java:24)
	at com.relevantcodes.extentreports.Report.setCauseTest(Report.java:368)
	at com.relevantcodes.extentreports.Report.finalizeTest(Report.java:336)
	at com.relevantcodes.extentreports.ExtentReports.endTest(ExtentReports.java:622)
	at com.gomechanic.Tests.BaseTestSuite.aftermethod(BaseTestSuite.java:76)
... Removed 35 stack frames]]>
    </failure>
  </testcase> <!-- @AfterMethod aftermethod -->
  <testcase classname="com.gomechanic.Tests.NavigateToServicesPageUsingCheckPriceFormTest" name="@BeforeMethod setUpTest" time="0.0">
    <skipped/>
  </testcase> <!-- @BeforeMethod setUpTest -->
  <testcase classname="com.gomechanic.Tests.NavigateToServicesPageUsingCheckPriceFormTest" name="@AfterMethod aftermethod" time="0.0">
    <failure type="java.lang.NullPointerException">
      <![CDATA[java.lang.NullPointerException
	at java.base/java.util.regex.Matcher.getTextLength(Matcher.java:1770)
	at java.base/java.util.regex.Matcher.reset(Matcher.java:416)
	at java.base/java.util.regex.Matcher.<init>(Matcher.java:253)
	at java.base/java.util.regex.Pattern.matcher(Pattern.java:1133)
	at com.relevantcodes.extentreports.utils.ExceptionUtil.getExceptionHeadline(ExceptionUtil.java:24)
	at com.relevantcodes.extentreports.Report.setCauseTest(Report.java:368)
	at com.relevantcodes.extentreports.Report.finalizeTest(Report.java:336)
	at com.relevantcodes.extentreports.ExtentReports.endTest(ExtentReports.java:622)
	at com.gomechanic.Tests.BaseTestSuite.aftermethod(BaseTestSuite.java:76)
... Removed 35 stack frames]]>
    </failure>
  </testcase> <!-- @AfterMethod aftermethod -->
  <testcase classname="com.gomechanic.Tests.NavigateToServicesPageUsingCheckPriceFormTest" name="@BeforeMethod setUpTest" time="0.0">
    <skipped/>
  </testcase> <!-- @BeforeMethod setUpTest -->
  <testcase classname="com.gomechanic.Tests.NavigateToServicesPageUsingCheckPriceFormTest" name="@AfterMethod aftermethod" time="0.0">
    <failure type="java.lang.NullPointerException">
      <![CDATA[java.lang.NullPointerException
	at java.base/java.util.regex.Matcher.getTextLength(Matcher.java:1770)
	at java.base/java.util.regex.Matcher.reset(Matcher.java:416)
	at java.base/java.util.regex.Matcher.<init>(Matcher.java:253)
	at java.base/java.util.regex.Pattern.matcher(Pattern.java:1133)
	at com.relevantcodes.extentreports.utils.ExceptionUtil.getExceptionHeadline(ExceptionUtil.java:24)
	at com.relevantcodes.extentreports.Report.setCauseTest(Report.java:368)
	at com.relevantcodes.extentreports.Report.finalizeTest(Report.java:336)
	at com.relevantcodes.extentreports.ExtentReports.endTest(ExtentReports.java:622)
	at com.gomechanic.Tests.BaseTestSuite.aftermethod(BaseTestSuite.java:76)
... Removed 35 stack frames]]>
    </failure>
  </testcase> <!-- @AfterMethod aftermethod -->
  <testcase classname="com.gomechanic.Tests.NavigateToServicesPageUsingCheckPriceFormTest" name="@BeforeMethod setUpTest" time="0.0">
    <skipped/>
  </testcase> <!-- @BeforeMethod setUpTest -->
  <testcase classname="com.gomechanic.Tests.NavigateToServicesPageUsingCheckPriceFormTest" name="@AfterMethod aftermethod" time="0.0">
    <failure type="java.lang.NullPointerException">
      <![CDATA[java.lang.NullPointerException
	at java.base/java.util.regex.Matcher.getTextLength(Matcher.java:1770)
	at java.base/java.util.regex.Matcher.reset(Matcher.java:416)
	at java.base/java.util.regex.Matcher.<init>(Matcher.java:253)
	at java.base/java.util.regex.Pattern.matcher(Pattern.java:1133)
	at com.relevantcodes.extentreports.utils.ExceptionUtil.getExceptionHeadline(ExceptionUtil.java:24)
	at com.relevantcodes.extentreports.Report.setCauseTest(Report.java:368)
	at com.relevantcodes.extentreports.Report.finalizeTest(Report.java:336)
	at com.relevantcodes.extentreports.ExtentReports.endTest(ExtentReports.java:622)
	at com.gomechanic.Tests.BaseTestSuite.aftermethod(BaseTestSuite.java:76)
... Removed 35 stack frames]]>
    </failure>
  </testcase> <!-- @AfterMethod aftermethod -->
  <testcase classname="com.gomechanic.Tests.NavigateToServicesPageUsingCheckPriceFormTest" name="@BeforeMethod setUpTest" time="0.0">
    <skipped/>
  </testcase> <!-- @BeforeMethod setUpTest -->
  <testcase classname="com.gomechanic.Tests.NavigateToServicesPageUsingCheckPriceFormTest" name="@AfterMethod aftermethod" time="0.0">
    <failure type="java.lang.NullPointerException">
      <![CDATA[java.lang.NullPointerException
	at java.base/java.util.regex.Matcher.getTextLength(Matcher.java:1770)
	at java.base/java.util.regex.Matcher.reset(Matcher.java:416)
	at java.base/java.util.regex.Matcher.<init>(Matcher.java:253)
	at java.base/java.util.regex.Pattern.matcher(Pattern.java:1133)
	at com.relevantcodes.extentreports.utils.ExceptionUtil.getExceptionHeadline(ExceptionUtil.java:24)
	at com.relevantcodes.extentreports.Report.setCauseTest(Report.java:368)
	at com.relevantcodes.extentreports.Report.finalizeTest(Report.java:336)
	at com.relevantcodes.extentreports.ExtentReports.endTest(ExtentReports.java:622)
	at com.gomechanic.Tests.BaseTestSuite.aftermethod(BaseTestSuite.java:76)
... Removed 35 stack frames]]>
    </failure>
  </testcase> <!-- @AfterMethod aftermethod -->
  <testcase classname="com.gomechanic.Tests.NavigateToServicesPageUsingCheckPriceFormTest" name="@BeforeMethod setUpTest" time="0.0">
    <skipped/>
  </testcase> <!-- @BeforeMethod setUpTest -->
  <testcase classname="com.gomechanic.Tests.NavigateToServicesPageUsingCheckPriceFormTest" name="@AfterMethod aftermethod" time="0.0">
    <failure type="java.lang.NullPointerException">
      <![CDATA[java.lang.NullPointerException
	at java.base/java.util.regex.Matcher.getTextLength(Matcher.java:1770)
	at java.base/java.util.regex.Matcher.reset(Matcher.java:416)
	at java.base/java.util.regex.Matcher.<init>(Matcher.java:253)
	at java.base/java.util.regex.Pattern.matcher(Pattern.java:1133)
	at com.relevantcodes.extentreports.utils.ExceptionUtil.getExceptionHeadline(ExceptionUtil.java:24)
	at com.relevantcodes.extentreports.Report.setCauseTest(Report.java:368)
	at com.relevantcodes.extentreports.Report.finalizeTest(Report.java:336)
	at com.relevantcodes.extentreports.ExtentReports.endTest(ExtentReports.java:622)
	at com.gomechanic.Tests.BaseTestSuite.aftermethod(BaseTestSuite.java:76)
... Removed 35 stack frames]]>
    </failure>
  </testcase> <!-- @AfterMethod aftermethod -->
  <testcase classname="com.gomechanic.Tests.NavigateToServicesPageUsingCheckPriceFormTest" name="@BeforeMethod setUpTest" time="0.0">
    <skipped/>
  </testcase> <!-- @BeforeMethod setUpTest -->
  <testcase classname="com.gomechanic.Tests.NavigateToServicesPageUsingCheckPriceFormTest" name="@AfterMethod aftermethod" time="0.0">
    <failure type="java.lang.NullPointerException">
      <![CDATA[java.lang.NullPointerException
	at java.base/java.util.regex.Matcher.getTextLength(Matcher.java:1770)
	at java.base/java.util.regex.Matcher.reset(Matcher.java:416)
	at java.base/java.util.regex.Matcher.<init>(Matcher.java:253)
	at java.base/java.util.regex.Pattern.matcher(Pattern.java:1133)
	at com.relevantcodes.extentreports.utils.ExceptionUtil.getExceptionHeadline(ExceptionUtil.java:24)
	at com.relevantcodes.extentreports.Report.setCauseTest(Report.java:368)
	at com.relevantcodes.extentreports.Report.finalizeTest(Report.java:336)
	at com.relevantcodes.extentreports.ExtentReports.endTest(ExtentReports.java:622)
	at com.gomechanic.Tests.BaseTestSuite.aftermethod(BaseTestSuite.java:76)
... Removed 35 stack frames]]>
    </failure>
  </testcase> <!-- @AfterMethod aftermethod -->
  <testcase classname="com.gomechanic.Tests.NavigateToServicesPageUsingCheckPriceFormTest" name="@BeforeMethod setUpTest" time="0.0">
    <skipped/>
  </testcase> <!-- @BeforeMethod setUpTest -->
  <testcase classname="com.gomechanic.Tests.NavigateToServicesPageUsingCheckPriceFormTest" name="@AfterMethod aftermethod" time="0.0">
    <failure type="java.lang.NullPointerException">
      <![CDATA[java.lang.NullPointerException
	at java.base/java.util.regex.Matcher.getTextLength(Matcher.java:1770)
	at java.base/java.util.regex.Matcher.reset(Matcher.java:416)
	at java.base/java.util.regex.Matcher.<init>(Matcher.java:253)
	at java.base/java.util.regex.Pattern.matcher(Pattern.java:1133)
	at com.relevantcodes.extentreports.utils.ExceptionUtil.getExceptionHeadline(ExceptionUtil.java:24)
	at com.relevantcodes.extentreports.Report.setCauseTest(Report.java:368)
	at com.relevantcodes.extentreports.Report.finalizeTest(Report.java:336)
	at com.relevantcodes.extentreports.ExtentReports.endTest(ExtentReports.java:622)
	at com.gomechanic.Tests.BaseTestSuite.aftermethod(BaseTestSuite.java:76)
... Removed 35 stack frames]]>
    </failure>
  </testcase> <!-- @AfterMethod aftermethod -->
  <testcase classname="com.gomechanic.Tests.NavigateToServicesPageUsingCheckPriceFormTest" name="@BeforeMethod setUpTest" time="0.0">
    <skipped/>
  </testcase> <!-- @BeforeMethod setUpTest -->
  <testcase classname="com.gomechanic.Tests.NavigateToServicesPageUsingCheckPriceFormTest" name="@AfterMethod aftermethod" time="0.0">
    <failure type="java.lang.NullPointerException">
      <![CDATA[java.lang.NullPointerException
	at java.base/java.util.regex.Matcher.getTextLength(Matcher.java:1770)
	at java.base/java.util.regex.Matcher.reset(Matcher.java:416)
	at java.base/java.util.regex.Matcher.<init>(Matcher.java:253)
	at java.base/java.util.regex.Pattern.matcher(Pattern.java:1133)
	at com.relevantcodes.extentreports.utils.ExceptionUtil.getExceptionHeadline(ExceptionUtil.java:24)
	at com.relevantcodes.extentreports.Report.setCauseTest(Report.java:368)
	at com.relevantcodes.extentreports.Report.finalizeTest(Report.java:336)
	at com.relevantcodes.extentreports.ExtentReports.endTest(ExtentReports.java:622)
	at com.gomechanic.Tests.BaseTestSuite.aftermethod(BaseTestSuite.java:76)
... Removed 35 stack frames]]>
    </failure>
  </testcase> <!-- @AfterMethod aftermethod -->
  <testcase classname="com.gomechanic.Tests.NavigateToWheelCareServicesSectionFromHomePageServicesSectionTest" name="@BeforeMethod setUpTest" time="0.0">
    <skipped/>
  </testcase> <!-- @BeforeMethod setUpTest -->
  <testcase classname="com.gomechanic.Tests.NavigateToWheelCareServicesSectionFromHomePageServicesSectionTest" name="@AfterMethod aftermethod" time="0.0">
    <failure type="java.lang.NullPointerException">
      <![CDATA[java.lang.NullPointerException
	at java.base/java.util.regex.Matcher.getTextLength(Matcher.java:1770)
	at java.base/java.util.regex.Matcher.reset(Matcher.java:416)
	at java.base/java.util.regex.Matcher.<init>(Matcher.java:253)
	at java.base/java.util.regex.Pattern.matcher(Pattern.java:1133)
	at com.relevantcodes.extentreports.utils.ExceptionUtil.getExceptionHeadline(ExceptionUtil.java:24)
	at com.relevantcodes.extentreports.Report.setCauseTest(Report.java:368)
	at com.relevantcodes.extentreports.Report.finalizeTest(Report.java:336)
	at com.relevantcodes.extentreports.ExtentReports.endTest(ExtentReports.java:622)
	at com.gomechanic.Tests.BaseTestSuite.aftermethod(BaseTestSuite.java:76)
... Removed 35 stack frames]]>
    </failure>
  </testcase> <!-- @AfterMethod aftermethod -->
  <testcase classname="com.gomechanic.Tests.RemoveAddedServicePlanFromDentingOrPaintingSectionTest" name="@BeforeMethod setUpTest" time="0.0">
    <skipped/>
  </testcase> <!-- @BeforeMethod setUpTest -->
  <testcase classname="com.gomechanic.Tests.RemoveAddedServicePlanFromDentingOrPaintingSectionTest" name="@AfterMethod aftermethod" time="0.0">
    <failure type="java.lang.NullPointerException">
      <![CDATA[java.lang.NullPointerException
	at java.base/java.util.regex.Matcher.getTextLength(Matcher.java:1770)
	at java.base/java.util.regex.Matcher.reset(Matcher.java:416)
	at java.base/java.util.regex.Matcher.<init>(Matcher.java:253)
	at java.base/java.util.regex.Pattern.matcher(Pattern.java:1133)
	at com.relevantcodes.extentreports.utils.ExceptionUtil.getExceptionHeadline(ExceptionUtil.java:24)
	at com.relevantcodes.extentreports.Report.setCauseTest(Report.java:368)
	at com.relevantcodes.extentreports.Report.finalizeTest(Report.java:336)
	at com.relevantcodes.extentreports.ExtentReports.endTest(ExtentReports.java:622)
	at com.gomechanic.Tests.BaseTestSuite.aftermethod(BaseTestSuite.java:76)
... Removed 35 stack frames]]>
    </failure>
  </testcase> <!-- @AfterMethod aftermethod -->
  <testcase classname="com.gomechanic.Tests.RemoveAddedServicePlansFromCarCareServicesSectionTest" name="@BeforeMethod setUpTest" time="0.0">
    <skipped/>
  </testcase> <!-- @BeforeMethod setUpTest -->
  <testcase classname="com.gomechanic.Tests.RemoveAddedServicePlansFromCarCareServicesSectionTest" name="@AfterMethod aftermethod" time="0.0">
    <failure type="java.lang.NullPointerException">
      <![CDATA[java.lang.NullPointerException
	at java.base/java.util.regex.Matcher.getTextLength(Matcher.java:1770)
	at java.base/java.util.regex.Matcher.reset(Matcher.java:416)
	at java.base/java.util.regex.Matcher.<init>(Matcher.java:253)
	at java.base/java.util.regex.Pattern.matcher(Pattern.java:1133)
	at com.relevantcodes.extentreports.utils.ExceptionUtil.getExceptionHeadline(ExceptionUtil.java:24)
	at com.relevantcodes.extentreports.Report.setCauseTest(Report.java:368)
	at com.relevantcodes.extentreports.Report.finalizeTest(Report.java:336)
	at com.relevantcodes.extentreports.ExtentReports.endTest(ExtentReports.java:622)
	at com.gomechanic.Tests.BaseTestSuite.aftermethod(BaseTestSuite.java:76)
... Removed 35 stack frames]]>
    </failure>
  </testcase> <!-- @AfterMethod aftermethod -->
  <testcase classname="com.gomechanic.Tests.RemoveAddedServicePlansFromScheduledServicesSectionTest" name="@BeforeMethod setUpTest" time="0.0">
    <skipped/>
  </testcase> <!-- @BeforeMethod setUpTest -->
  <testcase classname="com.gomechanic.Tests.RemoveAddedServicePlansFromScheduledServicesSectionTest" name="@AfterMethod aftermethod" time="0.0">
    <failure type="java.lang.NullPointerException">
      <![CDATA[java.lang.NullPointerException
	at java.base/java.util.regex.Matcher.getTextLength(Matcher.java:1770)
	at java.base/java.util.regex.Matcher.reset(Matcher.java:416)
	at java.base/java.util.regex.Matcher.<init>(Matcher.java:253)
	at java.base/java.util.regex.Pattern.matcher(Pattern.java:1133)
	at com.relevantcodes.extentreports.utils.ExceptionUtil.getExceptionHeadline(ExceptionUtil.java:24)
	at com.relevantcodes.extentreports.Report.setCauseTest(Report.java:368)
	at com.relevantcodes.extentreports.Report.finalizeTest(Report.java:336)
	at com.relevantcodes.extentreports.ExtentReports.endTest(ExtentReports.java:622)
	at com.gomechanic.Tests.BaseTestSuite.aftermethod(BaseTestSuite.java:76)
... Removed 35 stack frames]]>
    </failure>
  </testcase> <!-- @AfterMethod aftermethod -->
  <testcase classname="com.gomechanic.Tests.RemoveAddedServicePlansFromWheelCareServicesSectionTest" name="@BeforeMethod setUpTest" time="0.0">
    <skipped/>
  </testcase> <!-- @BeforeMethod setUpTest -->
  <testcase classname="com.gomechanic.Tests.RemoveAddedServicePlansFromWheelCareServicesSectionTest" name="@AfterMethod aftermethod" time="0.0">
    <failure type="java.lang.NullPointerException">
      <![CDATA[java.lang.NullPointerException
	at java.base/java.util.regex.Matcher.getTextLength(Matcher.java:1770)
	at java.base/java.util.regex.Matcher.reset(Matcher.java:416)
	at java.base/java.util.regex.Matcher.<init>(Matcher.java:253)
	at java.base/java.util.regex.Pattern.matcher(Pattern.java:1133)
	at com.relevantcodes.extentreports.utils.ExceptionUtil.getExceptionHeadline(ExceptionUtil.java:24)
	at com.relevantcodes.extentreports.Report.setCauseTest(Report.java:368)
	at com.relevantcodes.extentreports.Report.finalizeTest(Report.java:336)
	at com.relevantcodes.extentreports.ExtentReports.endTest(ExtentReports.java:622)
	at com.gomechanic.Tests.BaseTestSuite.aftermethod(BaseTestSuite.java:76)
... Removed 35 stack frames]]>
    </failure>
  </testcase> <!-- @AfterMethod aftermethod -->
  <testcase classname="com.gomechanic.Tests.RemoveSelectedServicePlansFromCartTest" name="@BeforeMethod setUpTest" time="0.0">
    <skipped/>
  </testcase> <!-- @BeforeMethod setUpTest -->
  <testcase classname="com.gomechanic.Tests.RemoveSelectedServicePlansFromCartTest" name="@AfterMethod aftermethod" time="0.0">
    <failure type="java.lang.NullPointerException">
      <![CDATA[java.lang.NullPointerException
	at java.base/java.util.regex.Matcher.getTextLength(Matcher.java:1770)
	at java.base/java.util.regex.Matcher.reset(Matcher.java:416)
	at java.base/java.util.regex.Matcher.<init>(Matcher.java:253)
	at java.base/java.util.regex.Pattern.matcher(Pattern.java:1133)
	at com.relevantcodes.extentreports.utils.ExceptionUtil.getExceptionHeadline(ExceptionUtil.java:24)
	at com.relevantcodes.extentreports.Report.setCauseTest(Report.java:368)
	at com.relevantcodes.extentreports.Report.finalizeTest(Report.java:336)
	at com.relevantcodes.extentreports.ExtentReports.endTest(ExtentReports.java:622)
	at com.gomechanic.Tests.BaseTestSuite.aftermethod(BaseTestSuite.java:76)
... Removed 35 stack frames]]>
    </failure>
  </testcase> <!-- @AfterMethod aftermethod -->
  <testcase classname="com.gomechanic.Tests.RequestCallBackForCarEnquiryTest" name="@BeforeMethod setUpTest" time="0.0">
    <skipped/>
  </testcase> <!-- @BeforeMethod setUpTest -->
  <testcase classname="com.gomechanic.Tests.RequestCallBackForCarEnquiryTest" name="@AfterMethod aftermethod" time="0.0">
    <failure type="java.lang.NullPointerException">
      <![CDATA[java.lang.NullPointerException
	at java.base/java.util.regex.Matcher.getTextLength(Matcher.java:1770)
	at java.base/java.util.regex.Matcher.reset(Matcher.java:416)
	at java.base/java.util.regex.Matcher.<init>(Matcher.java:253)
	at java.base/java.util.regex.Pattern.matcher(Pattern.java:1133)
	at com.relevantcodes.extentreports.utils.ExceptionUtil.getExceptionHeadline(ExceptionUtil.java:24)
	at com.relevantcodes.extentreports.Report.setCauseTest(Report.java:368)
	at com.relevantcodes.extentreports.Report.finalizeTest(Report.java:336)
	at com.relevantcodes.extentreports.ExtentReports.endTest(ExtentReports.java:622)
	at com.gomechanic.Tests.BaseTestSuite.aftermethod(BaseTestSuite.java:76)
... Removed 35 stack frames]]>
    </failure>
  </testcase> <!-- @AfterMethod aftermethod -->
  <testcase classname="com.gomechanic.Tests.RequestCallBackOnGiveRequirementsPopupFromHomePageTest" name="@BeforeMethod setUpTest" time="0.0">
    <skipped/>
  </testcase> <!-- @BeforeMethod setUpTest -->
  <testcase classname="com.gomechanic.Tests.RequestCallBackOnGiveRequirementsPopupFromHomePageTest" name="@AfterMethod aftermethod" time="0.0">
    <failure type="java.lang.NullPointerException">
      <![CDATA[java.lang.NullPointerException
	at java.base/java.util.regex.Matcher.getTextLength(Matcher.java:1770)
	at java.base/java.util.regex.Matcher.reset(Matcher.java:416)
	at java.base/java.util.regex.Matcher.<init>(Matcher.java:253)
	at java.base/java.util.regex.Pattern.matcher(Pattern.java:1133)
	at com.relevantcodes.extentreports.utils.ExceptionUtil.getExceptionHeadline(ExceptionUtil.java:24)
	at com.relevantcodes.extentreports.Report.setCauseTest(Report.java:368)
	at com.relevantcodes.extentreports.Report.finalizeTest(Report.java:336)
	at com.relevantcodes.extentreports.ExtentReports.endTest(ExtentReports.java:622)
	at com.gomechanic.Tests.BaseTestSuite.aftermethod(BaseTestSuite.java:76)
... Removed 35 stack frames]]>
    </failure>
  </testcase> <!-- @AfterMethod aftermethod -->
  <testcase classname="com.gomechanic.Tests.SelectCarDetailsOnInsurancePageTest" name="@BeforeMethod setUpTest" time="0.0">
    <skipped/>
  </testcase> <!-- @BeforeMethod setUpTest -->
  <testcase classname="com.gomechanic.Tests.SelectCarDetailsOnInsurancePageTest" name="@AfterMethod aftermethod" time="0.0">
    <failure type="java.lang.NullPointerException">
      <![CDATA[java.lang.NullPointerException
	at java.base/java.util.regex.Matcher.getTextLength(Matcher.java:1770)
	at java.base/java.util.regex.Matcher.reset(Matcher.java:416)
	at java.base/java.util.regex.Matcher.<init>(Matcher.java:253)
	at java.base/java.util.regex.Pattern.matcher(Pattern.java:1133)
	at com.relevantcodes.extentreports.utils.ExceptionUtil.getExceptionHeadline(ExceptionUtil.java:24)
	at com.relevantcodes.extentreports.Report.setCauseTest(Report.java:368)
	at com.relevantcodes.extentreports.Report.finalizeTest(Report.java:336)
	at com.relevantcodes.extentreports.ExtentReports.endTest(ExtentReports.java:622)
	at com.gomechanic.Tests.BaseTestSuite.aftermethod(BaseTestSuite.java:76)
... Removed 35 stack frames]]>
    </failure>
  </testcase> <!-- @AfterMethod aftermethod -->
  <testcase classname="com.gomechanic.Tests.SelectCarDetailsOnServicesPageTest" name="@BeforeMethod setUpTest" time="0.0">
    <skipped/>
  </testcase> <!-- @BeforeMethod setUpTest -->
  <testcase classname="com.gomechanic.Tests.SelectCarDetailsOnServicesPageTest" name="@AfterMethod aftermethod" time="0.0">
    <failure type="java.lang.NullPointerException">
      <![CDATA[java.lang.NullPointerException
	at java.base/java.util.regex.Matcher.getTextLength(Matcher.java:1770)
	at java.base/java.util.regex.Matcher.reset(Matcher.java:416)
	at java.base/java.util.regex.Matcher.<init>(Matcher.java:253)
	at java.base/java.util.regex.Pattern.matcher(Pattern.java:1133)
	at com.relevantcodes.extentreports.utils.ExceptionUtil.getExceptionHeadline(ExceptionUtil.java:24)
	at com.relevantcodes.extentreports.Report.setCauseTest(Report.java:368)
	at com.relevantcodes.extentreports.Report.finalizeTest(Report.java:336)
	at com.relevantcodes.extentreports.ExtentReports.endTest(ExtentReports.java:622)
	at com.gomechanic.Tests.BaseTestSuite.aftermethod(BaseTestSuite.java:76)
... Removed 35 stack frames]]>
    </failure>
  </testcase> <!-- @AfterMethod aftermethod -->
  <testcase classname="com.gomechanic.Tests.ValidateAddedServicePlansAndPriceDetailsOnCartTest" name="@BeforeMethod setUpTest" time="0.0">
    <skipped/>
  </testcase> <!-- @BeforeMethod setUpTest -->
  <testcase classname="com.gomechanic.Tests.ValidateAddedServicePlansAndPriceDetailsOnCartTest" name="@AfterMethod aftermethod" time="0.0">
    <failure type="java.lang.NullPointerException">
      <![CDATA[java.lang.NullPointerException
	at java.base/java.util.regex.Matcher.getTextLength(Matcher.java:1770)
	at java.base/java.util.regex.Matcher.reset(Matcher.java:416)
	at java.base/java.util.regex.Matcher.<init>(Matcher.java:253)
	at java.base/java.util.regex.Pattern.matcher(Pattern.java:1133)
	at com.relevantcodes.extentreports.utils.ExceptionUtil.getExceptionHeadline(ExceptionUtil.java:24)
	at com.relevantcodes.extentreports.Report.setCauseTest(Report.java:368)
	at com.relevantcodes.extentreports.Report.finalizeTest(Report.java:336)
	at com.relevantcodes.extentreports.ExtentReports.endTest(ExtentReports.java:622)
	at com.gomechanic.Tests.BaseTestSuite.aftermethod(BaseTestSuite.java:76)
... Removed 35 stack frames]]>
    </failure>
  </testcase> <!-- @AfterMethod aftermethod -->
  <testcase classname="com.gomechanic.Tests.ValidateCarDetailsByEditCarBrandCarModelCarFuleTypeTest" name="@BeforeMethod setUpTest" time="0.0">
    <skipped/>
  </testcase> <!-- @BeforeMethod setUpTest -->
  <testcase classname="com.gomechanic.Tests.ValidateCarDetailsByEditCarBrandCarModelCarFuleTypeTest" name="@AfterMethod aftermethod" time="0.0">
    <failure type="java.lang.NullPointerException">
      <![CDATA[java.lang.NullPointerException
	at java.base/java.util.regex.Matcher.getTextLength(Matcher.java:1770)
	at java.base/java.util.regex.Matcher.reset(Matcher.java:416)
	at java.base/java.util.regex.Matcher.<init>(Matcher.java:253)
	at java.base/java.util.regex.Pattern.matcher(Pattern.java:1133)
	at com.relevantcodes.extentreports.utils.ExceptionUtil.getExceptionHeadline(ExceptionUtil.java:24)
	at com.relevantcodes.extentreports.Report.setCauseTest(Report.java:368)
	at com.relevantcodes.extentreports.Report.finalizeTest(Report.java:336)
	at com.relevantcodes.extentreports.ExtentReports.endTest(ExtentReports.java:622)
	at com.gomechanic.Tests.BaseTestSuite.aftermethod(BaseTestSuite.java:76)
... Removed 35 stack frames]]>
    </failure>
  </testcase> <!-- @AfterMethod aftermethod -->
  <testcase classname="com.gomechanic.Tests.ValidateCarRegistrationNumberErrorMessageWithoutRegistrationNumberInCarCareServiceTest" name="@BeforeMethod setUpTest" time="0.0">
    <skipped/>
  </testcase> <!-- @BeforeMethod setUpTest -->
  <testcase classname="com.gomechanic.Tests.ValidateCarRegistrationNumberErrorMessageWithoutRegistrationNumberInCarCareServiceTest" name="@AfterMethod aftermethod" time="0.0">
    <failure type="java.lang.NullPointerException">
      <![CDATA[java.lang.NullPointerException
	at java.base/java.util.regex.Matcher.getTextLength(Matcher.java:1770)
	at java.base/java.util.regex.Matcher.reset(Matcher.java:416)
	at java.base/java.util.regex.Matcher.<init>(Matcher.java:253)
	at java.base/java.util.regex.Pattern.matcher(Pattern.java:1133)
	at com.relevantcodes.extentreports.utils.ExceptionUtil.getExceptionHeadline(ExceptionUtil.java:24)
	at com.relevantcodes.extentreports.Report.setCauseTest(Report.java:368)
	at com.relevantcodes.extentreports.Report.finalizeTest(Report.java:336)
	at com.relevantcodes.extentreports.ExtentReports.endTest(ExtentReports.java:622)
	at com.gomechanic.Tests.BaseTestSuite.aftermethod(BaseTestSuite.java:76)
... Removed 35 stack frames]]>
    </failure>
  </testcase> <!-- @AfterMethod aftermethod -->
  <testcase classname="com.gomechanic.Tests.ValidateCouponCodeErrorMessageWithoutCouponCodeInCarCareServiceTest" name="@BeforeMethod setUpTest" time="0.0">
    <skipped/>
  </testcase> <!-- @BeforeMethod setUpTest -->
  <testcase classname="com.gomechanic.Tests.ValidateCouponCodeErrorMessageWithoutCouponCodeInCarCareServiceTest" name="@AfterMethod aftermethod" time="0.0">
    <failure type="java.lang.NullPointerException">
      <![CDATA[java.lang.NullPointerException
	at java.base/java.util.regex.Matcher.getTextLength(Matcher.java:1770)
	at java.base/java.util.regex.Matcher.reset(Matcher.java:416)
	at java.base/java.util.regex.Matcher.<init>(Matcher.java:253)
	at java.base/java.util.regex.Pattern.matcher(Pattern.java:1133)
	at com.relevantcodes.extentreports.utils.ExceptionUtil.getExceptionHeadline(ExceptionUtil.java:24)
	at com.relevantcodes.extentreports.Report.setCauseTest(Report.java:368)
	at com.relevantcodes.extentreports.Report.finalizeTest(Report.java:336)
	at com.relevantcodes.extentreports.ExtentReports.endTest(ExtentReports.java:622)
	at com.gomechanic.Tests.BaseTestSuite.aftermethod(BaseTestSuite.java:76)
... Removed 35 stack frames]]>
    </failure>
  </testcase> <!-- @AfterMethod aftermethod -->
  <testcase classname="com.gomechanic.Tests.ValidateCouponCodeSuccessMessageAfterValidateDiscountPriceInCarCareServiceTest" name="@BeforeMethod setUpTest" time="0.0">
    <skipped/>
  </testcase> <!-- @BeforeMethod setUpTest -->
  <testcase classname="com.gomechanic.Tests.ValidateCouponCodeSuccessMessageAfterValidateDiscountPriceInCarCareServiceTest" name="@AfterMethod aftermethod" time="0.0">
    <failure type="java.lang.NullPointerException">
      <![CDATA[java.lang.NullPointerException
	at java.base/java.util.regex.Matcher.getTextLength(Matcher.java:1770)
	at java.base/java.util.regex.Matcher.reset(Matcher.java:416)
	at java.base/java.util.regex.Matcher.<init>(Matcher.java:253)
	at java.base/java.util.regex.Pattern.matcher(Pattern.java:1133)
	at com.relevantcodes.extentreports.utils.ExceptionUtil.getExceptionHeadline(ExceptionUtil.java:24)
	at com.relevantcodes.extentreports.Report.setCauseTest(Report.java:368)
	at com.relevantcodes.extentreports.Report.finalizeTest(Report.java:336)
	at com.relevantcodes.extentreports.ExtentReports.endTest(ExtentReports.java:622)
	at com.gomechanic.Tests.BaseTestSuite.aftermethod(BaseTestSuite.java:76)
... Removed 35 stack frames]]>
    </failure>
  </testcase> <!-- @AfterMethod aftermethod -->
  <testcase classname="com.gomechanic.Tests.ValidateCouponCodeSuccessMessageValidCouponCodeInCarCareServiceTest" name="@BeforeMethod setUpTest" time="0.0">
    <skipped/>
  </testcase> <!-- @BeforeMethod setUpTest -->
  <testcase classname="com.gomechanic.Tests.ValidateCouponCodeSuccessMessageValidCouponCodeInCarCareServiceTest" name="@AfterMethod aftermethod" time="0.0">
    <failure type="java.lang.NullPointerException">
      <![CDATA[java.lang.NullPointerException
	at java.base/java.util.regex.Matcher.getTextLength(Matcher.java:1770)
	at java.base/java.util.regex.Matcher.reset(Matcher.java:416)
	at java.base/java.util.regex.Matcher.<init>(Matcher.java:253)
	at java.base/java.util.regex.Pattern.matcher(Pattern.java:1133)
	at com.relevantcodes.extentreports.utils.ExceptionUtil.getExceptionHeadline(ExceptionUtil.java:24)
	at com.relevantcodes.extentreports.Report.setCauseTest(Report.java:368)
	at com.relevantcodes.extentreports.Report.finalizeTest(Report.java:336)
	at com.relevantcodes.extentreports.ExtentReports.endTest(ExtentReports.java:622)
	at com.gomechanic.Tests.BaseTestSuite.aftermethod(BaseTestSuite.java:76)
... Removed 35 stack frames]]>
    </failure>
  </testcase> <!-- @AfterMethod aftermethod -->
  <testcase classname="com.gomechanic.Tests.ValidateDiscountAmountAndTotalPriceOnCartTest" name="@BeforeMethod setUpTest" time="0.0">
    <skipped/>
  </testcase> <!-- @BeforeMethod setUpTest -->
  <testcase classname="com.gomechanic.Tests.ValidateDiscountAmountAndTotalPriceOnCartTest" name="@AfterMethod aftermethod" time="0.0">
    <failure type="java.lang.NullPointerException">
      <![CDATA[java.lang.NullPointerException
	at java.base/java.util.regex.Matcher.getTextLength(Matcher.java:1770)
	at java.base/java.util.regex.Matcher.reset(Matcher.java:416)
	at java.base/java.util.regex.Matcher.<init>(Matcher.java:253)
	at java.base/java.util.regex.Pattern.matcher(Pattern.java:1133)
	at com.relevantcodes.extentreports.utils.ExceptionUtil.getExceptionHeadline(ExceptionUtil.java:24)
	at com.relevantcodes.extentreports.Report.setCauseTest(Report.java:368)
	at com.relevantcodes.extentreports.Report.finalizeTest(Report.java:336)
	at com.relevantcodes.extentreports.ExtentReports.endTest(ExtentReports.java:622)
	at com.gomechanic.Tests.BaseTestSuite.aftermethod(BaseTestSuite.java:76)
... Removed 35 stack frames]]>
    </failure>
  </testcase> <!-- @AfterMethod aftermethod -->
  <testcase classname="com.gomechanic.Tests.ValidateErrorMessageWhenUserCheckPriceWithoutCarDetailsTest" name="@BeforeMethod setUpTest" time="0.0">
    <skipped/>
  </testcase> <!-- @BeforeMethod setUpTest -->
  <testcase classname="com.gomechanic.Tests.ValidateErrorMessageWhenUserCheckPriceWithoutCarDetailsTest" name="@AfterMethod aftermethod" time="0.0">
    <failure type="java.lang.NullPointerException">
      <![CDATA[java.lang.NullPointerException
	at java.base/java.util.regex.Matcher.getTextLength(Matcher.java:1770)
	at java.base/java.util.regex.Matcher.reset(Matcher.java:416)
	at java.base/java.util.regex.Matcher.<init>(Matcher.java:253)
	at java.base/java.util.regex.Pattern.matcher(Pattern.java:1133)
	at com.relevantcodes.extentreports.utils.ExceptionUtil.getExceptionHeadline(ExceptionUtil.java:24)
	at com.relevantcodes.extentreports.Report.setCauseTest(Report.java:368)
	at com.relevantcodes.extentreports.Report.finalizeTest(Report.java:336)
	at com.relevantcodes.extentreports.ExtentReports.endTest(ExtentReports.java:622)
	at com.gomechanic.Tests.BaseTestSuite.aftermethod(BaseTestSuite.java:76)
... Removed 35 stack frames]]>
    </failure>
  </testcase> <!-- @AfterMethod aftermethod -->
  <testcase classname="com.gomechanic.Tests.ValidateErrorMessageWhenUserCheckoutWithoutEmailIdOnCheckoutPageTest" name="@BeforeMethod setUpTest" time="0.0">
    <skipped/>
  </testcase> <!-- @BeforeMethod setUpTest -->
  <testcase classname="com.gomechanic.Tests.ValidateErrorMessageWhenUserCheckoutWithoutEmailIdOnCheckoutPageTest" name="@AfterMethod aftermethod" time="0.0">
    <failure type="java.lang.NullPointerException">
      <![CDATA[java.lang.NullPointerException
	at java.base/java.util.regex.Matcher.getTextLength(Matcher.java:1770)
	at java.base/java.util.regex.Matcher.reset(Matcher.java:416)
	at java.base/java.util.regex.Matcher.<init>(Matcher.java:253)
	at java.base/java.util.regex.Pattern.matcher(Pattern.java:1133)
	at com.relevantcodes.extentreports.utils.ExceptionUtil.getExceptionHeadline(ExceptionUtil.java:24)
	at com.relevantcodes.extentreports.Report.setCauseTest(Report.java:368)
	at com.relevantcodes.extentreports.Report.finalizeTest(Report.java:336)
	at com.relevantcodes.extentreports.ExtentReports.endTest(ExtentReports.java:622)
	at com.gomechanic.Tests.BaseTestSuite.aftermethod(BaseTestSuite.java:76)
... Removed 35 stack frames]]>
    </failure>
  </testcase> <!-- @AfterMethod aftermethod -->
  <testcase classname="com.gomechanic.Tests.ValidateErrorMessageWhenUserCheckoutWithoutMobileNumberOnCheckoutPageTest" name="@BeforeMethod setUpTest" time="0.0">
    <skipped/>
  </testcase> <!-- @BeforeMethod setUpTest -->
  <testcase classname="com.gomechanic.Tests.ValidateErrorMessageWhenUserCheckoutWithoutMobileNumberOnCheckoutPageTest" name="@AfterMethod aftermethod" time="0.0">
    <failure type="java.lang.NullPointerException">
      <![CDATA[java.lang.NullPointerException
	at java.base/java.util.regex.Matcher.getTextLength(Matcher.java:1770)
	at java.base/java.util.regex.Matcher.reset(Matcher.java:416)
	at java.base/java.util.regex.Matcher.<init>(Matcher.java:253)
	at java.base/java.util.regex.Pattern.matcher(Pattern.java:1133)
	at com.relevantcodes.extentreports.utils.ExceptionUtil.getExceptionHeadline(ExceptionUtil.java:24)
	at com.relevantcodes.extentreports.Report.setCauseTest(Report.java:368)
	at com.relevantcodes.extentreports.Report.finalizeTest(Report.java:336)
	at com.relevantcodes.extentreports.ExtentReports.endTest(ExtentReports.java:622)
	at com.gomechanic.Tests.BaseTestSuite.aftermethod(BaseTestSuite.java:76)
... Removed 35 stack frames]]>
    </failure>
  </testcase> <!-- @AfterMethod aftermethod -->
  <testcase classname="com.gomechanic.Tests.ValidateErrorMessageWhenUserCheckoutWithoutUserNameOnCheckoutPageTest" name="@BeforeMethod setUpTest" time="0.0">
    <skipped/>
  </testcase> <!-- @BeforeMethod setUpTest -->
  <testcase classname="com.gomechanic.Tests.ValidateErrorMessageWhenUserCheckoutWithoutUserNameOnCheckoutPageTest" name="@AfterMethod aftermethod" time="0.0">
    <failure type="java.lang.NullPointerException">
      <![CDATA[java.lang.NullPointerException
	at java.base/java.util.regex.Matcher.getTextLength(Matcher.java:1770)
	at java.base/java.util.regex.Matcher.reset(Matcher.java:416)
	at java.base/java.util.regex.Matcher.<init>(Matcher.java:253)
	at java.base/java.util.regex.Pattern.matcher(Pattern.java:1133)
	at com.relevantcodes.extentreports.utils.ExceptionUtil.getExceptionHeadline(ExceptionUtil.java:24)
	at com.relevantcodes.extentreports.Report.setCauseTest(Report.java:368)
	at com.relevantcodes.extentreports.Report.finalizeTest(Report.java:336)
	at com.relevantcodes.extentreports.ExtentReports.endTest(ExtentReports.java:622)
	at com.gomechanic.Tests.BaseTestSuite.aftermethod(BaseTestSuite.java:76)
... Removed 35 stack frames]]>
    </failure>
  </testcase> <!-- @AfterMethod aftermethod -->
  <testcase classname="com.gomechanic.Tests.ValidateErrorMessageWhenUserGetOnboardWithInvalidMobileNumberOnPartnersPageTest" name="@BeforeMethod setUpTest" time="0.0">
    <skipped/>
  </testcase> <!-- @BeforeMethod setUpTest -->
  <testcase classname="com.gomechanic.Tests.ValidateErrorMessageWhenUserGetOnboardWithInvalidMobileNumberOnPartnersPageTest" name="@AfterMethod aftermethod" time="0.0">
    <failure type="java.lang.NullPointerException">
      <![CDATA[java.lang.NullPointerException
	at java.base/java.util.regex.Matcher.getTextLength(Matcher.java:1770)
	at java.base/java.util.regex.Matcher.reset(Matcher.java:416)
	at java.base/java.util.regex.Matcher.<init>(Matcher.java:253)
	at java.base/java.util.regex.Pattern.matcher(Pattern.java:1133)
	at com.relevantcodes.extentreports.utils.ExceptionUtil.getExceptionHeadline(ExceptionUtil.java:24)
	at com.relevantcodes.extentreports.Report.setCauseTest(Report.java:368)
	at com.relevantcodes.extentreports.Report.finalizeTest(Report.java:336)
	at com.relevantcodes.extentreports.ExtentReports.endTest(ExtentReports.java:622)
	at com.gomechanic.Tests.BaseTestSuite.aftermethod(BaseTestSuite.java:76)
... Removed 35 stack frames]]>
    </failure>
  </testcase> <!-- @AfterMethod aftermethod -->
  <testcase classname="com.gomechanic.Tests.ValidateErrorMessageWhenUserGetOnboardWithoutCityNameOnPartnersPageTest" name="@BeforeMethod setUpTest" time="0.0">
    <skipped/>
  </testcase> <!-- @BeforeMethod setUpTest -->
  <testcase classname="com.gomechanic.Tests.ValidateErrorMessageWhenUserGetOnboardWithoutCityNameOnPartnersPageTest" name="@AfterMethod aftermethod" time="0.0">
    <failure type="java.lang.NullPointerException">
      <![CDATA[java.lang.NullPointerException
	at java.base/java.util.regex.Matcher.getTextLength(Matcher.java:1770)
	at java.base/java.util.regex.Matcher.reset(Matcher.java:416)
	at java.base/java.util.regex.Matcher.<init>(Matcher.java:253)
	at java.base/java.util.regex.Pattern.matcher(Pattern.java:1133)
	at com.relevantcodes.extentreports.utils.ExceptionUtil.getExceptionHeadline(ExceptionUtil.java:24)
	at com.relevantcodes.extentreports.Report.setCauseTest(Report.java:368)
	at com.relevantcodes.extentreports.Report.finalizeTest(Report.java:336)
	at com.relevantcodes.extentreports.ExtentReports.endTest(ExtentReports.java:622)
	at com.gomechanic.Tests.BaseTestSuite.aftermethod(BaseTestSuite.java:76)
... Removed 35 stack frames]]>
    </failure>
  </testcase> <!-- @AfterMethod aftermethod -->
  <testcase classname="com.gomechanic.Tests.ValidateErrorMessageWhenUserGetOnboardWithoutMobileNumberOnPartnersPageTest" name="@BeforeMethod setUpTest" time="0.0">
    <skipped/>
  </testcase> <!-- @BeforeMethod setUpTest -->
  <testcase classname="com.gomechanic.Tests.ValidateErrorMessageWhenUserGetOnboardWithoutMobileNumberOnPartnersPageTest" name="@AfterMethod aftermethod" time="0.0">
    <failure type="java.lang.NullPointerException">
      <![CDATA[java.lang.NullPointerException
	at java.base/java.util.regex.Matcher.getTextLength(Matcher.java:1770)
	at java.base/java.util.regex.Matcher.reset(Matcher.java:416)
	at java.base/java.util.regex.Matcher.<init>(Matcher.java:253)
	at java.base/java.util.regex.Pattern.matcher(Pattern.java:1133)
	at com.relevantcodes.extentreports.utils.ExceptionUtil.getExceptionHeadline(ExceptionUtil.java:24)
	at com.relevantcodes.extentreports.Report.setCauseTest(Report.java:368)
	at com.relevantcodes.extentreports.Report.finalizeTest(Report.java:336)
	at com.relevantcodes.extentreports.ExtentReports.endTest(ExtentReports.java:622)
	at com.gomechanic.Tests.BaseTestSuite.aftermethod(BaseTestSuite.java:76)
... Removed 35 stack frames]]>
    </failure>
  </testcase> <!-- @AfterMethod aftermethod -->
  <testcase classname="com.gomechanic.Tests.ValidateErrorMessageWhenUserGetOnboardWithoutWorkshopNameOnPartnersPageTest" name="@BeforeMethod setUpTest" time="0.0">
    <skipped/>
  </testcase> <!-- @BeforeMethod setUpTest -->
  <testcase classname="com.gomechanic.Tests.ValidateErrorMessageWhenUserGetOnboardWithoutWorkshopNameOnPartnersPageTest" name="@AfterMethod aftermethod" time="0.0">
    <failure type="java.lang.NullPointerException">
      <![CDATA[java.lang.NullPointerException
	at java.base/java.util.regex.Matcher.getTextLength(Matcher.java:1770)
	at java.base/java.util.regex.Matcher.reset(Matcher.java:416)
	at java.base/java.util.regex.Matcher.<init>(Matcher.java:253)
	at java.base/java.util.regex.Pattern.matcher(Pattern.java:1133)
	at com.relevantcodes.extentreports.utils.ExceptionUtil.getExceptionHeadline(ExceptionUtil.java:24)
	at com.relevantcodes.extentreports.Report.setCauseTest(Report.java:368)
	at com.relevantcodes.extentreports.Report.finalizeTest(Report.java:336)
	at com.relevantcodes.extentreports.ExtentReports.endTest(ExtentReports.java:622)
	at com.gomechanic.Tests.BaseTestSuite.aftermethod(BaseTestSuite.java:76)
... Removed 35 stack frames]]>
    </failure>
  </testcase> <!-- @AfterMethod aftermethod -->
  <testcase classname="com.gomechanic.Tests.ValidateErrorMessageWithEmptyCartTest" name="@BeforeMethod setUpTest" time="0.0">
    <skipped/>
  </testcase> <!-- @BeforeMethod setUpTest -->
  <testcase classname="com.gomechanic.Tests.ValidateErrorMessageWithEmptyCartTest" name="@AfterMethod aftermethod" time="0.0">
    <failure type="java.lang.NullPointerException">
      <![CDATA[java.lang.NullPointerException
	at java.base/java.util.regex.Matcher.getTextLength(Matcher.java:1770)
	at java.base/java.util.regex.Matcher.reset(Matcher.java:416)
	at java.base/java.util.regex.Matcher.<init>(Matcher.java:253)
	at java.base/java.util.regex.Pattern.matcher(Pattern.java:1133)
	at com.relevantcodes.extentreports.utils.ExceptionUtil.getExceptionHeadline(ExceptionUtil.java:24)
	at com.relevantcodes.extentreports.Report.setCauseTest(Report.java:368)
	at com.relevantcodes.extentreports.Report.finalizeTest(Report.java:336)
	at com.relevantcodes.extentreports.ExtentReports.endTest(ExtentReports.java:622)
	at com.gomechanic.Tests.BaseTestSuite.aftermethod(BaseTestSuite.java:76)
... Removed 35 stack frames]]>
    </failure>
  </testcase> <!-- @AfterMethod aftermethod -->
  <testcase classname="com.gomechanic.Tests.ValidateErrorMessageWithInvalidCouponCodeOnCheckoutPageTest" name="@BeforeMethod setUpTest" time="0.0">
    <skipped/>
  </testcase> <!-- @BeforeMethod setUpTest -->
  <testcase classname="com.gomechanic.Tests.ValidateErrorMessageWithInvalidCouponCodeOnCheckoutPageTest" name="@AfterMethod aftermethod" time="0.0">
    <failure type="java.lang.NullPointerException">
      <![CDATA[java.lang.NullPointerException
	at java.base/java.util.regex.Matcher.getTextLength(Matcher.java:1770)
	at java.base/java.util.regex.Matcher.reset(Matcher.java:416)
	at java.base/java.util.regex.Matcher.<init>(Matcher.java:253)
	at java.base/java.util.regex.Pattern.matcher(Pattern.java:1133)
	at com.relevantcodes.extentreports.utils.ExceptionUtil.getExceptionHeadline(ExceptionUtil.java:24)
	at com.relevantcodes.extentreports.Report.setCauseTest(Report.java:368)
	at com.relevantcodes.extentreports.Report.finalizeTest(Report.java:336)
	at com.relevantcodes.extentreports.ExtentReports.endTest(ExtentReports.java:622)
	at com.gomechanic.Tests.BaseTestSuite.aftermethod(BaseTestSuite.java:76)
... Removed 35 stack frames]]>
    </failure>
  </testcase> <!-- @AfterMethod aftermethod -->
  <testcase classname="com.gomechanic.Tests.ValidateErrorMessageWithInvalidCouponCodeOnConfirmCheckoutPageTest" name="@BeforeMethod setUpTest" time="0.0">
    <skipped/>
  </testcase> <!-- @BeforeMethod setUpTest -->
  <testcase classname="com.gomechanic.Tests.ValidateErrorMessageWithInvalidCouponCodeOnConfirmCheckoutPageTest" name="@AfterMethod aftermethod" time="0.0">
    <failure type="java.lang.NullPointerException">
      <![CDATA[java.lang.NullPointerException
	at java.base/java.util.regex.Matcher.getTextLength(Matcher.java:1770)
	at java.base/java.util.regex.Matcher.reset(Matcher.java:416)
	at java.base/java.util.regex.Matcher.<init>(Matcher.java:253)
	at java.base/java.util.regex.Pattern.matcher(Pattern.java:1133)
	at com.relevantcodes.extentreports.utils.ExceptionUtil.getExceptionHeadline(ExceptionUtil.java:24)
	at com.relevantcodes.extentreports.Report.setCauseTest(Report.java:368)
	at com.relevantcodes.extentreports.Report.finalizeTest(Report.java:336)
	at com.relevantcodes.extentreports.ExtentReports.endTest(ExtentReports.java:622)
	at com.gomechanic.Tests.BaseTestSuite.aftermethod(BaseTestSuite.java:76)
... Removed 35 stack frames]]>
    </failure>
  </testcase> <!-- @AfterMethod aftermethod -->
  <testcase classname="com.gomechanic.Tests.ValidateErrorMessageWithInvalidEmailOrPhoneOnLoginPageTest" name="@BeforeMethod setUpTest" time="0.0">
    <skipped/>
  </testcase> <!-- @BeforeMethod setUpTest -->
  <testcase classname="com.gomechanic.Tests.ValidateErrorMessageWithInvalidEmailOrPhoneOnLoginPageTest" name="@AfterMethod aftermethod" time="0.0">
    <failure type="java.lang.NullPointerException">
      <![CDATA[java.lang.NullPointerException
	at java.base/java.util.regex.Matcher.getTextLength(Matcher.java:1770)
	at java.base/java.util.regex.Matcher.reset(Matcher.java:416)
	at java.base/java.util.regex.Matcher.<init>(Matcher.java:253)
	at java.base/java.util.regex.Pattern.matcher(Pattern.java:1133)
	at com.relevantcodes.extentreports.utils.ExceptionUtil.getExceptionHeadline(ExceptionUtil.java:24)
	at com.relevantcodes.extentreports.Report.setCauseTest(Report.java:368)
	at com.relevantcodes.extentreports.Report.finalizeTest(Report.java:336)
	at com.relevantcodes.extentreports.ExtentReports.endTest(ExtentReports.java:622)
	at com.gomechanic.Tests.BaseTestSuite.aftermethod(BaseTestSuite.java:76)
... Removed 35 stack frames]]>
    </failure>
  </testcase> <!-- @AfterMethod aftermethod -->
  <testcase classname="com.gomechanic.Tests.ValidateErrorMessageWithInvalidLoginCredentialsTest" name="@BeforeMethod setUpTest" time="0.0">
    <skipped/>
  </testcase> <!-- @BeforeMethod setUpTest -->
  <testcase classname="com.gomechanic.Tests.ValidateErrorMessageWithInvalidLoginCredentialsTest" name="@AfterMethod aftermethod" time="0.0">
    <failure type="java.lang.NullPointerException">
      <![CDATA[java.lang.NullPointerException
	at java.base/java.util.regex.Matcher.getTextLength(Matcher.java:1770)
	at java.base/java.util.regex.Matcher.reset(Matcher.java:416)
	at java.base/java.util.regex.Matcher.<init>(Matcher.java:253)
	at java.base/java.util.regex.Pattern.matcher(Pattern.java:1133)
	at com.relevantcodes.extentreports.utils.ExceptionUtil.getExceptionHeadline(ExceptionUtil.java:24)
	at com.relevantcodes.extentreports.Report.setCauseTest(Report.java:368)
	at com.relevantcodes.extentreports.Report.finalizeTest(Report.java:336)
	at com.relevantcodes.extentreports.ExtentReports.endTest(ExtentReports.java:622)
	at com.gomechanic.Tests.BaseTestSuite.aftermethod(BaseTestSuite.java:76)
... Removed 35 stack frames]]>
    </failure>
  </testcase> <!-- @AfterMethod aftermethod -->
  <testcase classname="com.gomechanic.Tests.ValidateErrorMessageWithInvalidMobileNumberOnGiveRequirementsPopupInHomePageTest" name="@BeforeMethod setUpTest" time="0.0">
    <skipped/>
  </testcase> <!-- @BeforeMethod setUpTest -->
  <testcase classname="com.gomechanic.Tests.ValidateErrorMessageWithInvalidMobileNumberOnGiveRequirementsPopupInHomePageTest" name="@AfterMethod aftermethod" time="0.0">
    <failure type="java.lang.NullPointerException">
      <![CDATA[java.lang.NullPointerException
	at java.base/java.util.regex.Matcher.getTextLength(Matcher.java:1770)
	at java.base/java.util.regex.Matcher.reset(Matcher.java:416)
	at java.base/java.util.regex.Matcher.<init>(Matcher.java:253)
	at java.base/java.util.regex.Pattern.matcher(Pattern.java:1133)
	at com.relevantcodes.extentreports.utils.ExceptionUtil.getExceptionHeadline(ExceptionUtil.java:24)
	at com.relevantcodes.extentreports.Report.setCauseTest(Report.java:368)
	at com.relevantcodes.extentreports.Report.finalizeTest(Report.java:336)
	at com.relevantcodes.extentreports.ExtentReports.endTest(ExtentReports.java:622)
	at com.gomechanic.Tests.BaseTestSuite.aftermethod(BaseTestSuite.java:76)
... Removed 35 stack frames]]>
    </failure>
  </testcase> <!-- @AfterMethod aftermethod -->
  <testcase classname="com.gomechanic.Tests.ValidateErrorMessageWithInvalidPasswordOnLoginPageTest" name="@BeforeMethod setUpTest" time="0.0">
    <skipped/>
  </testcase> <!-- @BeforeMethod setUpTest -->
  <testcase classname="com.gomechanic.Tests.ValidateErrorMessageWithInvalidPasswordOnLoginPageTest" name="@AfterMethod aftermethod" time="0.0">
    <failure type="java.lang.NullPointerException">
      <![CDATA[java.lang.NullPointerException
	at java.base/java.util.regex.Matcher.getTextLength(Matcher.java:1770)
	at java.base/java.util.regex.Matcher.reset(Matcher.java:416)
	at java.base/java.util.regex.Matcher.<init>(Matcher.java:253)
	at java.base/java.util.regex.Pattern.matcher(Pattern.java:1133)
	at com.relevantcodes.extentreports.utils.ExceptionUtil.getExceptionHeadline(ExceptionUtil.java:24)
	at com.relevantcodes.extentreports.Report.setCauseTest(Report.java:368)
	at com.relevantcodes.extentreports.Report.finalizeTest(Report.java:336)
	at com.relevantcodes.extentreports.ExtentReports.endTest(ExtentReports.java:622)
	at com.gomechanic.Tests.BaseTestSuite.aftermethod(BaseTestSuite.java:76)
... Removed 35 stack frames]]>
    </failure>
  </testcase> <!-- @AfterMethod aftermethod -->
  <testcase classname="com.gomechanic.Tests.ValidateErrorMessageWithoutCouponCodeOnConfirmCheckoutPageTest" name="@BeforeMethod setUpTest" time="0.0">
    <skipped/>
  </testcase> <!-- @BeforeMethod setUpTest -->
  <testcase classname="com.gomechanic.Tests.ValidateErrorMessageWithoutCouponCodeOnConfirmCheckoutPageTest" name="@AfterMethod aftermethod" time="0.0">
    <failure type="java.lang.NullPointerException">
      <![CDATA[java.lang.NullPointerException
	at java.base/java.util.regex.Matcher.getTextLength(Matcher.java:1770)
	at java.base/java.util.regex.Matcher.reset(Matcher.java:416)
	at java.base/java.util.regex.Matcher.<init>(Matcher.java:253)
	at java.base/java.util.regex.Pattern.matcher(Pattern.java:1133)
	at com.relevantcodes.extentreports.utils.ExceptionUtil.getExceptionHeadline(ExceptionUtil.java:24)
	at com.relevantcodes.extentreports.Report.setCauseTest(Report.java:368)
	at com.relevantcodes.extentreports.Report.finalizeTest(Report.java:336)
	at com.relevantcodes.extentreports.ExtentReports.endTest(ExtentReports.java:622)
	at com.gomechanic.Tests.BaseTestSuite.aftermethod(BaseTestSuite.java:76)
... Removed 35 stack frames]]>
    </failure>
  </testcase> <!-- @AfterMethod aftermethod -->
  <testcase classname="com.gomechanic.Tests.ValidateErrorMessageWithoutEmailIdUserAppliesForJobFromAllTabTest" name="@BeforeMethod setUpTest" time="0.0">
    <skipped/>
  </testcase> <!-- @BeforeMethod setUpTest -->
  <testcase classname="com.gomechanic.Tests.ValidateErrorMessageWithoutEmailIdUserAppliesForJobFromAllTabTest" name="@AfterMethod aftermethod" time="0.0">
    <failure type="java.lang.NullPointerException">
      <![CDATA[java.lang.NullPointerException
	at java.base/java.util.regex.Matcher.getTextLength(Matcher.java:1770)
	at java.base/java.util.regex.Matcher.reset(Matcher.java:416)
	at java.base/java.util.regex.Matcher.<init>(Matcher.java:253)
	at java.base/java.util.regex.Pattern.matcher(Pattern.java:1133)
	at com.relevantcodes.extentreports.utils.ExceptionUtil.getExceptionHeadline(ExceptionUtil.java:24)
	at com.relevantcodes.extentreports.Report.setCauseTest(Report.java:368)
	at com.relevantcodes.extentreports.Report.finalizeTest(Report.java:336)
	at com.relevantcodes.extentreports.ExtentReports.endTest(ExtentReports.java:622)
	at com.gomechanic.Tests.BaseTestSuite.aftermethod(BaseTestSuite.java:76)
... Removed 35 stack frames]]>
    </failure>
  </testcase> <!-- @AfterMethod aftermethod -->
  <testcase classname="com.gomechanic.Tests.ValidateErrorMessageWithoutEmailIdUserAppliesForJobFromAnalyticsTabTest" name="@BeforeMethod setUpTest" time="0.0">
    <skipped/>
  </testcase> <!-- @BeforeMethod setUpTest -->
  <testcase classname="com.gomechanic.Tests.ValidateErrorMessageWithoutEmailIdUserAppliesForJobFromAnalyticsTabTest" name="@AfterMethod aftermethod" time="0.0">
    <failure type="java.lang.NullPointerException">
      <![CDATA[java.lang.NullPointerException
	at java.base/java.util.regex.Matcher.getTextLength(Matcher.java:1770)
	at java.base/java.util.regex.Matcher.reset(Matcher.java:416)
	at java.base/java.util.regex.Matcher.<init>(Matcher.java:253)
	at java.base/java.util.regex.Pattern.matcher(Pattern.java:1133)
	at com.relevantcodes.extentreports.utils.ExceptionUtil.getExceptionHeadline(ExceptionUtil.java:24)
	at com.relevantcodes.extentreports.Report.setCauseTest(Report.java:368)
	at com.relevantcodes.extentreports.Report.finalizeTest(Report.java:336)
	at com.relevantcodes.extentreports.ExtentReports.endTest(ExtentReports.java:622)
	at com.gomechanic.Tests.BaseTestSuite.aftermethod(BaseTestSuite.java:76)
... Removed 35 stack frames]]>
    </failure>
  </testcase> <!-- @AfterMethod aftermethod -->
  <testcase classname="com.gomechanic.Tests.ValidateErrorMessageWithoutEmailIdUserAppliesForJobFromCustomerServiceTabTest" name="@BeforeMethod setUpTest" time="0.0">
    <skipped/>
  </testcase> <!-- @BeforeMethod setUpTest -->
  <testcase classname="com.gomechanic.Tests.ValidateErrorMessageWithoutEmailIdUserAppliesForJobFromCustomerServiceTabTest" name="@AfterMethod aftermethod" time="0.0">
    <failure type="java.lang.NullPointerException">
      <![CDATA[java.lang.NullPointerException
	at java.base/java.util.regex.Matcher.getTextLength(Matcher.java:1770)
	at java.base/java.util.regex.Matcher.reset(Matcher.java:416)
	at java.base/java.util.regex.Matcher.<init>(Matcher.java:253)
	at java.base/java.util.regex.Pattern.matcher(Pattern.java:1133)
	at com.relevantcodes.extentreports.utils.ExceptionUtil.getExceptionHeadline(ExceptionUtil.java:24)
	at com.relevantcodes.extentreports.Report.setCauseTest(Report.java:368)
	at com.relevantcodes.extentreports.Report.finalizeTest(Report.java:336)
	at com.relevantcodes.extentreports.ExtentReports.endTest(ExtentReports.java:622)
	at com.gomechanic.Tests.BaseTestSuite.aftermethod(BaseTestSuite.java:76)
... Removed 35 stack frames]]>
    </failure>
  </testcase> <!-- @AfterMethod aftermethod -->
  <testcase classname="com.gomechanic.Tests.ValidateErrorMessageWithoutEmailIdUserAppliesForJobFromGroupOperationsTabTest" name="@BeforeMethod setUpTest" time="0.0">
    <skipped/>
  </testcase> <!-- @BeforeMethod setUpTest -->
  <testcase classname="com.gomechanic.Tests.ValidateErrorMessageWithoutEmailIdUserAppliesForJobFromGroupOperationsTabTest" name="@AfterMethod aftermethod" time="0.0">
    <failure type="java.lang.NullPointerException">
      <![CDATA[java.lang.NullPointerException
	at java.base/java.util.regex.Matcher.getTextLength(Matcher.java:1770)
	at java.base/java.util.regex.Matcher.reset(Matcher.java:416)
	at java.base/java.util.regex.Matcher.<init>(Matcher.java:253)
	at java.base/java.util.regex.Pattern.matcher(Pattern.java:1133)
	at com.relevantcodes.extentreports.utils.ExceptionUtil.getExceptionHeadline(ExceptionUtil.java:24)
	at com.relevantcodes.extentreports.Report.setCauseTest(Report.java:368)
	at com.relevantcodes.extentreports.Report.finalizeTest(Report.java:336)
	at com.relevantcodes.extentreports.ExtentReports.endTest(ExtentReports.java:622)
	at com.gomechanic.Tests.BaseTestSuite.aftermethod(BaseTestSuite.java:76)
... Removed 35 stack frames]]>
    </failure>
  </testcase> <!-- @AfterMethod aftermethod -->
  <testcase classname="com.gomechanic.Tests.ValidateErrorMessageWithoutEmailIdUserAppliesForJobFromTechnologyTabTest" name="@BeforeMethod setUpTest" time="0.0">
    <skipped/>
  </testcase> <!-- @BeforeMethod setUpTest -->
  <testcase classname="com.gomechanic.Tests.ValidateErrorMessageWithoutEmailIdUserAppliesForJobFromTechnologyTabTest" name="@AfterMethod aftermethod" time="0.0">
    <failure type="java.lang.NullPointerException">
      <![CDATA[java.lang.NullPointerException
	at java.base/java.util.regex.Matcher.getTextLength(Matcher.java:1770)
	at java.base/java.util.regex.Matcher.reset(Matcher.java:416)
	at java.base/java.util.regex.Matcher.<init>(Matcher.java:253)
	at java.base/java.util.regex.Pattern.matcher(Pattern.java:1133)
	at com.relevantcodes.extentreports.utils.ExceptionUtil.getExceptionHeadline(ExceptionUtil.java:24)
	at com.relevantcodes.extentreports.Report.setCauseTest(Report.java:368)
	at com.relevantcodes.extentreports.Report.finalizeTest(Report.java:336)
	at com.relevantcodes.extentreports.ExtentReports.endTest(ExtentReports.java:622)
	at com.gomechanic.Tests.BaseTestSuite.aftermethod(BaseTestSuite.java:76)
... Removed 35 stack frames]]>
    </failure>
  </testcase> <!-- @AfterMethod aftermethod -->
  <testcase classname="com.gomechanic.Tests.ValidateErrorMessageWithoutMobileNumberOnGiveRequirementsPopupInHomePageTest" name="@BeforeMethod setUpTest" time="0.0">
    <skipped/>
  </testcase> <!-- @BeforeMethod setUpTest -->
  <testcase classname="com.gomechanic.Tests.ValidateErrorMessageWithoutMobileNumberOnGiveRequirementsPopupInHomePageTest" name="@AfterMethod aftermethod" time="0.0">
    <failure type="java.lang.NullPointerException">
      <![CDATA[java.lang.NullPointerException
	at java.base/java.util.regex.Matcher.getTextLength(Matcher.java:1770)
	at java.base/java.util.regex.Matcher.reset(Matcher.java:416)
	at java.base/java.util.regex.Matcher.<init>(Matcher.java:253)
	at java.base/java.util.regex.Pattern.matcher(Pattern.java:1133)
	at com.relevantcodes.extentreports.utils.ExceptionUtil.getExceptionHeadline(ExceptionUtil.java:24)
	at com.relevantcodes.extentreports.Report.setCauseTest(Report.java:368)
	at com.relevantcodes.extentreports.Report.finalizeTest(Report.java:336)
	at com.relevantcodes.extentreports.ExtentReports.endTest(ExtentReports.java:622)
	at com.gomechanic.Tests.BaseTestSuite.aftermethod(BaseTestSuite.java:76)
... Removed 35 stack frames]]>
    </failure>
  </testcase> <!-- @AfterMethod aftermethod -->
  <testcase classname="com.gomechanic.Tests.ValidateErrorMessageWithoutMobileNumberOnInsurancePageTest" name="@BeforeMethod setUpTest" time="0.0">
    <skipped/>
  </testcase> <!-- @BeforeMethod setUpTest -->
  <testcase classname="com.gomechanic.Tests.ValidateErrorMessageWithoutMobileNumberOnInsurancePageTest" name="@AfterMethod aftermethod" time="0.0">
    <failure type="java.lang.NullPointerException">
      <![CDATA[java.lang.NullPointerException
	at java.base/java.util.regex.Matcher.getTextLength(Matcher.java:1770)
	at java.base/java.util.regex.Matcher.reset(Matcher.java:416)
	at java.base/java.util.regex.Matcher.<init>(Matcher.java:253)
	at java.base/java.util.regex.Pattern.matcher(Pattern.java:1133)
	at com.relevantcodes.extentreports.utils.ExceptionUtil.getExceptionHeadline(ExceptionUtil.java:24)
	at com.relevantcodes.extentreports.Report.setCauseTest(Report.java:368)
	at com.relevantcodes.extentreports.Report.finalizeTest(Report.java:336)
	at com.relevantcodes.extentreports.ExtentReports.endTest(ExtentReports.java:622)
	at com.gomechanic.Tests.BaseTestSuite.aftermethod(BaseTestSuite.java:76)
... Removed 35 stack frames]]>
    </failure>
  </testcase> <!-- @AfterMethod aftermethod -->
  <testcase classname="com.gomechanic.Tests.ValidateErrorMessageWithoutPasswordOnLoginPageTest" name="@BeforeMethod setUpTest" time="0.0">
    <skipped/>
  </testcase> <!-- @BeforeMethod setUpTest -->
  <testcase classname="com.gomechanic.Tests.ValidateErrorMessageWithoutPasswordOnLoginPageTest" name="@AfterMethod aftermethod" time="0.0">
    <failure type="java.lang.NullPointerException">
      <![CDATA[java.lang.NullPointerException
	at java.base/java.util.regex.Matcher.getTextLength(Matcher.java:1770)
	at java.base/java.util.regex.Matcher.reset(Matcher.java:416)
	at java.base/java.util.regex.Matcher.<init>(Matcher.java:253)
	at java.base/java.util.regex.Pattern.matcher(Pattern.java:1133)
	at com.relevantcodes.extentreports.utils.ExceptionUtil.getExceptionHeadline(ExceptionUtil.java:24)
	at com.relevantcodes.extentreports.Report.setCauseTest(Report.java:368)
	at com.relevantcodes.extentreports.Report.finalizeTest(Report.java:336)
	at com.relevantcodes.extentreports.ExtentReports.endTest(ExtentReports.java:622)
	at com.gomechanic.Tests.BaseTestSuite.aftermethod(BaseTestSuite.java:76)
... Removed 35 stack frames]]>
    </failure>
  </testcase> <!-- @AfterMethod aftermethod -->
  <testcase classname="com.gomechanic.Tests.ValidateLandMarkErrorMessageWithoutLandMarkInCarCareServiceTest" name="@BeforeMethod setUpTest" time="0.0">
    <skipped/>
  </testcase> <!-- @BeforeMethod setUpTest -->
  <testcase classname="com.gomechanic.Tests.ValidateLandMarkErrorMessageWithoutLandMarkInCarCareServiceTest" name="@AfterMethod aftermethod" time="0.0">
    <failure type="java.lang.NullPointerException">
      <![CDATA[java.lang.NullPointerException
	at java.base/java.util.regex.Matcher.getTextLength(Matcher.java:1770)
	at java.base/java.util.regex.Matcher.reset(Matcher.java:416)
	at java.base/java.util.regex.Matcher.<init>(Matcher.java:253)
	at java.base/java.util.regex.Pattern.matcher(Pattern.java:1133)
	at com.relevantcodes.extentreports.utils.ExceptionUtil.getExceptionHeadline(ExceptionUtil.java:24)
	at com.relevantcodes.extentreports.Report.setCauseTest(Report.java:368)
	at com.relevantcodes.extentreports.Report.finalizeTest(Report.java:336)
	at com.relevantcodes.extentreports.ExtentReports.endTest(ExtentReports.java:622)
	at com.gomechanic.Tests.BaseTestSuite.aftermethod(BaseTestSuite.java:76)
... Removed 35 stack frames]]>
    </failure>
  </testcase> <!-- @AfterMethod aftermethod -->
  <testcase classname="com.gomechanic.Tests.ValidateNavigateToAboutUsPageTest" name="@BeforeMethod setUpTest" time="0.0">
    <skipped/>
  </testcase> <!-- @BeforeMethod setUpTest -->
  <testcase classname="com.gomechanic.Tests.ValidateNavigateToAboutUsPageTest" name="@AfterMethod aftermethod" time="0.0">
    <failure type="java.lang.NullPointerException">
      <![CDATA[java.lang.NullPointerException
	at java.base/java.util.regex.Matcher.getTextLength(Matcher.java:1770)
	at java.base/java.util.regex.Matcher.reset(Matcher.java:416)
	at java.base/java.util.regex.Matcher.<init>(Matcher.java:253)
	at java.base/java.util.regex.Pattern.matcher(Pattern.java:1133)
	at com.relevantcodes.extentreports.utils.ExceptionUtil.getExceptionHeadline(ExceptionUtil.java:24)
	at com.relevantcodes.extentreports.Report.setCauseTest(Report.java:368)
	at com.relevantcodes.extentreports.Report.finalizeTest(Report.java:336)
	at com.relevantcodes.extentreports.ExtentReports.endTest(ExtentReports.java:622)
	at com.gomechanic.Tests.BaseTestSuite.aftermethod(BaseTestSuite.java:76)
... Removed 35 stack frames]]>
    </failure>
  </testcase> <!-- @AfterMethod aftermethod -->
  <testcase classname="com.gomechanic.Tests.ValidateNavigateToBlogPageTest" name="@BeforeMethod setUpTest" time="0.0">
    <skipped/>
  </testcase> <!-- @BeforeMethod setUpTest -->
  <testcase classname="com.gomechanic.Tests.ValidateNavigateToBlogPageTest" name="@AfterMethod aftermethod" time="0.0">
    <failure type="java.lang.NullPointerException">
      <![CDATA[java.lang.NullPointerException
	at java.base/java.util.regex.Matcher.getTextLength(Matcher.java:1770)
	at java.base/java.util.regex.Matcher.reset(Matcher.java:416)
	at java.base/java.util.regex.Matcher.<init>(Matcher.java:253)
	at java.base/java.util.regex.Pattern.matcher(Pattern.java:1133)
	at com.relevantcodes.extentreports.utils.ExceptionUtil.getExceptionHeadline(ExceptionUtil.java:24)
	at com.relevantcodes.extentreports.Report.setCauseTest(Report.java:368)
	at com.relevantcodes.extentreports.Report.finalizeTest(Report.java:336)
	at com.relevantcodes.extentreports.ExtentReports.endTest(ExtentReports.java:622)
	at com.gomechanic.Tests.BaseTestSuite.aftermethod(BaseTestSuite.java:76)
... Removed 35 stack frames]]>
    </failure>
  </testcase> <!-- @AfterMethod aftermethod -->
  <testcase classname="com.gomechanic.Tests.ValidateNavigateToCareersPageTest" name="@BeforeMethod setUpTest" time="0.0">
    <skipped/>
  </testcase> <!-- @BeforeMethod setUpTest -->
  <testcase classname="com.gomechanic.Tests.ValidateNavigateToCareersPageTest" name="@AfterMethod aftermethod" time="0.0">
    <failure type="java.lang.NullPointerException">
      <![CDATA[java.lang.NullPointerException
	at java.base/java.util.regex.Matcher.getTextLength(Matcher.java:1770)
	at java.base/java.util.regex.Matcher.reset(Matcher.java:416)
	at java.base/java.util.regex.Matcher.<init>(Matcher.java:253)
	at java.base/java.util.regex.Pattern.matcher(Pattern.java:1133)
	at com.relevantcodes.extentreports.utils.ExceptionUtil.getExceptionHeadline(ExceptionUtil.java:24)
	at com.relevantcodes.extentreports.Report.setCauseTest(Report.java:368)
	at com.relevantcodes.extentreports.Report.finalizeTest(Report.java:336)
	at com.relevantcodes.extentreports.ExtentReports.endTest(ExtentReports.java:622)
	at com.gomechanic.Tests.BaseTestSuite.aftermethod(BaseTestSuite.java:76)
... Removed 35 stack frames]]>
    </failure>
  </testcase> <!-- @AfterMethod aftermethod -->
  <testcase classname="com.gomechanic.Tests.ValidateNavigateToContactPageTest" name="@BeforeMethod setUpTest" time="0.0">
    <skipped/>
  </testcase> <!-- @BeforeMethod setUpTest -->
  <testcase classname="com.gomechanic.Tests.ValidateNavigateToContactPageTest" name="@AfterMethod aftermethod" time="0.0">
    <failure type="java.lang.NullPointerException">
      <![CDATA[java.lang.NullPointerException
	at java.base/java.util.regex.Matcher.getTextLength(Matcher.java:1770)
	at java.base/java.util.regex.Matcher.reset(Matcher.java:416)
	at java.base/java.util.regex.Matcher.<init>(Matcher.java:253)
	at java.base/java.util.regex.Pattern.matcher(Pattern.java:1133)
	at com.relevantcodes.extentreports.utils.ExceptionUtil.getExceptionHeadline(ExceptionUtil.java:24)
	at com.relevantcodes.extentreports.Report.setCauseTest(Report.java:368)
	at com.relevantcodes.extentreports.Report.finalizeTest(Report.java:336)
	at com.relevantcodes.extentreports.ExtentReports.endTest(ExtentReports.java:622)
	at com.gomechanic.Tests.BaseTestSuite.aftermethod(BaseTestSuite.java:76)
... Removed 35 stack frames]]>
    </failure>
  </testcase> <!-- @AfterMethod aftermethod -->
  <testcase classname="com.gomechanic.Tests.ValidateNavigateToFaqsPageTest" name="@BeforeMethod setUpTest" time="0.0">
    <skipped/>
  </testcase> <!-- @BeforeMethod setUpTest -->
  <testcase classname="com.gomechanic.Tests.ValidateNavigateToFaqsPageTest" name="@AfterMethod aftermethod" time="0.0">
    <failure type="java.lang.NullPointerException">
      <![CDATA[java.lang.NullPointerException
	at java.base/java.util.regex.Matcher.getTextLength(Matcher.java:1770)
	at java.base/java.util.regex.Matcher.reset(Matcher.java:416)
	at java.base/java.util.regex.Matcher.<init>(Matcher.java:253)
	at java.base/java.util.regex.Pattern.matcher(Pattern.java:1133)
	at com.relevantcodes.extentreports.utils.ExceptionUtil.getExceptionHeadline(ExceptionUtil.java:24)
	at com.relevantcodes.extentreports.Report.setCauseTest(Report.java:368)
	at com.relevantcodes.extentreports.Report.finalizeTest(Report.java:336)
	at com.relevantcodes.extentreports.ExtentReports.endTest(ExtentReports.java:622)
	at com.gomechanic.Tests.BaseTestSuite.aftermethod(BaseTestSuite.java:76)
... Removed 35 stack frames]]>
    </failure>
  </testcase> <!-- @AfterMethod aftermethod -->
  <testcase classname="com.gomechanic.Tests.ValidateNavigateToInsurancePageTest" name="@BeforeMethod setUpTest" time="0.0">
    <skipped/>
  </testcase> <!-- @BeforeMethod setUpTest -->
  <testcase classname="com.gomechanic.Tests.ValidateNavigateToInsurancePageTest" name="@AfterMethod aftermethod" time="0.0">
    <failure type="java.lang.NullPointerException">
      <![CDATA[java.lang.NullPointerException
	at java.base/java.util.regex.Matcher.getTextLength(Matcher.java:1770)
	at java.base/java.util.regex.Matcher.reset(Matcher.java:416)
	at java.base/java.util.regex.Matcher.<init>(Matcher.java:253)
	at java.base/java.util.regex.Pattern.matcher(Pattern.java:1133)
	at com.relevantcodes.extentreports.utils.ExceptionUtil.getExceptionHeadline(ExceptionUtil.java:24)
	at com.relevantcodes.extentreports.Report.setCauseTest(Report.java:368)
	at com.relevantcodes.extentreports.Report.finalizeTest(Report.java:336)
	at com.relevantcodes.extentreports.ExtentReports.endTest(ExtentReports.java:622)
	at com.gomechanic.Tests.BaseTestSuite.aftermethod(BaseTestSuite.java:76)
... Removed 35 stack frames]]>
    </failure>
  </testcase> <!-- @AfterMethod aftermethod -->
  <testcase classname="com.gomechanic.Tests.ValidateNavigateToPartnersPageTest" name="@BeforeMethod setUpTest" time="0.0">
    <skipped/>
  </testcase> <!-- @BeforeMethod setUpTest -->
  <testcase classname="com.gomechanic.Tests.ValidateNavigateToPartnersPageTest" name="@AfterMethod aftermethod" time="0.0">
    <failure type="java.lang.NullPointerException">
      <![CDATA[java.lang.NullPointerException
	at java.base/java.util.regex.Matcher.getTextLength(Matcher.java:1770)
	at java.base/java.util.regex.Matcher.reset(Matcher.java:416)
	at java.base/java.util.regex.Matcher.<init>(Matcher.java:253)
	at java.base/java.util.regex.Pattern.matcher(Pattern.java:1133)
	at com.relevantcodes.extentreports.utils.ExceptionUtil.getExceptionHeadline(ExceptionUtil.java:24)
	at com.relevantcodes.extentreports.Report.setCauseTest(Report.java:368)
	at com.relevantcodes.extentreports.Report.finalizeTest(Report.java:336)
	at com.relevantcodes.extentreports.ExtentReports.endTest(ExtentReports.java:622)
	at com.gomechanic.Tests.BaseTestSuite.aftermethod(BaseTestSuite.java:76)
... Removed 35 stack frames]]>
    </failure>
  </testcase> <!-- @AfterMethod aftermethod -->
  <testcase classname="com.gomechanic.Tests.ValidateNavigateToServicesPageAfterCarEnquiryTest" name="@BeforeMethod setUpTest" time="0.0">
    <skipped/>
  </testcase> <!-- @BeforeMethod setUpTest -->
  <testcase classname="com.gomechanic.Tests.ValidateNavigateToServicesPageAfterCarEnquiryTest" name="@AfterMethod aftermethod" time="0.0">
    <failure type="java.lang.NullPointerException">
      <![CDATA[java.lang.NullPointerException
	at java.base/java.util.regex.Matcher.getTextLength(Matcher.java:1770)
	at java.base/java.util.regex.Matcher.reset(Matcher.java:416)
	at java.base/java.util.regex.Matcher.<init>(Matcher.java:253)
	at java.base/java.util.regex.Pattern.matcher(Pattern.java:1133)
	at com.relevantcodes.extentreports.utils.ExceptionUtil.getExceptionHeadline(ExceptionUtil.java:24)
	at com.relevantcodes.extentreports.Report.setCauseTest(Report.java:368)
	at com.relevantcodes.extentreports.Report.finalizeTest(Report.java:336)
	at com.relevantcodes.extentreports.ExtentReports.endTest(ExtentReports.java:622)
	at com.gomechanic.Tests.BaseTestSuite.aftermethod(BaseTestSuite.java:76)
... Removed 35 stack frames]]>
    </failure>
  </testcase> <!-- @AfterMethod aftermethod -->
  <testcase classname="com.gomechanic.Tests.ValidateNavigateToServicesPageTest" name="@BeforeMethod setUpTest" time="0.0">
    <skipped/>
  </testcase> <!-- @BeforeMethod setUpTest -->
  <testcase classname="com.gomechanic.Tests.ValidateNavigateToServicesPageTest" name="@AfterMethod aftermethod" time="0.0">
    <failure type="java.lang.NullPointerException">
      <![CDATA[java.lang.NullPointerException
	at java.base/java.util.regex.Matcher.getTextLength(Matcher.java:1770)
	at java.base/java.util.regex.Matcher.reset(Matcher.java:416)
	at java.base/java.util.regex.Matcher.<init>(Matcher.java:253)
	at java.base/java.util.regex.Pattern.matcher(Pattern.java:1133)
	at com.relevantcodes.extentreports.utils.ExceptionUtil.getExceptionHeadline(ExceptionUtil.java:24)
	at com.relevantcodes.extentreports.Report.setCauseTest(Report.java:368)
	at com.relevantcodes.extentreports.Report.finalizeTest(Report.java:336)
	at com.relevantcodes.extentreports.ExtentReports.endTest(ExtentReports.java:622)
	at com.gomechanic.Tests.BaseTestSuite.aftermethod(BaseTestSuite.java:76)
... Removed 35 stack frames]]>
    </failure>
  </testcase> <!-- @AfterMethod aftermethod -->
  <testcase classname="com.gomechanic.Tests.ValidatePhoneNumberFieldInAnalyticsCareerWithoutPhoneNumberTest" name="@BeforeMethod setUpTest" time="0.0">
    <skipped/>
  </testcase> <!-- @BeforeMethod setUpTest -->
  <testcase classname="com.gomechanic.Tests.ValidatePhoneNumberFieldInAnalyticsCareerWithoutPhoneNumberTest" name="@AfterMethod aftermethod" time="0.0">
    <failure type="java.lang.NullPointerException">
      <![CDATA[java.lang.NullPointerException
	at java.base/java.util.regex.Matcher.getTextLength(Matcher.java:1770)
	at java.base/java.util.regex.Matcher.reset(Matcher.java:416)
	at java.base/java.util.regex.Matcher.<init>(Matcher.java:253)
	at java.base/java.util.regex.Pattern.matcher(Pattern.java:1133)
	at com.relevantcodes.extentreports.utils.ExceptionUtil.getExceptionHeadline(ExceptionUtil.java:24)
	at com.relevantcodes.extentreports.Report.setCauseTest(Report.java:368)
	at com.relevantcodes.extentreports.Report.finalizeTest(Report.java:336)
	at com.relevantcodes.extentreports.ExtentReports.endTest(ExtentReports.java:622)
	at com.gomechanic.Tests.BaseTestSuite.aftermethod(BaseTestSuite.java:76)
... Removed 35 stack frames]]>
    </failure>
  </testcase> <!-- @AfterMethod aftermethod -->
  <testcase classname="com.gomechanic.Tests.ValidatePhoneNumberFieldInCustomerServiceCareerWithoutPhoneNumberTest" name="@BeforeMethod setUpTest" time="0.0">
    <skipped/>
  </testcase> <!-- @BeforeMethod setUpTest -->
  <testcase classname="com.gomechanic.Tests.ValidatePhoneNumberFieldInCustomerServiceCareerWithoutPhoneNumberTest" name="@AfterMethod aftermethod" time="0.0">
    <failure type="java.lang.NullPointerException">
      <![CDATA[java.lang.NullPointerException
	at java.base/java.util.regex.Matcher.getTextLength(Matcher.java:1770)
	at java.base/java.util.regex.Matcher.reset(Matcher.java:416)
	at java.base/java.util.regex.Matcher.<init>(Matcher.java:253)
	at java.base/java.util.regex.Pattern.matcher(Pattern.java:1133)
	at com.relevantcodes.extentreports.utils.ExceptionUtil.getExceptionHeadline(ExceptionUtil.java:24)
	at com.relevantcodes.extentreports.Report.setCauseTest(Report.java:368)
	at com.relevantcodes.extentreports.Report.finalizeTest(Report.java:336)
	at com.relevantcodes.extentreports.ExtentReports.endTest(ExtentReports.java:622)
	at com.gomechanic.Tests.BaseTestSuite.aftermethod(BaseTestSuite.java:76)
... Removed 35 stack frames]]>
    </failure>
  </testcase> <!-- @AfterMethod aftermethod -->
  <testcase classname="com.gomechanic.Tests.ValidatePhoneNumberFieldInGroundOperationsCareerWithoutPhoneNumberTest" name="@BeforeMethod setUpTest" time="0.0">
    <skipped/>
  </testcase> <!-- @BeforeMethod setUpTest -->
  <testcase classname="com.gomechanic.Tests.ValidatePhoneNumberFieldInGroundOperationsCareerWithoutPhoneNumberTest" name="@AfterMethod aftermethod" time="0.0">
    <failure type="java.lang.NullPointerException">
      <![CDATA[java.lang.NullPointerException
	at java.base/java.util.regex.Matcher.getTextLength(Matcher.java:1770)
	at java.base/java.util.regex.Matcher.reset(Matcher.java:416)
	at java.base/java.util.regex.Matcher.<init>(Matcher.java:253)
	at java.base/java.util.regex.Pattern.matcher(Pattern.java:1133)
	at com.relevantcodes.extentreports.utils.ExceptionUtil.getExceptionHeadline(ExceptionUtil.java:24)
	at com.relevantcodes.extentreports.Report.setCauseTest(Report.java:368)
	at com.relevantcodes.extentreports.Report.finalizeTest(Report.java:336)
	at com.relevantcodes.extentreports.ExtentReports.endTest(ExtentReports.java:622)
	at com.gomechanic.Tests.BaseTestSuite.aftermethod(BaseTestSuite.java:76)
... Removed 35 stack frames]]>
    </failure>
  </testcase> <!-- @AfterMethod aftermethod -->
  <testcase classname="com.gomechanic.Tests.ValidatePhoneNumberFieldInTechnologyCareerWithoutPhoneNumberTest" name="@BeforeMethod setUpTest" time="0.0">
    <skipped/>
  </testcase> <!-- @BeforeMethod setUpTest -->
  <testcase classname="com.gomechanic.Tests.ValidatePhoneNumberFieldInTechnologyCareerWithoutPhoneNumberTest" name="@AfterMethod aftermethod" time="0.0">
    <failure type="java.lang.NullPointerException">
      <![CDATA[java.lang.NullPointerException
	at java.base/java.util.regex.Matcher.getTextLength(Matcher.java:1770)
	at java.base/java.util.regex.Matcher.reset(Matcher.java:416)
	at java.base/java.util.regex.Matcher.<init>(Matcher.java:253)
	at java.base/java.util.regex.Pattern.matcher(Pattern.java:1133)
	at com.relevantcodes.extentreports.utils.ExceptionUtil.getExceptionHeadline(ExceptionUtil.java:24)
	at com.relevantcodes.extentreports.Report.setCauseTest(Report.java:368)
	at com.relevantcodes.extentreports.Report.finalizeTest(Report.java:336)
	at com.relevantcodes.extentreports.ExtentReports.endTest(ExtentReports.java:622)
	at com.gomechanic.Tests.BaseTestSuite.aftermethod(BaseTestSuite.java:76)
... Removed 35 stack frames]]>
    </failure>
  </testcase> <!-- @AfterMethod aftermethod -->
  <testcase classname="com.gomechanic.Tests.ValidatePhoneNumberForAJobInAllTabCareerTest" name="@BeforeMethod setUpTest" time="0.0">
    <skipped/>
  </testcase> <!-- @BeforeMethod setUpTest -->
  <testcase classname="com.gomechanic.Tests.ValidatePhoneNumberForAJobInAllTabCareerTest" name="@AfterMethod aftermethod" time="0.0">
    <failure type="java.lang.NullPointerException">
      <![CDATA[java.lang.NullPointerException
	at java.base/java.util.regex.Matcher.getTextLength(Matcher.java:1770)
	at java.base/java.util.regex.Matcher.reset(Matcher.java:416)
	at java.base/java.util.regex.Matcher.<init>(Matcher.java:253)
	at java.base/java.util.regex.Pattern.matcher(Pattern.java:1133)
	at com.relevantcodes.extentreports.utils.ExceptionUtil.getExceptionHeadline(ExceptionUtil.java:24)
	at com.relevantcodes.extentreports.Report.setCauseTest(Report.java:368)
	at com.relevantcodes.extentreports.Report.finalizeTest(Report.java:336)
	at com.relevantcodes.extentreports.ExtentReports.endTest(ExtentReports.java:622)
	at com.gomechanic.Tests.BaseTestSuite.aftermethod(BaseTestSuite.java:76)
... Removed 35 stack frames]]>
    </failure>
  </testcase> <!-- @AfterMethod aftermethod -->
  <testcase classname="com.gomechanic.Tests.ValidatePickUpAddressErrorMessageWithoutAddressInCarCareServiceTest" name="@BeforeMethod setUpTest" time="0.0">
    <skipped/>
  </testcase> <!-- @BeforeMethod setUpTest -->
  <testcase classname="com.gomechanic.Tests.ValidatePickUpAddressErrorMessageWithoutAddressInCarCareServiceTest" name="@AfterMethod aftermethod" time="0.0">
    <failure type="java.lang.NullPointerException">
      <![CDATA[java.lang.NullPointerException
	at java.base/java.util.regex.Matcher.getTextLength(Matcher.java:1770)
	at java.base/java.util.regex.Matcher.reset(Matcher.java:416)
	at java.base/java.util.regex.Matcher.<init>(Matcher.java:253)
	at java.base/java.util.regex.Pattern.matcher(Pattern.java:1133)
	at com.relevantcodes.extentreports.utils.ExceptionUtil.getExceptionHeadline(ExceptionUtil.java:24)
	at com.relevantcodes.extentreports.Report.setCauseTest(Report.java:368)
	at com.relevantcodes.extentreports.Report.finalizeTest(Report.java:336)
	at com.relevantcodes.extentreports.ExtentReports.endTest(ExtentReports.java:622)
	at com.gomechanic.Tests.BaseTestSuite.aftermethod(BaseTestSuite.java:76)
... Removed 35 stack frames]]>
    </failure>
  </testcase> <!-- @AfterMethod aftermethod -->
  <testcase classname="com.gomechanic.Tests.ValidateRequestQuoteWithoutCarDetailsTest" name="@BeforeMethod setUpTest" time="0.0">
    <skipped/>
  </testcase> <!-- @BeforeMethod setUpTest -->
  <testcase classname="com.gomechanic.Tests.ValidateRequestQuoteWithoutCarDetailsTest" name="@AfterMethod aftermethod" time="0.0">
    <failure type="java.lang.NullPointerException">
      <![CDATA[java.lang.NullPointerException
	at java.base/java.util.regex.Matcher.getTextLength(Matcher.java:1770)
	at java.base/java.util.regex.Matcher.reset(Matcher.java:416)
	at java.base/java.util.regex.Matcher.<init>(Matcher.java:253)
	at java.base/java.util.regex.Pattern.matcher(Pattern.java:1133)
	at com.relevantcodes.extentreports.utils.ExceptionUtil.getExceptionHeadline(ExceptionUtil.java:24)
	at com.relevantcodes.extentreports.Report.setCauseTest(Report.java:368)
	at com.relevantcodes.extentreports.Report.finalizeTest(Report.java:336)
	at com.relevantcodes.extentreports.ExtentReports.endTest(ExtentReports.java:622)
	at com.gomechanic.Tests.BaseTestSuite.aftermethod(BaseTestSuite.java:76)
... Removed 35 stack frames]]>
    </failure>
  </testcase> <!-- @AfterMethod aftermethod -->
  <testcase classname="com.gomechanic.Tests.ValidateRequestQuoteWithoutMobileNumberTest" name="@BeforeMethod setUpTest" time="0.0">
    <skipped/>
  </testcase> <!-- @BeforeMethod setUpTest -->
  <testcase classname="com.gomechanic.Tests.ValidateRequestQuoteWithoutMobileNumberTest" name="@AfterMethod aftermethod" time="0.0">
    <failure type="java.lang.NullPointerException">
      <![CDATA[java.lang.NullPointerException
	at java.base/java.util.regex.Matcher.getTextLength(Matcher.java:1770)
	at java.base/java.util.regex.Matcher.reset(Matcher.java:416)
	at java.base/java.util.regex.Matcher.<init>(Matcher.java:253)
	at java.base/java.util.regex.Pattern.matcher(Pattern.java:1133)
	at com.relevantcodes.extentreports.utils.ExceptionUtil.getExceptionHeadline(ExceptionUtil.java:24)
	at com.relevantcodes.extentreports.Report.setCauseTest(Report.java:368)
	at com.relevantcodes.extentreports.Report.finalizeTest(Report.java:336)
	at com.relevantcodes.extentreports.ExtentReports.endTest(ExtentReports.java:622)
	at com.gomechanic.Tests.BaseTestSuite.aftermethod(BaseTestSuite.java:76)
... Removed 35 stack frames]]>
    </failure>
  </testcase> <!-- @AfterMethod aftermethod -->
  <testcase classname="com.gomechanic.Tests.ValidateSelectedCityLocationTest" name="@BeforeMethod setUpTest" time="0.0">
    <skipped/>
  </testcase> <!-- @BeforeMethod setUpTest -->
  <testcase classname="com.gomechanic.Tests.ValidateSelectedCityLocationTest" name="@AfterMethod aftermethod" time="0.0">
    <failure type="java.lang.NullPointerException">
      <![CDATA[java.lang.NullPointerException
	at java.base/java.util.regex.Matcher.getTextLength(Matcher.java:1770)
	at java.base/java.util.regex.Matcher.reset(Matcher.java:416)
	at java.base/java.util.regex.Matcher.<init>(Matcher.java:253)
	at java.base/java.util.regex.Pattern.matcher(Pattern.java:1133)
	at com.relevantcodes.extentreports.utils.ExceptionUtil.getExceptionHeadline(ExceptionUtil.java:24)
	at com.relevantcodes.extentreports.Report.setCauseTest(Report.java:368)
	at com.relevantcodes.extentreports.Report.finalizeTest(Report.java:336)
	at com.relevantcodes.extentreports.ExtentReports.endTest(ExtentReports.java:622)
	at com.gomechanic.Tests.BaseTestSuite.aftermethod(BaseTestSuite.java:76)
... Removed 35 stack frames]]>
    </failure>
  </testcase> <!-- @AfterMethod aftermethod -->
  <testcase classname="com.gomechanic.Tests.ValidateSelectedCityLocationTest" name="@BeforeMethod setUpTest" time="0.0">
    <skipped/>
  </testcase> <!-- @BeforeMethod setUpTest -->
  <testcase classname="com.gomechanic.Tests.ValidateSelectedCityLocationTest" name="@AfterMethod aftermethod" time="0.0">
    <failure type="java.lang.NullPointerException">
      <![CDATA[java.lang.NullPointerException
	at java.base/java.util.regex.Matcher.getTextLength(Matcher.java:1770)
	at java.base/java.util.regex.Matcher.reset(Matcher.java:416)
	at java.base/java.util.regex.Matcher.<init>(Matcher.java:253)
	at java.base/java.util.regex.Pattern.matcher(Pattern.java:1133)
	at com.relevantcodes.extentreports.utils.ExceptionUtil.getExceptionHeadline(ExceptionUtil.java:24)
	at com.relevantcodes.extentreports.Report.setCauseTest(Report.java:368)
	at com.relevantcodes.extentreports.Report.finalizeTest(Report.java:336)
	at com.relevantcodes.extentreports.ExtentReports.endTest(ExtentReports.java:622)
	at com.gomechanic.Tests.BaseTestSuite.aftermethod(BaseTestSuite.java:76)
... Removed 35 stack frames]]>
    </failure>
  </testcase> <!-- @AfterMethod aftermethod -->
  <testcase classname="com.gomechanic.Tests.ValidateSelectedCityLocationTest" name="@BeforeMethod setUpTest" time="0.0">
    <skipped/>
  </testcase> <!-- @BeforeMethod setUpTest -->
  <testcase classname="com.gomechanic.Tests.ValidateSelectedCityLocationTest" name="@AfterMethod aftermethod" time="0.0">
    <failure type="java.lang.NullPointerException">
      <![CDATA[java.lang.NullPointerException
	at java.base/java.util.regex.Matcher.getTextLength(Matcher.java:1770)
	at java.base/java.util.regex.Matcher.reset(Matcher.java:416)
	at java.base/java.util.regex.Matcher.<init>(Matcher.java:253)
	at java.base/java.util.regex.Pattern.matcher(Pattern.java:1133)
	at com.relevantcodes.extentreports.utils.ExceptionUtil.getExceptionHeadline(ExceptionUtil.java:24)
	at com.relevantcodes.extentreports.Report.setCauseTest(Report.java:368)
	at com.relevantcodes.extentreports.Report.finalizeTest(Report.java:336)
	at com.relevantcodes.extentreports.ExtentReports.endTest(ExtentReports.java:622)
	at com.gomechanic.Tests.BaseTestSuite.aftermethod(BaseTestSuite.java:76)
... Removed 35 stack frames]]>
    </failure>
  </testcase> <!-- @AfterMethod aftermethod -->
  <testcase classname="com.gomechanic.Tests.ValidateSelectedCityLocationTest" name="@BeforeMethod setUpTest" time="0.0">
    <skipped/>
  </testcase> <!-- @BeforeMethod setUpTest -->
  <testcase classname="com.gomechanic.Tests.ValidateSelectedCityLocationTest" name="@AfterMethod aftermethod" time="0.0">
    <failure type="java.lang.NullPointerException">
      <![CDATA[java.lang.NullPointerException
	at java.base/java.util.regex.Matcher.getTextLength(Matcher.java:1770)
	at java.base/java.util.regex.Matcher.reset(Matcher.java:416)
	at java.base/java.util.regex.Matcher.<init>(Matcher.java:253)
	at java.base/java.util.regex.Pattern.matcher(Pattern.java:1133)
	at com.relevantcodes.extentreports.utils.ExceptionUtil.getExceptionHeadline(ExceptionUtil.java:24)
	at com.relevantcodes.extentreports.Report.setCauseTest(Report.java:368)
	at com.relevantcodes.extentreports.Report.finalizeTest(Report.java:336)
	at com.relevantcodes.extentreports.ExtentReports.endTest(ExtentReports.java:622)
	at com.gomechanic.Tests.BaseTestSuite.aftermethod(BaseTestSuite.java:76)
... Removed 35 stack frames]]>
    </failure>
  </testcase> <!-- @AfterMethod aftermethod -->
  <testcase classname="com.gomechanic.Tests.ValidateSelectedCityLocationTest" name="@BeforeMethod setUpTest" time="0.0">
    <skipped/>
  </testcase> <!-- @BeforeMethod setUpTest -->
  <testcase classname="com.gomechanic.Tests.ValidateSelectedCityLocationTest" name="@AfterMethod aftermethod" time="0.0">
    <failure type="java.lang.NullPointerException">
      <![CDATA[java.lang.NullPointerException
	at java.base/java.util.regex.Matcher.getTextLength(Matcher.java:1770)
	at java.base/java.util.regex.Matcher.reset(Matcher.java:416)
	at java.base/java.util.regex.Matcher.<init>(Matcher.java:253)
	at java.base/java.util.regex.Pattern.matcher(Pattern.java:1133)
	at com.relevantcodes.extentreports.utils.ExceptionUtil.getExceptionHeadline(ExceptionUtil.java:24)
	at com.relevantcodes.extentreports.Report.setCauseTest(Report.java:368)
	at com.relevantcodes.extentreports.Report.finalizeTest(Report.java:336)
	at com.relevantcodes.extentreports.ExtentReports.endTest(ExtentReports.java:622)
	at com.gomechanic.Tests.BaseTestSuite.aftermethod(BaseTestSuite.java:76)
... Removed 35 stack frames]]>
    </failure>
  </testcase> <!-- @AfterMethod aftermethod -->
  <testcase classname="com.gomechanic.Tests.ValidateSelectedCityLocationTest" name="@BeforeMethod setUpTest" time="0.0">
    <skipped/>
  </testcase> <!-- @BeforeMethod setUpTest -->
  <testcase classname="com.gomechanic.Tests.ValidateSelectedCityLocationTest" name="@AfterMethod aftermethod" time="0.0">
    <failure type="java.lang.NullPointerException">
      <![CDATA[java.lang.NullPointerException
	at java.base/java.util.regex.Matcher.getTextLength(Matcher.java:1770)
	at java.base/java.util.regex.Matcher.reset(Matcher.java:416)
	at java.base/java.util.regex.Matcher.<init>(Matcher.java:253)
	at java.base/java.util.regex.Pattern.matcher(Pattern.java:1133)
	at com.relevantcodes.extentreports.utils.ExceptionUtil.getExceptionHeadline(ExceptionUtil.java:24)
	at com.relevantcodes.extentreports.Report.setCauseTest(Report.java:368)
	at com.relevantcodes.extentreports.Report.finalizeTest(Report.java:336)
	at com.relevantcodes.extentreports.ExtentReports.endTest(ExtentReports.java:622)
	at com.gomechanic.Tests.BaseTestSuite.aftermethod(BaseTestSuite.java:76)
... Removed 35 stack frames]]>
    </failure>
  </testcase> <!-- @AfterMethod aftermethod -->
  <testcase classname="com.gomechanic.Tests.ValidateSelectedCityLocationTest" name="@BeforeMethod setUpTest" time="0.0">
    <skipped/>
  </testcase> <!-- @BeforeMethod setUpTest -->
  <testcase classname="com.gomechanic.Tests.ValidateSelectedCityLocationTest" name="@AfterMethod aftermethod" time="0.0">
    <failure type="java.lang.NullPointerException">
      <![CDATA[java.lang.NullPointerException
	at java.base/java.util.regex.Matcher.getTextLength(Matcher.java:1770)
	at java.base/java.util.regex.Matcher.reset(Matcher.java:416)
	at java.base/java.util.regex.Matcher.<init>(Matcher.java:253)
	at java.base/java.util.regex.Pattern.matcher(Pattern.java:1133)
	at com.relevantcodes.extentreports.utils.ExceptionUtil.getExceptionHeadline(ExceptionUtil.java:24)
	at com.relevantcodes.extentreports.Report.setCauseTest(Report.java:368)
	at com.relevantcodes.extentreports.Report.finalizeTest(Report.java:336)
	at com.relevantcodes.extentreports.ExtentReports.endTest(ExtentReports.java:622)
	at com.gomechanic.Tests.BaseTestSuite.aftermethod(BaseTestSuite.java:76)
... Removed 35 stack frames]]>
    </failure>
  </testcase> <!-- @AfterMethod aftermethod -->
  <testcase classname="com.gomechanic.Tests.ValidateSelectedCityLocationTest" name="@BeforeMethod setUpTest" time="0.0">
    <skipped/>
  </testcase> <!-- @BeforeMethod setUpTest -->
  <testcase classname="com.gomechanic.Tests.ValidateSelectedCityLocationTest" name="@AfterMethod aftermethod" time="0.0">
    <failure type="java.lang.NullPointerException">
      <![CDATA[java.lang.NullPointerException
	at java.base/java.util.regex.Matcher.getTextLength(Matcher.java:1770)
	at java.base/java.util.regex.Matcher.reset(Matcher.java:416)
	at java.base/java.util.regex.Matcher.<init>(Matcher.java:253)
	at java.base/java.util.regex.Pattern.matcher(Pattern.java:1133)
	at com.relevantcodes.extentreports.utils.ExceptionUtil.getExceptionHeadline(ExceptionUtil.java:24)
	at com.relevantcodes.extentreports.Report.setCauseTest(Report.java:368)
	at com.relevantcodes.extentreports.Report.finalizeTest(Report.java:336)
	at com.relevantcodes.extentreports.ExtentReports.endTest(ExtentReports.java:622)
	at com.gomechanic.Tests.BaseTestSuite.aftermethod(BaseTestSuite.java:76)
... Removed 35 stack frames]]>
    </failure>
  </testcase> <!-- @AfterMethod aftermethod -->
  <testcase classname="com.gomechanic.Tests.ValidateSelectedCityLocationTest" name="@BeforeMethod setUpTest" time="0.0">
    <skipped/>
  </testcase> <!-- @BeforeMethod setUpTest -->
  <testcase classname="com.gomechanic.Tests.ValidateSelectedCityLocationTest" name="@AfterMethod aftermethod" time="0.0">
    <failure type="java.lang.NullPointerException">
      <![CDATA[java.lang.NullPointerException
	at java.base/java.util.regex.Matcher.getTextLength(Matcher.java:1770)
	at java.base/java.util.regex.Matcher.reset(Matcher.java:416)
	at java.base/java.util.regex.Matcher.<init>(Matcher.java:253)
	at java.base/java.util.regex.Pattern.matcher(Pattern.java:1133)
	at com.relevantcodes.extentreports.utils.ExceptionUtil.getExceptionHeadline(ExceptionUtil.java:24)
	at com.relevantcodes.extentreports.Report.setCauseTest(Report.java:368)
	at com.relevantcodes.extentreports.Report.finalizeTest(Report.java:336)
	at com.relevantcodes.extentreports.ExtentReports.endTest(ExtentReports.java:622)
	at com.gomechanic.Tests.BaseTestSuite.aftermethod(BaseTestSuite.java:76)
... Removed 35 stack frames]]>
    </failure>
  </testcase> <!-- @AfterMethod aftermethod -->
  <testcase classname="com.gomechanic.Tests.ValidateSelectedCityLocationTest" name="@BeforeMethod setUpTest" time="0.0">
    <skipped/>
  </testcase> <!-- @BeforeMethod setUpTest -->
  <testcase classname="com.gomechanic.Tests.ValidateSelectedCityLocationTest" name="@AfterMethod aftermethod" time="0.0">
    <failure type="java.lang.NullPointerException">
      <![CDATA[java.lang.NullPointerException
	at java.base/java.util.regex.Matcher.getTextLength(Matcher.java:1770)
	at java.base/java.util.regex.Matcher.reset(Matcher.java:416)
	at java.base/java.util.regex.Matcher.<init>(Matcher.java:253)
	at java.base/java.util.regex.Pattern.matcher(Pattern.java:1133)
	at com.relevantcodes.extentreports.utils.ExceptionUtil.getExceptionHeadline(ExceptionUtil.java:24)
	at com.relevantcodes.extentreports.Report.setCauseTest(Report.java:368)
	at com.relevantcodes.extentreports.Report.finalizeTest(Report.java:336)
	at com.relevantcodes.extentreports.ExtentReports.endTest(ExtentReports.java:622)
	at com.gomechanic.Tests.BaseTestSuite.aftermethod(BaseTestSuite.java:76)
... Removed 35 stack frames]]>
    </failure>
  </testcase> <!-- @AfterMethod aftermethod -->
  <testcase classname="com.gomechanic.Tests.ValidateSelectedCityLocationTest" name="@BeforeMethod setUpTest" time="0.0">
    <skipped/>
  </testcase> <!-- @BeforeMethod setUpTest -->
  <testcase classname="com.gomechanic.Tests.ValidateSelectedCityLocationTest" name="@AfterMethod aftermethod" time="0.0">
    <failure type="java.lang.NullPointerException">
      <![CDATA[java.lang.NullPointerException
	at java.base/java.util.regex.Matcher.getTextLength(Matcher.java:1770)
	at java.base/java.util.regex.Matcher.reset(Matcher.java:416)
	at java.base/java.util.regex.Matcher.<init>(Matcher.java:253)
	at java.base/java.util.regex.Pattern.matcher(Pattern.java:1133)
	at com.relevantcodes.extentreports.utils.ExceptionUtil.getExceptionHeadline(ExceptionUtil.java:24)
	at com.relevantcodes.extentreports.Report.setCauseTest(Report.java:368)
	at com.relevantcodes.extentreports.Report.finalizeTest(Report.java:336)
	at com.relevantcodes.extentreports.ExtentReports.endTest(ExtentReports.java:622)
	at com.gomechanic.Tests.BaseTestSuite.aftermethod(BaseTestSuite.java:76)
... Removed 35 stack frames]]>
    </failure>
  </testcase> <!-- @AfterMethod aftermethod -->
  <testcase classname="com.gomechanic.Tests.ValidateSelectedCityLocationTest" name="@BeforeMethod setUpTest" time="0.0">
    <skipped/>
  </testcase> <!-- @BeforeMethod setUpTest -->
  <testcase classname="com.gomechanic.Tests.ValidateSelectedCityLocationTest" name="@AfterMethod aftermethod" time="0.0">
    <failure type="java.lang.NullPointerException">
      <![CDATA[java.lang.NullPointerException
	at java.base/java.util.regex.Matcher.getTextLength(Matcher.java:1770)
	at java.base/java.util.regex.Matcher.reset(Matcher.java:416)
	at java.base/java.util.regex.Matcher.<init>(Matcher.java:253)
	at java.base/java.util.regex.Pattern.matcher(Pattern.java:1133)
	at com.relevantcodes.extentreports.utils.ExceptionUtil.getExceptionHeadline(ExceptionUtil.java:24)
	at com.relevantcodes.extentreports.Report.setCauseTest(Report.java:368)
	at com.relevantcodes.extentreports.Report.finalizeTest(Report.java:336)
	at com.relevantcodes.extentreports.ExtentReports.endTest(ExtentReports.java:622)
	at com.gomechanic.Tests.BaseTestSuite.aftermethod(BaseTestSuite.java:76)
... Removed 35 stack frames]]>
    </failure>
  </testcase> <!-- @AfterMethod aftermethod -->
  <testcase classname="com.gomechanic.Tests.ValidateSelectedServicePlansPriceDetailsOnCartTest" name="@BeforeMethod setUpTest" time="0.0">
    <skipped/>
  </testcase> <!-- @BeforeMethod setUpTest -->
  <testcase classname="com.gomechanic.Tests.ValidateSelectedServicePlansPriceDetailsOnCartTest" name="@AfterMethod aftermethod" time="0.0">
    <failure type="java.lang.NullPointerException">
      <![CDATA[java.lang.NullPointerException
	at java.base/java.util.regex.Matcher.getTextLength(Matcher.java:1770)
	at java.base/java.util.regex.Matcher.reset(Matcher.java:416)
	at java.base/java.util.regex.Matcher.<init>(Matcher.java:253)
	at java.base/java.util.regex.Pattern.matcher(Pattern.java:1133)
	at com.relevantcodes.extentreports.utils.ExceptionUtil.getExceptionHeadline(ExceptionUtil.java:24)
	at com.relevantcodes.extentreports.Report.setCauseTest(Report.java:368)
	at com.relevantcodes.extentreports.Report.finalizeTest(Report.java:336)
	at com.relevantcodes.extentreports.ExtentReports.endTest(ExtentReports.java:622)
	at com.gomechanic.Tests.BaseTestSuite.aftermethod(BaseTestSuite.java:76)
... Removed 35 stack frames]]>
    </failure>
  </testcase> <!-- @AfterMethod aftermethod -->
  <testcase classname="com.gomechanic.Tests.ValidateServicePlanOrderedSuccessMessageTest" name="@BeforeMethod setUpTest" time="0.0">
    <skipped/>
  </testcase> <!-- @BeforeMethod setUpTest -->
  <testcase classname="com.gomechanic.Tests.ValidateServicePlanOrderedSuccessMessageTest" name="@AfterMethod aftermethod" time="0.0">
    <failure type="java.lang.NullPointerException">
      <![CDATA[java.lang.NullPointerException
	at java.base/java.util.regex.Matcher.getTextLength(Matcher.java:1770)
	at java.base/java.util.regex.Matcher.reset(Matcher.java:416)
	at java.base/java.util.regex.Matcher.<init>(Matcher.java:253)
	at java.base/java.util.regex.Pattern.matcher(Pattern.java:1133)
	at com.relevantcodes.extentreports.utils.ExceptionUtil.getExceptionHeadline(ExceptionUtil.java:24)
	at com.relevantcodes.extentreports.Report.setCauseTest(Report.java:368)
	at com.relevantcodes.extentreports.Report.finalizeTest(Report.java:336)
	at com.relevantcodes.extentreports.ExtentReports.endTest(ExtentReports.java:622)
	at com.gomechanic.Tests.BaseTestSuite.aftermethod(BaseTestSuite.java:76)
... Removed 35 stack frames]]>
    </failure>
  </testcase> <!-- @AfterMethod aftermethod -->
  <testcase classname="com.gomechanic.Tests.ValidateTotalPriceUpdatedWhenUserRemovesDiscountCodeOnCheckoutTest" name="@BeforeMethod setUpTest" time="0.0">
    <skipped/>
  </testcase> <!-- @BeforeMethod setUpTest -->
  <testcase classname="com.gomechanic.Tests.ValidateTotalPriceUpdatedWhenUserRemovesDiscountCodeOnCheckoutTest" name="@AfterMethod aftermethod" time="0.0">
    <failure type="java.lang.NullPointerException">
      <![CDATA[java.lang.NullPointerException
	at java.base/java.util.regex.Matcher.getTextLength(Matcher.java:1770)
	at java.base/java.util.regex.Matcher.reset(Matcher.java:416)
	at java.base/java.util.regex.Matcher.<init>(Matcher.java:253)
	at java.base/java.util.regex.Pattern.matcher(Pattern.java:1133)
	at com.relevantcodes.extentreports.utils.ExceptionUtil.getExceptionHeadline(ExceptionUtil.java:24)
	at com.relevantcodes.extentreports.Report.setCauseTest(Report.java:368)
	at com.relevantcodes.extentreports.Report.finalizeTest(Report.java:336)
	at com.relevantcodes.extentreports.ExtentReports.endTest(ExtentReports.java:622)
	at com.gomechanic.Tests.BaseTestSuite.aftermethod(BaseTestSuite.java:76)
... Removed 35 stack frames]]>
    </failure>
  </testcase> <!-- @AfterMethod aftermethod -->
  <testcase classname="com.gomechanic.Tests.ValidateTotalPriceUpdatedWhenUserRemovesDiscountCodeOnCheckoutTest" name="@BeforeMethod setUpTest" time="0.0">
    <skipped/>
  </testcase> <!-- @BeforeMethod setUpTest -->
  <testcase classname="com.gomechanic.Tests.ValidateTotalPriceUpdatedWhenUserRemovesDiscountCodeOnCheckoutTest" name="@AfterMethod aftermethod" time="0.0">
    <failure type="java.lang.NullPointerException">
      <![CDATA[java.lang.NullPointerException
	at java.base/java.util.regex.Matcher.getTextLength(Matcher.java:1770)
	at java.base/java.util.regex.Matcher.reset(Matcher.java:416)
	at java.base/java.util.regex.Matcher.<init>(Matcher.java:253)
	at java.base/java.util.regex.Pattern.matcher(Pattern.java:1133)
	at com.relevantcodes.extentreports.utils.ExceptionUtil.getExceptionHeadline(ExceptionUtil.java:24)
	at com.relevantcodes.extentreports.Report.setCauseTest(Report.java:368)
	at com.relevantcodes.extentreports.Report.finalizeTest(Report.java:336)
	at com.relevantcodes.extentreports.ExtentReports.endTest(ExtentReports.java:622)
	at com.gomechanic.Tests.BaseTestSuite.aftermethod(BaseTestSuite.java:76)
... Removed 35 stack frames]]>
    </failure>
  </testcase> <!-- @AfterMethod aftermethod -->
  <testcase classname="com.gomechanic.Tests.ValidateUpLoadResumeFieldInCustomerServiceCareerSectionWithoutResumeTest" name="@BeforeMethod setUpTest" time="0.0">
    <skipped/>
  </testcase> <!-- @BeforeMethod setUpTest -->
  <testcase classname="com.gomechanic.Tests.ValidateUpLoadResumeFieldInCustomerServiceCareerSectionWithoutResumeTest" name="@AfterMethod aftermethod" time="0.0">
    <failure type="java.lang.NullPointerException">
      <![CDATA[java.lang.NullPointerException
	at java.base/java.util.regex.Matcher.getTextLength(Matcher.java:1770)
	at java.base/java.util.regex.Matcher.reset(Matcher.java:416)
	at java.base/java.util.regex.Matcher.<init>(Matcher.java:253)
	at java.base/java.util.regex.Pattern.matcher(Pattern.java:1133)
	at com.relevantcodes.extentreports.utils.ExceptionUtil.getExceptionHeadline(ExceptionUtil.java:24)
	at com.relevantcodes.extentreports.Report.setCauseTest(Report.java:368)
	at com.relevantcodes.extentreports.Report.finalizeTest(Report.java:336)
	at com.relevantcodes.extentreports.ExtentReports.endTest(ExtentReports.java:622)
	at com.gomechanic.Tests.BaseTestSuite.aftermethod(BaseTestSuite.java:76)
... Removed 35 stack frames]]>
    </failure>
  </testcase> <!-- @AfterMethod aftermethod -->
  <testcase classname="com.gomechanic.Tests.ValidateUploadResumeFieldInAllCareerSectionWithoutResumeTest" name="@BeforeMethod setUpTest" time="0.0">
    <skipped/>
  </testcase> <!-- @BeforeMethod setUpTest -->
  <testcase classname="com.gomechanic.Tests.ValidateUploadResumeFieldInAllCareerSectionWithoutResumeTest" name="@AfterMethod aftermethod" time="0.0">
    <failure type="java.lang.NullPointerException">
      <![CDATA[java.lang.NullPointerException
	at java.base/java.util.regex.Matcher.getTextLength(Matcher.java:1770)
	at java.base/java.util.regex.Matcher.reset(Matcher.java:416)
	at java.base/java.util.regex.Matcher.<init>(Matcher.java:253)
	at java.base/java.util.regex.Pattern.matcher(Pattern.java:1133)
	at com.relevantcodes.extentreports.utils.ExceptionUtil.getExceptionHeadline(ExceptionUtil.java:24)
	at com.relevantcodes.extentreports.Report.setCauseTest(Report.java:368)
	at com.relevantcodes.extentreports.Report.finalizeTest(Report.java:336)
	at com.relevantcodes.extentreports.ExtentReports.endTest(ExtentReports.java:622)
	at com.gomechanic.Tests.BaseTestSuite.aftermethod(BaseTestSuite.java:76)
... Removed 35 stack frames]]>
    </failure>
  </testcase> <!-- @AfterMethod aftermethod -->
  <testcase classname="com.gomechanic.Tests.ValidateUploadResumeFieldInAnalyticsCareerSectionWithoutResumeTest" name="@BeforeMethod setUpTest" time="0.0">
    <skipped/>
  </testcase> <!-- @BeforeMethod setUpTest -->
  <testcase classname="com.gomechanic.Tests.ValidateUploadResumeFieldInAnalyticsCareerSectionWithoutResumeTest" name="@AfterMethod aftermethod" time="0.0">
    <failure type="java.lang.NullPointerException">
      <![CDATA[java.lang.NullPointerException
	at java.base/java.util.regex.Matcher.getTextLength(Matcher.java:1770)
	at java.base/java.util.regex.Matcher.reset(Matcher.java:416)
	at java.base/java.util.regex.Matcher.<init>(Matcher.java:253)
	at java.base/java.util.regex.Pattern.matcher(Pattern.java:1133)
	at com.relevantcodes.extentreports.utils.ExceptionUtil.getExceptionHeadline(ExceptionUtil.java:24)
	at com.relevantcodes.extentreports.Report.setCauseTest(Report.java:368)
	at com.relevantcodes.extentreports.Report.finalizeTest(Report.java:336)
	at com.relevantcodes.extentreports.ExtentReports.endTest(ExtentReports.java:622)
	at com.gomechanic.Tests.BaseTestSuite.aftermethod(BaseTestSuite.java:76)
... Removed 35 stack frames]]>
    </failure>
  </testcase> <!-- @AfterMethod aftermethod -->
  <testcase classname="com.gomechanic.Tests.ValidateUploadResumeFieldInGroundOperationsCareerSectionWithoutResumeTest" name="@BeforeMethod setUpTest" time="0.0">
    <skipped/>
  </testcase> <!-- @BeforeMethod setUpTest -->
  <testcase classname="com.gomechanic.Tests.ValidateUploadResumeFieldInGroundOperationsCareerSectionWithoutResumeTest" name="@AfterMethod aftermethod" time="0.0">
    <failure type="java.lang.NullPointerException">
      <![CDATA[java.lang.NullPointerException
	at java.base/java.util.regex.Matcher.getTextLength(Matcher.java:1770)
	at java.base/java.util.regex.Matcher.reset(Matcher.java:416)
	at java.base/java.util.regex.Matcher.<init>(Matcher.java:253)
	at java.base/java.util.regex.Pattern.matcher(Pattern.java:1133)
	at com.relevantcodes.extentreports.utils.ExceptionUtil.getExceptionHeadline(ExceptionUtil.java:24)
	at com.relevantcodes.extentreports.Report.setCauseTest(Report.java:368)
	at com.relevantcodes.extentreports.Report.finalizeTest(Report.java:336)
	at com.relevantcodes.extentreports.ExtentReports.endTest(ExtentReports.java:622)
	at com.gomechanic.Tests.BaseTestSuite.aftermethod(BaseTestSuite.java:76)
... Removed 35 stack frames]]>
    </failure>
  </testcase> <!-- @AfterMethod aftermethod -->
  <testcase classname="com.gomechanic.Tests.ValidateUploadResumeFieldInTechnologyCareerSectionWithoutResumeTest" name="@BeforeMethod setUpTest" time="0.0">
    <skipped/>
  </testcase> <!-- @BeforeMethod setUpTest -->
  <testcase classname="com.gomechanic.Tests.ValidateUploadResumeFieldInTechnologyCareerSectionWithoutResumeTest" name="@AfterMethod aftermethod" time="0.0">
    <failure type="java.lang.NullPointerException">
      <![CDATA[java.lang.NullPointerException
	at java.base/java.util.regex.Matcher.getTextLength(Matcher.java:1770)
	at java.base/java.util.regex.Matcher.reset(Matcher.java:416)
	at java.base/java.util.regex.Matcher.<init>(Matcher.java:253)
	at java.base/java.util.regex.Pattern.matcher(Pattern.java:1133)
	at com.relevantcodes.extentreports.utils.ExceptionUtil.getExceptionHeadline(ExceptionUtil.java:24)
	at com.relevantcodes.extentreports.Report.setCauseTest(Report.java:368)
	at com.relevantcodes.extentreports.Report.finalizeTest(Report.java:336)
	at com.relevantcodes.extentreports.ExtentReports.endTest(ExtentReports.java:622)
	at com.gomechanic.Tests.BaseTestSuite.aftermethod(BaseTestSuite.java:76)
... Removed 35 stack frames]]>
    </failure>
  </testcase> <!-- @AfterMethod aftermethod -->
  <testcase classname="com.gomechanic.Tests.ValidateUserNameFieldInCustomerServiceCareerSectionWithoutUserNameTest" name="@BeforeMethod setUpTest" time="0.0">
    <skipped/>
  </testcase> <!-- @BeforeMethod setUpTest -->
  <testcase classname="com.gomechanic.Tests.ValidateUserNameFieldInCustomerServiceCareerSectionWithoutUserNameTest" name="@AfterMethod aftermethod" time="0.0">
    <failure type="java.lang.NullPointerException">
      <![CDATA[java.lang.NullPointerException
	at java.base/java.util.regex.Matcher.getTextLength(Matcher.java:1770)
	at java.base/java.util.regex.Matcher.reset(Matcher.java:416)
	at java.base/java.util.regex.Matcher.<init>(Matcher.java:253)
	at java.base/java.util.regex.Pattern.matcher(Pattern.java:1133)
	at com.relevantcodes.extentreports.utils.ExceptionUtil.getExceptionHeadline(ExceptionUtil.java:24)
	at com.relevantcodes.extentreports.Report.setCauseTest(Report.java:368)
	at com.relevantcodes.extentreports.Report.finalizeTest(Report.java:336)
	at com.relevantcodes.extentreports.ExtentReports.endTest(ExtentReports.java:622)
	at com.gomechanic.Tests.BaseTestSuite.aftermethod(BaseTestSuite.java:76)
... Removed 35 stack frames]]>
    </failure>
  </testcase> <!-- @AfterMethod aftermethod -->
  <testcase classname="com.gomechanic.Tests.ValidateUserNameFieldInGroundOperationsCareerSectionWithoutUserNameTest" name="@BeforeMethod setUpTest" time="0.0">
    <skipped/>
  </testcase> <!-- @BeforeMethod setUpTest -->
  <testcase classname="com.gomechanic.Tests.ValidateUserNameFieldInGroundOperationsCareerSectionWithoutUserNameTest" name="@AfterMethod aftermethod" time="0.0">
    <failure type="java.lang.NullPointerException">
      <![CDATA[java.lang.NullPointerException
	at java.base/java.util.regex.Matcher.getTextLength(Matcher.java:1770)
	at java.base/java.util.regex.Matcher.reset(Matcher.java:416)
	at java.base/java.util.regex.Matcher.<init>(Matcher.java:253)
	at java.base/java.util.regex.Pattern.matcher(Pattern.java:1133)
	at com.relevantcodes.extentreports.utils.ExceptionUtil.getExceptionHeadline(ExceptionUtil.java:24)
	at com.relevantcodes.extentreports.Report.setCauseTest(Report.java:368)
	at com.relevantcodes.extentreports.Report.finalizeTest(Report.java:336)
	at com.relevantcodes.extentreports.ExtentReports.endTest(ExtentReports.java:622)
	at com.gomechanic.Tests.BaseTestSuite.aftermethod(BaseTestSuite.java:76)
... Removed 35 stack frames]]>
    </failure>
  </testcase> <!-- @AfterMethod aftermethod -->
  <testcase classname="com.gomechanic.Tests.ValidateUserNameInAllCareerSectionWithoutUserNameTest" name="@BeforeMethod setUpTest" time="0.0">
    <skipped/>
  </testcase> <!-- @BeforeMethod setUpTest -->
  <testcase classname="com.gomechanic.Tests.ValidateUserNameInAllCareerSectionWithoutUserNameTest" name="@AfterMethod aftermethod" time="0.0">
    <failure type="java.lang.NullPointerException">
      <![CDATA[java.lang.NullPointerException
	at java.base/java.util.regex.Matcher.getTextLength(Matcher.java:1770)
	at java.base/java.util.regex.Matcher.reset(Matcher.java:416)
	at java.base/java.util.regex.Matcher.<init>(Matcher.java:253)
	at java.base/java.util.regex.Pattern.matcher(Pattern.java:1133)
	at com.relevantcodes.extentreports.utils.ExceptionUtil.getExceptionHeadline(ExceptionUtil.java:24)
	at com.relevantcodes.extentreports.Report.setCauseTest(Report.java:368)
	at com.relevantcodes.extentreports.Report.finalizeTest(Report.java:336)
	at com.relevantcodes.extentreports.ExtentReports.endTest(ExtentReports.java:622)
	at com.gomechanic.Tests.BaseTestSuite.aftermethod(BaseTestSuite.java:76)
... Removed 35 stack frames]]>
    </failure>
  </testcase> <!-- @AfterMethod aftermethod -->
  <testcase classname="com.gomechanic.Tests.ValidateUserNameInAnalyticsCareerSectionWithoutUserNameTest" name="@BeforeMethod setUpTest" time="0.0">
    <skipped/>
  </testcase> <!-- @BeforeMethod setUpTest -->
  <testcase classname="com.gomechanic.Tests.ValidateUserNameInAnalyticsCareerSectionWithoutUserNameTest" name="@AfterMethod aftermethod" time="0.0">
    <failure type="java.lang.NullPointerException">
      <![CDATA[java.lang.NullPointerException
	at java.base/java.util.regex.Matcher.getTextLength(Matcher.java:1770)
	at java.base/java.util.regex.Matcher.reset(Matcher.java:416)
	at java.base/java.util.regex.Matcher.<init>(Matcher.java:253)
	at java.base/java.util.regex.Pattern.matcher(Pattern.java:1133)
	at com.relevantcodes.extentreports.utils.ExceptionUtil.getExceptionHeadline(ExceptionUtil.java:24)
	at com.relevantcodes.extentreports.Report.setCauseTest(Report.java:368)
	at com.relevantcodes.extentreports.Report.finalizeTest(Report.java:336)
	at com.relevantcodes.extentreports.ExtentReports.endTest(ExtentReports.java:622)
	at com.gomechanic.Tests.BaseTestSuite.aftermethod(BaseTestSuite.java:76)
... Removed 35 stack frames]]>
    </failure>
  </testcase> <!-- @AfterMethod aftermethod -->
  <testcase classname="com.gomechanic.Tests.ValidateUserNameInTechnologyCareerSectionWithoutUserNameTest" name="@BeforeMethod setUpTest" time="0.0">
    <skipped/>
  </testcase> <!-- @BeforeMethod setUpTest -->
  <testcase classname="com.gomechanic.Tests.ValidateUserNameInTechnologyCareerSectionWithoutUserNameTest" name="@AfterMethod aftermethod" time="0.0">
    <failure type="java.lang.NullPointerException">
      <![CDATA[java.lang.NullPointerException
	at java.base/java.util.regex.Matcher.getTextLength(Matcher.java:1770)
	at java.base/java.util.regex.Matcher.reset(Matcher.java:416)
	at java.base/java.util.regex.Matcher.<init>(Matcher.java:253)
	at java.base/java.util.regex.Pattern.matcher(Pattern.java:1133)
	at com.relevantcodes.extentreports.utils.ExceptionUtil.getExceptionHeadline(ExceptionUtil.java:24)
	at com.relevantcodes.extentreports.Report.setCauseTest(Report.java:368)
	at com.relevantcodes.extentreports.Report.finalizeTest(Report.java:336)
	at com.relevantcodes.extentreports.ExtentReports.endTest(ExtentReports.java:622)
	at com.gomechanic.Tests.BaseTestSuite.aftermethod(BaseTestSuite.java:76)
... Removed 35 stack frames]]>
    </failure>
  </testcase> <!-- @AfterMethod aftermethod -->
  <testcase classname="com.gomechanic.Tests.ValidateUserRegisteredSuccessfullyTest" name="@BeforeMethod setUpTest" time="0.0">
    <skipped/>
  </testcase> <!-- @BeforeMethod setUpTest -->
  <testcase classname="com.gomechanic.Tests.ValidateUserRegisteredSuccessfullyTest" name="@AfterMethod aftermethod" time="0.0">
    <failure type="java.lang.NullPointerException">
      <![CDATA[java.lang.NullPointerException
	at java.base/java.util.regex.Matcher.getTextLength(Matcher.java:1770)
	at java.base/java.util.regex.Matcher.reset(Matcher.java:416)
	at java.base/java.util.regex.Matcher.<init>(Matcher.java:253)
	at java.base/java.util.regex.Pattern.matcher(Pattern.java:1133)
	at com.relevantcodes.extentreports.utils.ExceptionUtil.getExceptionHeadline(ExceptionUtil.java:24)
	at com.relevantcodes.extentreports.Report.setCauseTest(Report.java:368)
	at com.relevantcodes.extentreports.Report.finalizeTest(Report.java:336)
	at com.relevantcodes.extentreports.ExtentReports.endTest(ExtentReports.java:622)
	at com.gomechanic.Tests.BaseTestSuite.aftermethod(BaseTestSuite.java:76)
... Removed 35 stack frames]]>
    </failure>
  </testcase> <!-- @AfterMethod aftermethod -->
  <testcase classname="com.gomechanic.Tests.ValidateUserRegistrationWithExistingUserRegisteredDetailsTest" name="@BeforeMethod setUpTest" time="0.0">
    <skipped/>
  </testcase> <!-- @BeforeMethod setUpTest -->
  <testcase classname="com.gomechanic.Tests.ValidateUserRegistrationWithExistingUserRegisteredDetailsTest" name="@AfterMethod aftermethod" time="0.0">
    <failure type="java.lang.NullPointerException">
      <![CDATA[java.lang.NullPointerException
	at java.base/java.util.regex.Matcher.getTextLength(Matcher.java:1770)
	at java.base/java.util.regex.Matcher.reset(Matcher.java:416)
	at java.base/java.util.regex.Matcher.<init>(Matcher.java:253)
	at java.base/java.util.regex.Pattern.matcher(Pattern.java:1133)
	at com.relevantcodes.extentreports.utils.ExceptionUtil.getExceptionHeadline(ExceptionUtil.java:24)
	at com.relevantcodes.extentreports.Report.setCauseTest(Report.java:368)
	at com.relevantcodes.extentreports.Report.finalizeTest(Report.java:336)
	at com.relevantcodes.extentreports.ExtentReports.endTest(ExtentReports.java:622)
	at com.gomechanic.Tests.BaseTestSuite.aftermethod(BaseTestSuite.java:76)
... Removed 35 stack frames]]>
    </failure>
  </testcase> <!-- @AfterMethod aftermethod -->
  <testcase classname="com.gomechanic.Tests.ValidateUserUnableToAddMoreThanOneScheduledServiceToCartTest" name="@BeforeMethod setUpTest" time="0.0">
    <skipped/>
  </testcase> <!-- @BeforeMethod setUpTest -->
  <testcase classname="com.gomechanic.Tests.ValidateUserUnableToAddMoreThanOneScheduledServiceToCartTest" name="@AfterMethod aftermethod" time="0.0">
    <failure type="java.lang.NullPointerException">
      <![CDATA[java.lang.NullPointerException
	at java.base/java.util.regex.Matcher.getTextLength(Matcher.java:1770)
	at java.base/java.util.regex.Matcher.reset(Matcher.java:416)
	at java.base/java.util.regex.Matcher.<init>(Matcher.java:253)
	at java.base/java.util.regex.Pattern.matcher(Pattern.java:1133)
	at com.relevantcodes.extentreports.utils.ExceptionUtil.getExceptionHeadline(ExceptionUtil.java:24)
	at com.relevantcodes.extentreports.Report.setCauseTest(Report.java:368)
	at com.relevantcodes.extentreports.Report.finalizeTest(Report.java:336)
	at com.relevantcodes.extentreports.ExtentReports.endTest(ExtentReports.java:622)
	at com.gomechanic.Tests.BaseTestSuite.aftermethod(BaseTestSuite.java:76)
... Removed 35 stack frames]]>
    </failure>
  </testcase> <!-- @AfterMethod aftermethod -->
  <testcase classname="com.gomechanic.Tests.AddAntiRustCoatingServicePlanToCartTest" name="selectAntiRustCoatingServicePlan" time="35.672"/>
  <testcase classname="com.gomechanic.Tests.AddBasicServicePlanToCartTest" name="selectBasicServicePlan" time="26.334"/>
  <testcase classname="com.gomechanic.Tests.AddCarWashServicePlanToCartTest" name="selectCarWashServicePlan" time="38.974"/>
  <testcase classname="com.gomechanic.Tests.AddComprehensiveCleaningServicePlanToCartTest" name="selectComprehensiveCleaningServicePlan" time="7.534">
    <failure type="org.openqa.selenium.WebDriverException" message="unknown error: cannot determine loading status
from disconnected: received Inspector.detached event
  (Session info: chrome=76.0.3809.132)
Build info: version: &amp;apos;3.141.59&amp;apos;, revision: &amp;apos;e82be7d358&amp;apos;, time: &amp;apos;2018-11-14T08:17:03&amp;apos;
System info: host: &amp;apos;INDHYDELP005&amp;apos;, ip: &amp;apos;192.168.228.2&amp;apos;, os.name: &amp;apos;Windows 10&amp;apos;, os.arch: &amp;apos;amd64&amp;apos;, os.version: &amp;apos;10.0&amp;apos;, java.version: &amp;apos;11.0.4&amp;apos;
Driver info: org.openqa.selenium.chrome.ChromeDriver
Capabilities {acceptInsecureCerts: false, browserName: chrome, browserVersion: 76.0.3809.132, chrome: {chromedriverVersion: 75.0.3770.90 (a6dcaf7e3ec6f..., userDataDir: C:\Users\swathik\AppData\Lo...}, goog:chromeOptions: {debuggerAddress: localhost:53314}, javascriptEnabled: true, networkConnectionEnabled: false, pageLoadStrategy: normal, platform: XP, platformName: XP, proxy: Proxy(), setWindowRect: true, strictFileInteractability: false, timeouts: {implicit: 0, pageLoad: 300000, script: 30000}, unhandledPromptBehavior: dismiss and notify}
Session ID: 8167b06a0279b1299961746a88804718
*** Element info: {Using=css selector, value=div[class=&amp;apos;car-select-modal&amp;apos;]&amp;gt;select[id=&amp;apos;brand-name-popUp&amp;apos;]}">
      <![CDATA[org.openqa.selenium.WebDriverException: unknown error: cannot determine loading status
from disconnected: received Inspector.detached event
  (Session info: chrome=76.0.3809.132)
Build info: version: '3.141.59', revision: 'e82be7d358', time: '2018-11-14T08:17:03'
System info: host: 'INDHYDELP005', ip: '192.168.228.2', os.name: 'Windows 10', os.arch: 'amd64', os.version: '10.0', java.version: '11.0.4'
Driver info: org.openqa.selenium.chrome.ChromeDriver
Capabilities {acceptInsecureCerts: false, browserName: chrome, browserVersion: 76.0.3809.132, chrome: {chromedriverVersion: 75.0.3770.90 (a6dcaf7e3ec6f..., userDataDir: C:\Users\swathik\AppData\Lo...}, goog:chromeOptions: {debuggerAddress: localhost:53314}, javascriptEnabled: true, networkConnectionEnabled: false, pageLoadStrategy: normal, platform: XP, platformName: XP, proxy: Proxy(), setWindowRect: true, strictFileInteractability: false, timeouts: {implicit: 0, pageLoad: 300000, script: 30000}, unhandledPromptBehavior: dismiss and notify}
Session ID: 8167b06a0279b1299961746a88804718
*** Element info: {Using=css selector, value=div[class='car-select-modal']>select[id='brand-name-popUp']}
	at org.openqa.selenium.remote.http.W3CHttpResponseCodec.createException(W3CHttpResponseCodec.java:187)
	at org.openqa.selenium.remote.http.W3CHttpResponseCodec.decode(W3CHttpResponseCodec.java:122)
	at org.openqa.selenium.remote.http.W3CHttpResponseCodec.decode(W3CHttpResponseCodec.java:49)
	at org.openqa.selenium.remote.HttpCommandExecutor.execute(HttpCommandExecutor.java:158)
	at org.openqa.selenium.remote.service.DriverCommandExecutor.execute(DriverCommandExecutor.java:83)
	at org.openqa.selenium.remote.RemoteWebDriver.execute(RemoteWebDriver.java:552)
	at org.openqa.selenium.remote.RemoteWebDriver.findElement(RemoteWebDriver.java:323)
	at org.openqa.selenium.remote.RemoteWebDriver.findElementByCssSelector(RemoteWebDriver.java:420)
	at org.openqa.selenium.By$ByCssSelector.findElement(By.java:431)
	at org.openqa.selenium.remote.RemoteWebDriver.findElement(RemoteWebDriver.java:315)
	at com.gomechanic.pages.CarDetailsPage.selectRequiredCarBrand(CarDetailsPage.java:38)
	at com.gomechanic.Tests.AddComprehensiveCleaningServicePlanToCartTest.lambda$selectComprehensiveCleaningServicePlan$0(AddComprehensiveCleaningServicePlanToCartTest.java:34)
	at com.gomechanic.pages.CarDetailsPage.selectCarDetails(CarDetailsPage.java:28)
	at com.gomechanic.Tests.AddComprehensiveCleaningServicePlanToCartTest.selectComprehensiveCleaningServicePlan(AddComprehensiveCleaningServicePlanToCartTest.java:34)
... Removed 38 stack frames]]>
    </failure>
  </testcase> <!-- selectComprehensiveCleaningServicePlan -->
  <testcase classname="com.gomechanic.Tests.AddComprehensiveServicePlanToCartTest" name="selectComprehensiveServicePlan" time="0.001">
    <skipped/>
  </testcase> <!-- selectComprehensiveServicePlan -->
  <testcase classname="com.gomechanic.Tests.AddDryCleaningServicePlanToCartTest" name="selectDryCleaningServicePlan" time="0.007">
    <skipped/>
  </testcase> <!-- selectDryCleaningServicePlan -->
  <testcase classname="com.gomechanic.Tests.AddExteriorPolishingAndRubbingServicePlanToCartTest" name="selectAddExteriorPolishingAndRubbingServicePlan" time="0.0">
    <skipped/>
  </testcase> <!-- selectAddExteriorPolishingAndRubbingServicePlan -->
  <testcase classname="com.gomechanic.Tests.AddInteriorDetailCleaningServicePlanToCartTest" name="selectInteriorDetailCleaningServicePlan" time="0.001">
    <skipped/>
  </testcase> <!-- selectInteriorDetailCleaningServicePlan -->
  <testcase classname="com.gomechanic.Tests.AddMultipleCarCareServicesToCartTest" name="addMultipleCarCareServicesToCart" time="0.001">
    <skipped/>
  </testcase> <!-- addMultipleCarCareServicesToCart -->
  <testcase classname="com.gomechanic.Tests.AddMultipleDentingOrPaintingServicesToCartTest" name="addMultipleDentingOrPaintingServicesToCart" time="0.0">
    <skipped/>
  </testcase> <!-- addMultipleDentingOrPaintingServicesToCart -->
  <testcase classname="com.gomechanic.Tests.AddMultipleWheelCareServicesToCartTest" name="addMultipleWheelCareServicesToCart" time="0.0">
    <skipped/>
  </testcase> <!-- addMultipleWheelCareServicesToCart -->
  <testcase classname="com.gomechanic.Tests.AddStandardServicePlanToCartTest" name="selectStandardServicePlan" time="0.0">
    <skipped/>
  </testcase> <!-- selectStandardServicePlan -->
  <testcase classname="com.gomechanic.Tests.AddTeflonCoatingBodyServicePlanToCartTest" name="selectTeflonCoatingBodyServicePlan" time="0.0">
    <skipped/>
  </testcase> <!-- selectTeflonCoatingBodyServicePlan -->
  <testcase classname="com.gomechanic.Tests.AddTyreRotationServicePlanToCartTest" name="selectTyreRotationServicePlanFromWheelCareServicesSection" time="0.0">
    <skipped/>
  </testcase> <!-- selectTyreRotationServicePlanFromWheelCareServicesSection -->
  <testcase classname="com.gomechanic.Tests.ApplyAJobInAllTabCareerSectionTest" name="applyAJobInAllTabCareerSection" time="0.0">
    <skipped/>
  </testcase> <!-- applyAJobInAllTabCareerSection -->
  <testcase classname="com.gomechanic.Tests.ApplyAJobInAnalyticsCareerSectionTest" name="applyAJobInAnalyticsCareerSection" time="0.001">
    <skipped/>
  </testcase> <!-- applyAJobInAnalyticsCareerSection -->
  <testcase classname="com.gomechanic.Tests.ApplyAJobInCustomerServiceCareerSectionTest" name="applyAJobInCustomerServiceCareerSection" time="0.0">
    <skipped/>
  </testcase> <!-- applyAJobInCustomerServiceCareerSection -->
  <testcase classname="com.gomechanic.Tests.ApplyAJobInGroundOperationsCareerSectionTest" name="applyAJobInGroundOperationsCareerSection" time="0.0">
    <skipped/>
  </testcase> <!-- applyAJobInGroundOperationsCareerSection -->
  <testcase classname="com.gomechanic.Tests.ApplyAJobInTechnologyCareerSectionTest" name="applyAJobInTechnologyCareerSection" time="0.001">
    <skipped/>
  </testcase> <!-- applyAJobInTechnologyCareerSection -->
  <testcase classname="com.gomechanic.Tests.CheckoutWithAServicePlanFromAddMoreInCarCareServicesTest" name="checkoutWithAServicePlanFromAddMoreInCarCareServices" time="0.0">
    <skipped/>
  </testcase> <!-- checkoutWithAServicePlanFromAddMoreInCarCareServices -->
  <testcase classname="com.gomechanic.Tests.CheckoutWithAServicePlanFromAddMoreInCarCareServicesTest" name="checkoutWithAServicePlanFromAddMoreInCarCareServices" time="0.0">
    <skipped/>
  </testcase> <!-- checkoutWithAServicePlanFromAddMoreInCarCareServices -->
  <testcase classname="com.gomechanic.Tests.CheckoutWithAServicePlanFromAddMoreInCarCareServicesTest" name="checkoutWithAServicePlanFromAddMoreInCarCareServices" time="0.0">
    <skipped/>
  </testcase> <!-- checkoutWithAServicePlanFromAddMoreInCarCareServices -->
  <testcase classname="com.gomechanic.Tests.CheckoutWithAServicePlanFromAddMoreInCarCareServicesTest" name="checkoutWithAServicePlanFromAddMoreInCarCareServices" time="0.0">
    <skipped/>
  </testcase> <!-- checkoutWithAServicePlanFromAddMoreInCarCareServices -->
  <testcase classname="com.gomechanic.Tests.CheckoutWithAServicePlanFromAddMoreInDentingOrPaintingServicesTest" name="checkoutWithTeflonCoatingBodyFromAddMoreServicesInDentingOrPaintingService" time="0.0">
    <skipped/>
  </testcase> <!-- checkoutWithTeflonCoatingBodyFromAddMoreServicesInDentingOrPaintingService -->
  <testcase classname="com.gomechanic.Tests.CheckoutWithAServicePlanFromAddMoreInDentingOrPaintingServicesTest" name="checkoutWithTeflonCoatingBodyFromAddMoreServicesInDentingOrPaintingService" time="0.0">
    <skipped/>
  </testcase> <!-- checkoutWithTeflonCoatingBodyFromAddMoreServicesInDentingOrPaintingService -->
  <testcase classname="com.gomechanic.Tests.CheckoutWithAServicePlanFromAddMoreInDentingOrPaintingServicesTest" name="checkoutWithTeflonCoatingBodyFromAddMoreServicesInDentingOrPaintingService" time="0.0">
    <skipped/>
  </testcase> <!-- checkoutWithTeflonCoatingBodyFromAddMoreServicesInDentingOrPaintingService -->
  <testcase classname="com.gomechanic.Tests.CheckoutWithAServicePlanFromAddMoreInDentingOrPaintingServicesTest" name="checkoutWithTeflonCoatingBodyFromAddMoreServicesInDentingOrPaintingService" time="0.001">
    <skipped/>
  </testcase> <!-- checkoutWithTeflonCoatingBodyFromAddMoreServicesInDentingOrPaintingService -->
  <testcase classname="com.gomechanic.Tests.CheckoutWithAServicePlanFromAddMoreInScheduledServiceTest" name="checkoutWithAServicePlanFromAddMoreInScheduledService" time="0.0">
    <skipped/>
  </testcase> <!-- checkoutWithAServicePlanFromAddMoreInScheduledService -->
  <testcase classname="com.gomechanic.Tests.CheckoutWithAServicePlanFromAddMoreInScheduledServiceTest" name="checkoutWithAServicePlanFromAddMoreInScheduledService" time="0.0">
    <skipped/>
  </testcase> <!-- checkoutWithAServicePlanFromAddMoreInScheduledService -->
  <testcase classname="com.gomechanic.Tests.CheckoutWithAServicePlanFromAddMoreInScheduledServiceTest" name="checkoutWithAServicePlanFromAddMoreInScheduledService" time="0.001">
    <skipped/>
  </testcase> <!-- checkoutWithAServicePlanFromAddMoreInScheduledService -->
  <testcase classname="com.gomechanic.Tests.CheckoutWithAServicePlanFromAddMoreInScheduledServiceTest" name="checkoutWithAServicePlanFromAddMoreInScheduledService" time="0.001">
    <skipped/>
  </testcase> <!-- checkoutWithAServicePlanFromAddMoreInScheduledService -->
  <testcase classname="com.gomechanic.Tests.CheckoutWithAServicePlanFromAddMoreInWheelCareServiceTest" name="checkoutWithAServicePlanFromAddMoreInWheelCareService" time="0.0">
    <skipped/>
  </testcase> <!-- checkoutWithAServicePlanFromAddMoreInWheelCareService -->
  <testcase classname="com.gomechanic.Tests.CheckoutWithAServicePlanFromAddMoreInWheelCareServiceTest" name="checkoutWithAServicePlanFromAddMoreInWheelCareService" time="0.0">
    <skipped/>
  </testcase> <!-- checkoutWithAServicePlanFromAddMoreInWheelCareService -->
  <testcase classname="com.gomechanic.Tests.CheckoutWithAServicePlanFromAddMoreInWheelCareServiceTest" name="checkoutWithAServicePlanFromAddMoreInWheelCareService" time="0.0">
    <skipped/>
  </testcase> <!-- checkoutWithAServicePlanFromAddMoreInWheelCareService -->
  <testcase classname="com.gomechanic.Tests.CheckoutWithBonnetDentingOrPaintingServiceTest" name="checkoutWithBonnetDentingOrPaintingServiceTest" time="0.0">
    <skipped/>
  </testcase> <!-- checkoutWithBonnetDentingOrPaintingServiceTest -->
  <testcase classname="com.gomechanic.Tests.CheckoutWithCeramicCoatingServicePlanFromCarCareSevicesSectionTest" name="checkoutWithCeramicCoatingServicePlanFromCarCareSevicesSection" time="0.0">
    <skipped/>
  </testcase> <!-- checkoutWithCeramicCoatingServicePlanFromCarCareSevicesSection -->
  <testcase classname="com.gomechanic.Tests.CheckoutWithFenderLDentingOrPaintingServiceTest" name="checkoutWithFenderLDentingOrPaintingService" time="0.0">
    <skipped/>
  </testcase> <!-- checkoutWithFenderLDentingOrPaintingService -->
  <testcase classname="com.gomechanic.Tests.CheckoutWithFenderRInDentingOrPaintingServicesTest" name="checkoutWithFenderRInDentingOrPaintingServices" time="0.0">
    <skipped/>
  </testcase> <!-- checkoutWithFenderRInDentingOrPaintingServices -->
  <testcase classname="com.gomechanic.Tests.CheckoutWithFrontBumperInDentingOrPaintingServicesTest" name="checkoutWithFrontBumperInDentingOrPaintingServices" time="0.0">
    <skipped/>
  </testcase> <!-- checkoutWithFrontBumperInDentingOrPaintingServices -->
  <testcase classname="com.gomechanic.Tests.CheckoutWithFrontDoorLDentingOrPaintingServiceTest" name="checkoutWithFrontDoorLDentingOrPaintingService" time="0.0">
    <skipped/>
  </testcase> <!-- checkoutWithFrontDoorLDentingOrPaintingService -->
  <testcase classname="com.gomechanic.Tests.CheckoutWithFrontDoorRInDentingOrPaintingServicesTest" name="checkoutWithFrontDoorRInDentingOrPaintingServices" time="0.0">
    <skipped/>
  </testcase> <!-- checkoutWithFrontDoorRInDentingOrPaintingServices -->
  <testcase classname="com.gomechanic.Tests.CheckoutWithFullBodyDentingOrPaintingServiceTest" name="checkoutWithFullBodyDentingOrPaintingService" time="0.0">
    <skipped/>
  </testcase> <!-- checkoutWithFullBodyDentingOrPaintingService -->
  <testcase classname="com.gomechanic.Tests.CheckoutWithMultipleServicePlansFromMultipleServiceSectionsTest" name="checkoutWithMultipleServicePlansFromMultipleSeviceSections" time="0.0">
    <skipped/>
  </testcase> <!-- checkoutWithMultipleServicePlansFromMultipleSeviceSections -->
  <testcase classname="com.gomechanic.Tests.CheckoutWithQuarterPanelLInDentingOrPaintingServicesTest" name="checkoutWithQuarterPanelLInDentingOrPaintingServices" time="0.0">
    <skipped/>
  </testcase> <!-- checkoutWithQuarterPanelLInDentingOrPaintingServices -->
  <testcase classname="com.gomechanic.Tests.CheckoutWithQuarterPanelRDentingOrPaintingServiceTest" name="checkoutWithQuarterPanelRDentingOrPaintingService" time="0.0">
    <skipped/>
  </testcase> <!-- checkoutWithQuarterPanelRDentingOrPaintingService -->
  <testcase classname="com.gomechanic.Tests.CheckoutWithRearBumperDentingOrPaintingServiceTest" name="checkoutWithRearBumperDentingOrPaintingService" time="0.0">
    <skipped/>
  </testcase> <!-- checkoutWithRearBumperDentingOrPaintingService -->
  <testcase classname="com.gomechanic.Tests.CheckoutWithRearDoorLInDentingOrPaintingServicesTest" name="checkoutWithRearDoorLInDentingOrPaintingServices" time="0.0">
    <skipped/>
  </testcase> <!-- checkoutWithRearDoorLInDentingOrPaintingServices -->
  <testcase classname="com.gomechanic.Tests.CheckoutWithRearDoorRDentingOrPaintingServiceTest" name="checkoutWithRearDoorRDentingOrPaintingService" time="0.0">
    <skipped/>
  </testcase> <!-- checkoutWithRearDoorRDentingOrPaintingService -->
  <testcase classname="com.gomechanic.Tests.CheckoutWithRunningBoardLInDentingOrPaintingServicesTest" name="checkoutWithRunningBoardLInDentingOrPaintingServices" time="0.0">
    <skipped/>
  </testcase> <!-- checkoutWithRunningBoardLInDentingOrPaintingServices -->
  <testcase classname="com.gomechanic.Tests.CheckoutWithRunningBoardRDentingOrPaintingServiceTest" name="checkoutWithRunningBoardRDentingOrPaintingService" time="0.001">
    <skipped/>
  </testcase> <!-- checkoutWithRunningBoardRDentingOrPaintingService -->
  <testcase classname="com.gomechanic.Tests.CheckoutWithTrunkServiceDentingOrPaintingServiceTest" name="checkoutWithTrunkDentingOrPaintingService" time="0.0">
    <skipped/>
  </testcase> <!-- checkoutWithTrunkDentingOrPaintingService -->
  <testcase classname="com.gomechanic.Tests.CheckoutWithWheelAlignmentServicePlanFromWheelCareServicesTest" name="checkoutWithWheelAlignmentServicePlan" time="0.0">
    <skipped/>
  </testcase> <!-- checkoutWithWheelAlignmentServicePlan -->
  <testcase classname="com.gomechanic.Tests.CheckoutWithWheelBalancingServicePlanFromWheelCareServicesTest" name="checkoutWithWheelBalancingServicePlan" time="0.0">
    <skipped/>
  </testcase> <!-- checkoutWithWheelBalancingServicePlan -->
  <testcase classname="com.gomechanic.Tests.CheckoutWithWheelCareServicesCarWashPlanFromAddMoreServicesTest" name="orderCarWashServicePlanFromAddMoreServices" time="0.0">
    <skipped/>
  </testcase> <!-- orderCarWashServicePlanFromAddMoreServices -->
  <testcase classname="com.gomechanic.Tests.GetOnboardWithValidUserDetailsOnPartnersPageTest" name="getOnboardWithValidUserDetailsOnPartnersPage" time="0.0">
    <skipped/>
  </testcase> <!-- getOnboardWithValidUserDetailsOnPartnersPage -->
  <testcase classname="com.gomechanic.Tests.GetQuoteForCarInsuranceTest" name="getQuoteForCarInsuranceTest" time="0.0">
    <skipped/>
  </testcase> <!-- getQuoteForCarInsuranceTest -->
  <testcase classname="com.gomechanic.Tests.GiveRequirementsWithMobileNumberOnCarEnquiryPageTest" name="giveRequirementsWithValidMobileNumber" time="0.0">
    <skipped/>
  </testcase> <!-- giveRequirementsWithValidMobileNumber -->
  <testcase classname="com.gomechanic.Tests.LoginWithValidUserCredentialsTest" name="loginWithValidUserCredentials" time="0.0">
    <skipped/>
  </testcase> <!-- loginWithValidUserCredentials -->
  <testcase classname="com.gomechanic.Tests.NavigateToCarCareServicesSectionFromHomePageServicesSectionTest" name="navigateToCarCareServicesSectionFromHomePageServicesSection" time="0.0">
    <skipped/>
  </testcase> <!-- navigateToCarCareServicesSectionFromHomePageServicesSection -->
  <testcase classname="com.gomechanic.Tests.NavigateToCheckoutPageFromCartTest" name="navigateToCheckoutPage" time="0.0">
    <skipped/>
  </testcase> <!-- navigateToCheckoutPage -->
  <testcase classname="com.gomechanic.Tests.NavigateToConfirmOrderPageTest" name="navigateToConfirmOrderPage" time="0.0">
    <skipped/>
  </testcase> <!-- navigateToConfirmOrderPage -->
  <testcase classname="com.gomechanic.Tests.NavigateToDentingOrPaintingServicesSectionFromHomePageServicesSectionTest" name="naviagteToDentingOrPaintingServicesSectionFromHomePageServicesSection" time="0.0">
    <skipped/>
  </testcase> <!-- naviagteToDentingOrPaintingServicesSectionFromHomePageServicesSection -->
  <testcase classname="com.gomechanic.Tests.NavigateToFrequentlyAskedQuestionsPageFromSeeMoreLinkTest" name="navigateToFrequentlyAskedQuestionsPageFromSeeMoreLink" time="0.0">
    <skipped/>
  </testcase> <!-- navigateToFrequentlyAskedQuestionsPageFromSeeMoreLink -->
  <testcase classname="com.gomechanic.Tests.NavigateToScheduledServicesSectionFromHomePageServicesSectionTest" name="navigateToScheduledServicesSectionFromHomePageServicesSection" time="0.0">
    <skipped/>
  </testcase> <!-- navigateToScheduledServicesSectionFromHomePageServicesSection -->
  <testcase classname="com.gomechanic.Tests.NavigateToServicesPageUsingCheckPriceFormTest" name="checkPricesForRequiredCarsFromHomePage" time="0.0">
    <skipped/>
  </testcase> <!-- checkPricesForRequiredCarsFromHomePage -->
  <testcase classname="com.gomechanic.Tests.NavigateToServicesPageUsingCheckPriceFormTest" name="checkPricesForRequiredCarsFromHomePage" time="0.003">
    <skipped/>
  </testcase> <!-- checkPricesForRequiredCarsFromHomePage -->
  <testcase classname="com.gomechanic.Tests.NavigateToServicesPageUsingCheckPriceFormTest" name="checkPricesForRequiredCarsFromHomePage" time="0.0">
    <skipped/>
  </testcase> <!-- checkPricesForRequiredCarsFromHomePage -->
  <testcase classname="com.gomechanic.Tests.NavigateToServicesPageUsingCheckPriceFormTest" name="checkPricesForRequiredCarsFromHomePage" time="0.001">
    <skipped/>
  </testcase> <!-- checkPricesForRequiredCarsFromHomePage -->
  <testcase classname="com.gomechanic.Tests.NavigateToServicesPageUsingCheckPriceFormTest" name="checkPricesForRequiredCarsFromHomePage" time="0.0">
    <skipped/>
  </testcase> <!-- checkPricesForRequiredCarsFromHomePage -->
  <testcase classname="com.gomechanic.Tests.NavigateToServicesPageUsingCheckPriceFormTest" name="checkPricesForRequiredCarsFromHomePage" time="0.001">
    <skipped/>
  </testcase> <!-- checkPricesForRequiredCarsFromHomePage -->
  <testcase classname="com.gomechanic.Tests.NavigateToServicesPageUsingCheckPriceFormTest" name="checkPricesForRequiredCarsFromHomePage" time="0.001">
    <skipped/>
  </testcase> <!-- checkPricesForRequiredCarsFromHomePage -->
  <testcase classname="com.gomechanic.Tests.NavigateToServicesPageUsingCheckPriceFormTest" name="checkPricesForRequiredCarsFromHomePage" time="0.0">
    <skipped/>
  </testcase> <!-- checkPricesForRequiredCarsFromHomePage -->
  <testcase classname="com.gomechanic.Tests.NavigateToServicesPageUsingCheckPriceFormTest" name="checkPricesForRequiredCarsFromHomePage" time="0.0">
    <skipped/>
  </testcase> <!-- checkPricesForRequiredCarsFromHomePage -->
  <testcase classname="com.gomechanic.Tests.NavigateToServicesPageUsingCheckPriceFormTest" name="checkPricesForRequiredCarsFromHomePage" time="0.0">
    <skipped/>
  </testcase> <!-- checkPricesForRequiredCarsFromHomePage -->
  <testcase classname="com.gomechanic.Tests.NavigateToServicesPageUsingCheckPriceFormTest" name="checkPricesForRequiredCarsFromHomePage" time="0.0">
    <skipped/>
  </testcase> <!-- checkPricesForRequiredCarsFromHomePage -->
  <testcase classname="com.gomechanic.Tests.NavigateToWheelCareServicesSectionFromHomePageServicesSectionTest" name="navigateToWheelCareServicesSectionFromHomePageServicesSection" time="0.0">
    <skipped/>
  </testcase> <!-- navigateToWheelCareServicesSectionFromHomePageServicesSection -->
  <testcase classname="com.gomechanic.Tests.RemoveAddedServicePlanFromDentingOrPaintingSectionTest" name="removeAddedServicePlanFromDentingPaintingSection" time="0.0">
    <skipped/>
  </testcase> <!-- removeAddedServicePlanFromDentingPaintingSection -->
  <testcase classname="com.gomechanic.Tests.RemoveAddedServicePlansFromCarCareServicesSectionTest" name="removeAddedServicePlanFromCarCareServicesSection" time="0.0">
    <skipped/>
  </testcase> <!-- removeAddedServicePlanFromCarCareServicesSection -->
  <testcase classname="com.gomechanic.Tests.RemoveAddedServicePlansFromScheduledServicesSectionTest" name="removeAddedServicePlansFromScheduledServicesSection" time="0.001">
    <skipped/>
  </testcase> <!-- removeAddedServicePlansFromScheduledServicesSection -->
  <testcase classname="com.gomechanic.Tests.RemoveAddedServicePlansFromWheelCareServicesSectionTest" name="removeAddedServicePlansFromWheelCareServicesSection" time="0.0">
    <skipped/>
  </testcase> <!-- removeAddedServicePlansFromWheelCareServicesSection -->
  <testcase classname="com.gomechanic.Tests.RemoveSelectedServicePlansFromCartTest" name="removeSelectedServicePlansFromCart" time="0.0">
    <skipped/>
  </testcase> <!-- removeSelectedServicePlansFromCart -->
  <testcase classname="com.gomechanic.Tests.RequestCallBackForCarEnquiryTest" name="requestCallBack" time="0.0">
    <skipped/>
  </testcase> <!-- requestCallBack -->
  <testcase classname="com.gomechanic.Tests.RequestCallBackOnGiveRequirementsPopupFromHomePageTest" name="requestCallBackOnGiveRequirementsPopupFromHomePage" time="0.0">
    <skipped/>
  </testcase> <!-- requestCallBackOnGiveRequirementsPopupFromHomePage -->
  <testcase classname="com.gomechanic.Tests.SelectCarDetailsOnInsurancePageTest" name="selectCarDetailsOnInsurancePage" time="0.0">
    <skipped/>
  </testcase> <!-- selectCarDetailsOnInsurancePage -->
  <testcase classname="com.gomechanic.Tests.SelectCarDetailsOnServicesPageTest" name="selectCarDetailsOnServicesPage" time="0.0">
    <skipped/>
  </testcase> <!-- selectCarDetailsOnServicesPage -->
  <testcase classname="com.gomechanic.Tests.ValidateAddedServicePlansAndPriceDetailsOnCartTest" name="validateAddedServicePlansAndPriceDetailsOnCart" time="0.0">
    <skipped/>
  </testcase> <!-- validateAddedServicePlansAndPriceDetailsOnCart -->
  <testcase classname="com.gomechanic.Tests.ValidateCarDetailsByEditCarBrandCarModelCarFuleTypeTest" name="validateCarDetailsByEditCarBrandCarModelCarFuleType" time="0.0">
    <skipped/>
  </testcase> <!-- validateCarDetailsByEditCarBrandCarModelCarFuleType -->
  <testcase classname="com.gomechanic.Tests.ValidateCarRegistrationNumberErrorMessageWithoutRegistrationNumberInCarCareServiceTest" name="validateCarRegistrationNumberErroMessageWithoutRegistrationNumberInCareCareService" time="0.0">
    <skipped/>
  </testcase> <!-- validateCarRegistrationNumberErroMessageWithoutRegistrationNumberInCareCareService -->
  <testcase classname="com.gomechanic.Tests.ValidateCouponCodeErrorMessageWithoutCouponCodeInCarCareServiceTest" name="validateCouponCodeErrorMessageInvalidCouponCodeInCareCareService" time="0.0">
    <skipped/>
  </testcase> <!-- validateCouponCodeErrorMessageInvalidCouponCodeInCareCareService -->
  <testcase classname="com.gomechanic.Tests.ValidateCouponCodeSuccessMessageAfterValidateDiscountPriceInCarCareServiceTest" name="validateCouponCodeSuccessMessageAfterValidateDiscountPriceInCareCareService" time="0.0">
    <skipped/>
  </testcase> <!-- validateCouponCodeSuccessMessageAfterValidateDiscountPriceInCareCareService -->
  <testcase classname="com.gomechanic.Tests.ValidateCouponCodeSuccessMessageValidCouponCodeInCarCareServiceTest" name="validateCouponCodeSuccessMessageValidCouponCodeInCareCareService" time="0.001">
    <skipped/>
  </testcase> <!-- validateCouponCodeSuccessMessageValidCouponCodeInCareCareService -->
  <testcase classname="com.gomechanic.Tests.ValidateDiscountAmountAndTotalPriceOnCartTest" name="validateDicountAmountAndTotalPriceOnCart" time="0.0">
    <skipped/>
  </testcase> <!-- validateDicountAmountAndTotalPriceOnCart -->
  <testcase classname="com.gomechanic.Tests.ValidateErrorMessageWhenUserCheckPriceWithoutCarDetailsTest" name="validateErrorMessageWhenUserCheckPriceWithoutCarDetails" time="0.0">
    <skipped/>
  </testcase> <!-- validateErrorMessageWhenUserCheckPriceWithoutCarDetails -->
  <testcase classname="com.gomechanic.Tests.ValidateErrorMessageWhenUserCheckoutWithoutEmailIdOnCheckoutPageTest" name="validateErrorMessageWhenUserCheckoutWithoutEmailIdOnCheckoutPage" time="0.0">
    <skipped/>
  </testcase> <!-- validateErrorMessageWhenUserCheckoutWithoutEmailIdOnCheckoutPage -->
  <testcase classname="com.gomechanic.Tests.ValidateErrorMessageWhenUserCheckoutWithoutMobileNumberOnCheckoutPageTest" name="validateErrorMessageWhenUserCheckoutWithoutMobileNumber" time="0.001">
    <skipped/>
  </testcase> <!-- validateErrorMessageWhenUserCheckoutWithoutMobileNumber -->
  <testcase classname="com.gomechanic.Tests.ValidateErrorMessageWhenUserCheckoutWithoutUserNameOnCheckoutPageTest" name="validateeErrorMessageWhenUserCheckoutWithoutUserNameOnCheckoutPage" time="0.0">
    <skipped/>
  </testcase> <!-- validateeErrorMessageWhenUserCheckoutWithoutUserNameOnCheckoutPage -->
  <testcase classname="com.gomechanic.Tests.ValidateErrorMessageWhenUserGetOnboardWithInvalidMobileNumberOnPartnersPageTest" name="validateErrorMessageWithInvalidMobileNumberOnPartnersPage" time="0.001">
    <skipped/>
  </testcase> <!-- validateErrorMessageWithInvalidMobileNumberOnPartnersPage -->
  <testcase classname="com.gomechanic.Tests.ValidateErrorMessageWhenUserGetOnboardWithoutCityNameOnPartnersPageTest" name="validateErrorMessageWhenUserGetOnboardWithoutCityNameOnPartnersPage" time="0.0">
    <skipped/>
  </testcase> <!-- validateErrorMessageWhenUserGetOnboardWithoutCityNameOnPartnersPage -->
  <testcase classname="com.gomechanic.Tests.ValidateErrorMessageWhenUserGetOnboardWithoutMobileNumberOnPartnersPageTest" name="validateErrorMessageWhenUserGetOnboardWithoutMobileNumber" time="0.0">
    <skipped/>
  </testcase> <!-- validateErrorMessageWhenUserGetOnboardWithoutMobileNumber -->
  <testcase classname="com.gomechanic.Tests.ValidateErrorMessageWhenUserGetOnboardWithoutWorkshopNameOnPartnersPageTest" name="validateErrorMessageWithoutWorkshopNameOnPartnersPage" time="0.0">
    <skipped/>
  </testcase> <!-- validateErrorMessageWithoutWorkshopNameOnPartnersPage -->
  <testcase classname="com.gomechanic.Tests.ValidateErrorMessageWithEmptyCartTest" name="validateErrorMessageWithEmptyCart" time="0.0">
    <skipped/>
  </testcase> <!-- validateErrorMessageWithEmptyCart -->
  <testcase classname="com.gomechanic.Tests.ValidateErrorMessageWithInvalidCouponCodeOnCheckoutPageTest" name="validateErrorMessageWithInvalidCouponCodeOnCheckoutPage" time="0.0">
    <skipped/>
  </testcase> <!-- validateErrorMessageWithInvalidCouponCodeOnCheckoutPage -->
  <testcase classname="com.gomechanic.Tests.ValidateErrorMessageWithInvalidCouponCodeOnConfirmCheckoutPageTest" name="validateErrorMessageWithInvalidCouponCodeOnConfirmCheckoutPage" time="0.0">
    <skipped/>
  </testcase> <!-- validateErrorMessageWithInvalidCouponCodeOnConfirmCheckoutPage -->
  <testcase classname="com.gomechanic.Tests.ValidateErrorMessageWithInvalidEmailOrPhoneOnLoginPageTest" name="validateErrorMessageWithInvalidEmailOrPhoneOnLoginPageTest" time="0.0">
    <skipped/>
  </testcase> <!-- validateErrorMessageWithInvalidEmailOrPhoneOnLoginPageTest -->
  <testcase classname="com.gomechanic.Tests.ValidateErrorMessageWithInvalidLoginCredentialsTest" name="validateErrorMessageWithInvalidLoginCredentials" time="0.0">
    <skipped/>
  </testcase> <!-- validateErrorMessageWithInvalidLoginCredentials -->
  <testcase classname="com.gomechanic.Tests.ValidateErrorMessageWithInvalidMobileNumberOnGiveRequirementsPopupInHomePageTest" name="validateErrorMessageWithInvalidMobileNumberOnGiveRequirementsPopup" time="0.0">
    <skipped/>
  </testcase> <!-- validateErrorMessageWithInvalidMobileNumberOnGiveRequirementsPopup -->
  <testcase classname="com.gomechanic.Tests.ValidateErrorMessageWithInvalidPasswordOnLoginPageTest" name="validateErrorMessageWithInvalidPasswordOnLoginPage" time="0.001">
    <skipped/>
  </testcase> <!-- validateErrorMessageWithInvalidPasswordOnLoginPage -->
  <testcase classname="com.gomechanic.Tests.ValidateErrorMessageWithoutCouponCodeOnConfirmCheckoutPageTest" name="validateErrorMessageWihoutCouponCodeOnConfirmCheckoutPage" time="0.0">
    <skipped/>
  </testcase> <!-- validateErrorMessageWihoutCouponCodeOnConfirmCheckoutPage -->
  <testcase classname="com.gomechanic.Tests.ValidateErrorMessageWithoutEmailIdUserAppliesForJobFromAllTabTest" name="validateErrorMessageWithoutEmailUserAppliesJobFromAllTab" time="0.0">
    <skipped/>
  </testcase> <!-- validateErrorMessageWithoutEmailUserAppliesJobFromAllTab -->
  <testcase classname="com.gomechanic.Tests.ValidateErrorMessageWithoutEmailIdUserAppliesForJobFromAnalyticsTabTest" name="validateErrorMessageWithoutEmailIdUserAppliesForJobFromAnalyticsTab" time="0.0">
    <skipped/>
  </testcase> <!-- validateErrorMessageWithoutEmailIdUserAppliesForJobFromAnalyticsTab -->
  <testcase classname="com.gomechanic.Tests.ValidateErrorMessageWithoutEmailIdUserAppliesForJobFromCustomerServiceTabTest" name="validateErrorMessageWithoutEmailIdUserAppliesForJobFromCustomerServiceTab" time="0.0">
    <skipped/>
  </testcase> <!-- validateErrorMessageWithoutEmailIdUserAppliesForJobFromCustomerServiceTab -->
  <testcase classname="com.gomechanic.Tests.ValidateErrorMessageWithoutEmailIdUserAppliesForJobFromGroupOperationsTabTest" name="validateErrorMessageWithoutEmailIdUserAppliesForJobFromGroupOperationsTab" time="0.0">
    <skipped/>
  </testcase> <!-- validateErrorMessageWithoutEmailIdUserAppliesForJobFromGroupOperationsTab -->
  <testcase classname="com.gomechanic.Tests.ValidateErrorMessageWithoutEmailIdUserAppliesForJobFromTechnologyTabTest" name="validateErrorMessageWithoutEmailIdUserAppliesForJobFromTechnologyTab" time="0.0">
    <skipped/>
  </testcase> <!-- validateErrorMessageWithoutEmailIdUserAppliesForJobFromTechnologyTab -->
  <testcase classname="com.gomechanic.Tests.ValidateErrorMessageWithoutMobileNumberOnGiveRequirementsPopupInHomePageTest" name="validateErrorMessageWithoutMobileNumberOnGiveRequirementsPopup" time="0.0">
    <skipped/>
  </testcase> <!-- validateErrorMessageWithoutMobileNumberOnGiveRequirementsPopup -->
  <testcase classname="com.gomechanic.Tests.ValidateErrorMessageWithoutMobileNumberOnInsurancePageTest" name="validateErrorMessageWithoutMobileNumberOnInsurancePage" time="0.0">
    <skipped/>
  </testcase> <!-- validateErrorMessageWithoutMobileNumberOnInsurancePage -->
  <testcase classname="com.gomechanic.Tests.ValidateErrorMessageWithoutPasswordOnLoginPageTest" name="validateErrorMessageWithInvalidPasswordOnLoginPage" time="0.0">
    <skipped/>
  </testcase> <!-- validateErrorMessageWithInvalidPasswordOnLoginPage -->
  <testcase classname="com.gomechanic.Tests.ValidateLandMarkErrorMessageWithoutLandMarkInCarCareServiceTest" name="validateLandMarkErrorMessageWithoutLandMarkInCarCareService" time="0.0">
    <skipped/>
  </testcase> <!-- validateLandMarkErrorMessageWithoutLandMarkInCarCareService -->
  <testcase classname="com.gomechanic.Tests.ValidateNavigateToAboutUsPageTest" name="validateNavigateToAboutUsPage" time="0.0">
    <skipped/>
  </testcase> <!-- validateNavigateToAboutUsPage -->
  <testcase classname="com.gomechanic.Tests.ValidateNavigateToBlogPageTest" name="validateNavigateToBlogPage" time="0.0">
    <skipped/>
  </testcase> <!-- validateNavigateToBlogPage -->
  <testcase classname="com.gomechanic.Tests.ValidateNavigateToCareersPageTest" name="validateNavigateToCareersPage" time="0.0">
    <skipped/>
  </testcase> <!-- validateNavigateToCareersPage -->
  <testcase classname="com.gomechanic.Tests.ValidateNavigateToContactPageTest" name="validateNavigateToContactPage" time="0.0">
    <skipped/>
  </testcase> <!-- validateNavigateToContactPage -->
  <testcase classname="com.gomechanic.Tests.ValidateNavigateToFaqsPageTest" name="validateNavigateToFaqsPage" time="0.0">
    <skipped/>
  </testcase> <!-- validateNavigateToFaqsPage -->
  <testcase classname="com.gomechanic.Tests.ValidateNavigateToInsurancePageTest" name="validateNavigateToInsurancePage" time="0.0">
    <skipped/>
  </testcase> <!-- validateNavigateToInsurancePage -->
  <testcase classname="com.gomechanic.Tests.ValidateNavigateToPartnersPageTest" name="validateNavigateToPartnersPage" time="0.0">
    <skipped/>
  </testcase> <!-- validateNavigateToPartnersPage -->
  <testcase classname="com.gomechanic.Tests.ValidateNavigateToServicesPageAfterCarEnquiryTest" name="verifyNavigateToServicePageAfterCarEnquiry" time="0.0">
    <skipped/>
  </testcase> <!-- verifyNavigateToServicePageAfterCarEnquiry -->
  <testcase classname="com.gomechanic.Tests.ValidateNavigateToServicesPageTest" name="validateNavigateToServicesPage" time="0.0">
    <skipped/>
  </testcase> <!-- validateNavigateToServicesPage -->
  <testcase classname="com.gomechanic.Tests.ValidatePhoneNumberFieldInAnalyticsCareerWithoutPhoneNumberTest" name="validatePhoneNumberInAnalyticsCareerWithoutPhoneNumber" time="0.001">
    <skipped/>
  </testcase> <!-- validatePhoneNumberInAnalyticsCareerWithoutPhoneNumber -->
  <testcase classname="com.gomechanic.Tests.ValidatePhoneNumberFieldInCustomerServiceCareerWithoutPhoneNumberTest" name="validatePhoneNumberInCustomerServiceCareerWithoutPhoneNumber" time="0.0">
    <skipped/>
  </testcase> <!-- validatePhoneNumberInCustomerServiceCareerWithoutPhoneNumber -->
  <testcase classname="com.gomechanic.Tests.ValidatePhoneNumberFieldInGroundOperationsCareerWithoutPhoneNumberTest" name="validatePhoneNumberInGroundOperationsCareerWithoutPhoneNumber" time="0.0">
    <skipped/>
  </testcase> <!-- validatePhoneNumberInGroundOperationsCareerWithoutPhoneNumber -->
  <testcase classname="com.gomechanic.Tests.ValidatePhoneNumberFieldInTechnologyCareerWithoutPhoneNumberTest" name="validateUserNameInTechnologyCareerSectionWithoutUserName" time="0.0">
    <skipped/>
  </testcase> <!-- validateUserNameInTechnologyCareerSectionWithoutUserName -->
  <testcase classname="com.gomechanic.Tests.ValidatePhoneNumberForAJobInAllTabCareerTest" name="validatePhoneNumberForAJobInAllTabCareer" time="0.0">
    <skipped/>
  </testcase> <!-- validatePhoneNumberForAJobInAllTabCareer -->
  <testcase classname="com.gomechanic.Tests.ValidatePickUpAddressErrorMessageWithoutAddressInCarCareServiceTest" name="validateLandMarkErrorMessageWithoutLandMarkInCareCareService" time="0.0">
    <skipped/>
  </testcase> <!-- validateLandMarkErrorMessageWithoutLandMarkInCareCareService -->
  <testcase classname="com.gomechanic.Tests.ValidateRequestQuoteWithoutCarDetailsTest" name="PleaseSelectCarDetailsMessage" time="0.0">
    <skipped/>
  </testcase> <!-- PleaseSelectCarDetailsMessage -->
  <testcase classname="com.gomechanic.Tests.ValidateRequestQuoteWithoutMobileNumberTest" name="PleaseEnterValidMobileNumberMessage" time="0.0">
    <skipped/>
  </testcase> <!-- PleaseEnterValidMobileNumberMessage -->
  <testcase classname="com.gomechanic.Tests.ValidateSelectedCityLocationTest" name="validateSelectedCityLocation" time="0.0">
    <skipped/>
  </testcase> <!-- validateSelectedCityLocation -->
  <testcase classname="com.gomechanic.Tests.ValidateSelectedCityLocationTest" name="validateSelectedCityLocation" time="0.0">
    <skipped/>
  </testcase> <!-- validateSelectedCityLocation -->
  <testcase classname="com.gomechanic.Tests.ValidateSelectedCityLocationTest" name="validateSelectedCityLocation" time="0.0">
    <skipped/>
  </testcase> <!-- validateSelectedCityLocation -->
  <testcase classname="com.gomechanic.Tests.ValidateSelectedCityLocationTest" name="validateSelectedCityLocation" time="0.0">
    <skipped/>
  </testcase> <!-- validateSelectedCityLocation -->
  <testcase classname="com.gomechanic.Tests.ValidateSelectedCityLocationTest" name="validateSelectedCityLocation" time="0.0">
    <skipped/>
  </testcase> <!-- validateSelectedCityLocation -->
  <testcase classname="com.gomechanic.Tests.ValidateSelectedCityLocationTest" name="validateSelectedCityLocation" time="0.0">
    <skipped/>
  </testcase> <!-- validateSelectedCityLocation -->
  <testcase classname="com.gomechanic.Tests.ValidateSelectedCityLocationTest" name="validateSelectedCityLocation" time="0.0">
    <skipped/>
  </testcase> <!-- validateSelectedCityLocation -->
  <testcase classname="com.gomechanic.Tests.ValidateSelectedCityLocationTest" name="validateSelectedCityLocation" time="0.0">
    <skipped/>
  </testcase> <!-- validateSelectedCityLocation -->
  <testcase classname="com.gomechanic.Tests.ValidateSelectedCityLocationTest" name="validateSelectedCityLocation" time="0.0">
    <skipped/>
  </testcase> <!-- validateSelectedCityLocation -->
  <testcase classname="com.gomechanic.Tests.ValidateSelectedCityLocationTest" name="validateSelectedCityLocation" time="0.0">
    <skipped/>
  </testcase> <!-- validateSelectedCityLocation -->
  <testcase classname="com.gomechanic.Tests.ValidateSelectedCityLocationTest" name="validateSelectedCityLocation" time="0.0">
    <skipped/>
  </testcase> <!-- validateSelectedCityLocation -->
  <testcase classname="com.gomechanic.Tests.ValidateSelectedCityLocationTest" name="validateSelectedCityLocation" time="0.0">
    <skipped/>
  </testcase> <!-- validateSelectedCityLocation -->
  <testcase classname="com.gomechanic.Tests.ValidateSelectedServicePlansPriceDetailsOnCartTest" name="validateSelectedServicePlansPriceDetails" time="0.0">
    <skipped/>
  </testcase> <!-- validateSelectedServicePlansPriceDetails -->
  <testcase classname="com.gomechanic.Tests.ValidateServicePlanOrderedSuccessMessageTest" name="validateServicePlanOrderedSuccessMessage" time="0.0">
    <skipped/>
  </testcase> <!-- validateServicePlanOrderedSuccessMessage -->
  <testcase classname="com.gomechanic.Tests.ValidateTotalPriceUpdatedWhenUserRemovesDiscountCodeOnCheckoutTest" name="validateTotalPriceUpdatedWhenUserRemovesDiscountCodeOnCheckoutPage" time="0.0">
    <skipped/>
  </testcase> <!-- validateTotalPriceUpdatedWhenUserRemovesDiscountCodeOnCheckoutPage -->
  <testcase classname="com.gomechanic.Tests.ValidateTotalPriceUpdatedWhenUserRemovesDiscountCodeOnCheckoutTest" name="validateTotalPriceUpdatedWhenUserRemovesDiscountCodeOnConfirmOrderPage" time="0.0">
    <skipped/>
  </testcase> <!-- validateTotalPriceUpdatedWhenUserRemovesDiscountCodeOnConfirmOrderPage -->
  <testcase classname="com.gomechanic.Tests.ValidateUpLoadResumeFieldInCustomerServiceCareerSectionWithoutResumeTest" name="validateUpLoadResumeFieldInCustomerServiceCareerSectionWithoutResume" time="0.0">
    <skipped/>
  </testcase> <!-- validateUpLoadResumeFieldInCustomerServiceCareerSectionWithoutResume -->
  <testcase classname="com.gomechanic.Tests.ValidateUploadResumeFieldInAllCareerSectionWithoutResumeTest" name="validateUploadResumeFieldInAllCareerSectionWithoutResume" time="0.0">
    <skipped/>
  </testcase> <!-- validateUploadResumeFieldInAllCareerSectionWithoutResume -->
  <testcase classname="com.gomechanic.Tests.ValidateUploadResumeFieldInAnalyticsCareerSectionWithoutResumeTest" name="validateUploadResumeFieldInAnalyticsCareerSectionWithoutResume" time="0.001">
    <skipped/>
  </testcase> <!-- validateUploadResumeFieldInAnalyticsCareerSectionWithoutResume -->
  <testcase classname="com.gomechanic.Tests.ValidateUploadResumeFieldInGroundOperationsCareerSectionWithoutResumeTest" name="validateUploadResumeFieldInGroundOperationsCareerSectionWithoutResume" time="0.0">
    <skipped/>
  </testcase> <!-- validateUploadResumeFieldInGroundOperationsCareerSectionWithoutResume -->
  <testcase classname="com.gomechanic.Tests.ValidateUploadResumeFieldInTechnologyCareerSectionWithoutResumeTest" name="validateUploadResumeFieldInTechnologyCareerSectionWithoutResume" time="0.0">
    <skipped/>
  </testcase> <!-- validateUploadResumeFieldInTechnologyCareerSectionWithoutResume -->
  <testcase classname="com.gomechanic.Tests.ValidateUserNameFieldInCustomerServiceCareerSectionWithoutUserNameTest" name="validateUserNameInCustomerServiceCareerSectionWithoutUserName" time="0.001">
    <skipped/>
  </testcase> <!-- validateUserNameInCustomerServiceCareerSectionWithoutUserName -->
  <testcase classname="com.gomechanic.Tests.ValidateUserNameFieldInGroundOperationsCareerSectionWithoutUserNameTest" name="validateUserNameInGroundOperationsCareerSectionWithoutUserName" time="0.0">
    <skipped/>
  </testcase> <!-- validateUserNameInGroundOperationsCareerSectionWithoutUserName -->
  <testcase classname="com.gomechanic.Tests.ValidateUserNameInAllCareerSectionWithoutUserNameTest" name="validateUserNameInAllCareerSectionWithoutUserName" time="0.0">
    <skipped/>
  </testcase> <!-- validateUserNameInAllCareerSectionWithoutUserName -->
  <testcase classname="com.gomechanic.Tests.ValidateUserNameInAnalyticsCareerSectionWithoutUserNameTest" name="validateUserNameInAnalyticsCareerSectionWithoutUserName" time="0.0">
    <skipped/>
  </testcase> <!-- validateUserNameInAnalyticsCareerSectionWithoutUserName -->
  <testcase classname="com.gomechanic.Tests.ValidateUserNameInTechnologyCareerSectionWithoutUserNameTest" name="validateUserNameInTechnologyCareerSectionWithoutUserName" time="0.001">
    <skipped/>
  </testcase> <!-- validateUserNameInTechnologyCareerSectionWithoutUserName -->
  <testcase classname="com.gomechanic.Tests.ValidateUserRegisteredSuccessfullyTest" name="validateUserRegisteredSuccessfullyTest" time="0.0">
    <skipped/>
  </testcase> <!-- validateUserRegisteredSuccessfullyTest -->
  <testcase classname="com.gomechanic.Tests.ValidateUserRegistrationWithExistingUserRegisteredDetailsTest" name="validateUserRegistrationWithExistingUserRegisteredDetails" time="0.0">
    <skipped/>
  </testcase> <!-- validateUserRegistrationWithExistingUserRegisteredDetails -->
  <testcase classname="com.gomechanic.Tests.ValidateUserUnableToAddMoreThanOneScheduledServiceToCartTest" name="validateUserUnableToAddMoreThanOneScheduledServiceToCart" time="0.0">
    <skipped/>
  </testcase> <!-- validateUserUnableToAddMoreThanOneScheduledServiceToCart -->
</testsuite> <!-- Command line test -->
