<?xml version="1.0" encoding="UTF-8" ?>
<testsuite tests="135" failures="2" name="TestSuite" time="22.826" errors="0" skipped="133">
  <properties>
    <property name="java.runtime.name" value="Java(TM) SE Runtime Environment"/>
    <property name="java.vm.version" value="11.0.4+10-LTS"/>
    <property name="sun.boot.library.path" value="C:\Program Files\Java\jdk-11.0.4\bin"/>
    <property name="maven.multiModuleProjectDirectory" value="C:\Users\amarendharg\eclipse-workspace\GoMechanic\GoMechanic"/>
    <property name="java.vm.vendor" value="Oracle Corporation"/>
    <property name="java.vendor.url" value="http://java.oracle.com/"/>
    <property name="guice.disable.misplaced.annotation.check" value="true"/>
    <property name="path.separator" value=";"/>
    <property name="java.vm.name" value="Java HotSpot(TM) 64-Bit Server VM"/>
    <property name="sun.os.patch.level" value=""/>
    <property name="user.script" value=""/>
    <property name="user.country" value="US"/>
    <property name="sun.java.launcher" value="SUN_STANDARD"/>
    <property name="java.vm.specification.name" value="Java Virtual Machine Specification"/>
    <property name="user.dir" value="C:\Users\amarendharg\eclipse-workspace\GoMechanic\GoMechanic"/>
    <property name="java.vm.compressedOopsMode" value="32-bit"/>
    <property name="java.runtime.version" value="11.0.4+10-LTS"/>
    <property name="java.awt.graphicsenv" value="sun.awt.Win32GraphicsEnvironment"/>
    <property name="os.arch" value="amd64"/>
    <property name="java.io.tmpdir" value="C:\Users\AMAREN~1\AppData\Local\Temp\"/>
    <property name="line.separator" value="
"/>
    <property name="java.vm.specification.vendor" value="Oracle Corporation"/>
    <property name="user.variant" value=""/>
    <property name="os.name" value="Windows 10"/>
    <property name="classworlds.conf" value="C:\Users\amarendharg\eclipse-workspace\.metadata\.plugins\org.eclipse.m2e.launching\launches\m2conf1702788568414496515.tmp"/>
    <property name="sun.jnu.encoding" value="Cp1252"/>
    <property name="java.library.path" value="C:\Program Files\Java\jdk-11.0.4\bin;C:\WINDOWS\Sun\Java\bin;C:\WINDOWS\system32;C:\WINDOWS;C:/Program Files/Java/jdk-11.0.4/bin/server;C:/Program Files/Java/jdk-11.0.4/bin;C:\Program Files (x86)\TRICENTIS\Tosca Testsuite\Classic;C:\Program Files (x86)\TRICENTIS\Tosca Testsuite\Classic;C:\Program Files (x86)\TRICENTIS\Tosca Testsuite\Classic\dll;C:\Program Files (x86)\TRICENTIS\Tosca Testsuite\Classic\dll\GuptaEngine;C:\Program Files (x86)\TRICENTIS\Tosca Testsuite\ToscaCommander;C:\Program Files (x86)\TRICENTIS\Tosca Testsuite\Classic\dll\DelphiEngine;C:\Program Files (x86)\TRICENTIS\Tosca Testsuite\Classic\dll\PBEngine;C:\Program Files (x86)\TRICENTIS\Tosca Testsuite\Classic\dll\VBEngine;C:\Program Files (x86)\TRICENTIS\Tosca Testsuite\Classic\dll\DotNetHooking;;C:\Program Files (x86)\TRICENTIS\Tosca Testsuite\TBox\Resources\Mobile\Tools;C:\Python27\;C:\Python27\Scripts;C:\Program Files (x86)\Intel\iCLS Client\;C:\Program Files\Intel\iCLS Client\;C:\WINDOWS\system32;C:\WINDOWS;C:\WINDOWS\System32\Wbem;C:\WINDOWS\System32\WindowsPowerShell\v1.0\;C:\Program Files (x86)\Intel\Intel(R) Management Engine Components\DAL;C:\Program Files\Intel\Intel(R) Management Engine Components\DAL;C:\Program Files (x86)\Intel\Intel(R) Management Engine Components\IPT;C:\Program Files\Intel\Intel(R) Management Engine Components\IPT;C:\Program Files\Java\jdk1.8.0_111\bin;C:\Python27;C:\Python27\Scripts;C:\Program Files\AndroidSDK\sdk\tools;C:\Program Files\AndroidSDK\sdk\platform-tools;C:\Program Files\PuTTY\;C:\Program Files (x86)\OpenSSH\bin;C:\Program Files\apache-maven-3.3.9\bin;C:\Program Files (x86)\PICT\;C:\Program Files\TortoiseSVN\bin;C:\Program Files\dotnet\;C:\Program Files\Microsoft SQL Server\130\Tools\Binn\;C:\Program Files (x86)\Microsoft SQL Server\100\Tools\Binn\;C:\Program Files\Microsoft SQL Server\100\Tools\Binn\;C:\Program Files\Microsoft SQL Server\100\DTS\Binn\;C:\Program Files (x86)\Microsoft SQL Server\100\Tools\Binn\VSShell\Common7\IDE\;C:\Program Files (x86)\Microsoft Visual Studio 9.0\Common7\IDE\PrivateAssemblies\;C:\Program Files (x86)\Microsoft SQL Server\100\DTS\Binn\;C:\Program Files\MySQL\MySQL Utilities 1.6\;C:\WINDOWS\System32\OpenSSH\;C:\Program Files\Java\jdk-11.0.4\bin;C:\Program Files\Git\cmd;C:\DriverServers;C:\Users\amarendharg\AppData\Local\Microsoft\WindowsApps;;C:\Users\amarendharg\Desktop;;."/>
    <property name="jdk.debug" value="release"/>
    <property name="java.class.version" value="55.0"/>
    <property name="java.specification.name" value="Java Platform API Specification"/>
    <property name="sun.management.compiler" value="HotSpot 64-Bit Tiered Compilers"/>
    <property name="os.version" value="10.0"/>
    <property name="user.home" value="C:\Users\amarendharg"/>
    <property name="user.timezone" value="Asia/Calcutta"/>
    <property name="java.awt.printerjob" value="sun.awt.windows.WPrinterJob"/>
    <property name="file.encoding" value="Cp1252"/>
    <property name="java.specification.version" value="11"/>
    <property name="user.name" value="amarendharg"/>
    <property name="java.class.path" value="C:\Users\amarendharg\.p2\pool\plugins\org.eclipse.m2e.maven.runtime_1.11.0.20190220-2117\jars\plexus-classworlds-2.5.2.jar"/>
    <property name="java.vm.specification.version" value="11"/>
    <property name="sun.arch.data.model" value="64"/>
    <property name="sun.java.command" value="org.codehaus.plexus.classworlds.launcher.Launcher -B install"/>
    <property name="java.home" value="C:\Program Files\Java\jdk-11.0.4"/>
    <property name="user.language" value="en"/>
    <property name="java.specification.vendor" value="Oracle Corporation"/>
    <property name="awt.toolkit" value="sun.awt.windows.WToolkit"/>
    <property name="java.vm.info" value="mixed mode"/>
    <property name="java.version" value="11.0.4"/>
    <property name="java.vendor" value="Oracle Corporation"/>
    <property name="maven.home" value="C:\Users\amarendharg\eclipse-workspace\GoMechanic\GoMechanic\EMBEDDED"/>
    <property name="file.separator" value="\"/>
    <property name="java.version.date" value="2019-07-16"/>
    <property name="java.vendor.url.bug" value="http://bugreport.java.com/bugreport/"/>
    <property name="sun.io.unicode.encoding" value="UnicodeLittle"/>
    <property name="sun.cpu.endian" value="little"/>
    <property name="java.vendor.version" value="18.9"/>
    <property name="sun.desktop" value="windows"/>
    <property name="sun.cpu.isalist" value="amd64"/>
  </properties>
  <testcase classname="com.gomechanic.Tests.AddBasicServicePlanToCartTest" name="SelectBasicServicePlan" time="5.65">
    <failure message="no such window: target window already closed
from unknown error: web view not found
  (Session info: chrome=76.0.3809.132)
Build info: version: &apos;3.141.59&apos;, revision: &apos;e82be7d358&apos;, time: &apos;2018-11-14T08:17:03&apos;
System info: host: &apos;INDHYDELP016&apos;, ip: &apos;172.31.82.241&apos;, os.name: &apos;Windows 10&apos;, os.arch: &apos;amd64&apos;, os.version: &apos;10.0&apos;, java.version: &apos;11.0.4&apos;
Driver info: org.openqa.selenium.chrome.ChromeDriver
Capabilities {acceptInsecureCerts: false, browserName: chrome, browserVersion: 76.0.3809.132, chrome: {chromedriverVersion: 76.0.3809.126 (d80a294506b4..., userDataDir: C:\Users\AMAREN~1\AppData\L...}, goog:chromeOptions: {debuggerAddress: localhost:59089}, javascriptEnabled: true, networkConnectionEnabled: false, pageLoadStrategy: normal, platform: XP, platformName: XP, proxy: Proxy(), setWindowRect: true, strictFileInteractability: false, timeouts: {implicit: 0, pageLoad: 300000, script: 30000}, unhandledPromptBehavior: dismiss and notify}
Session ID: 341a35971c807bffa1d5086aacb267a9
*** Element info: {Using=css selector, value=div[id=&apos;call-icon-desktop&apos;] [class=&apos;select-city-link&apos;]}" type="org.openqa.selenium.NoSuchWindowException">org.openqa.selenium.NoSuchWindowException: no such window: target window already closed
from unknown error: web view not found
  (Session info: chrome=76.0.3809.132)
Build info: version: &apos;3.141.59&apos;, revision: &apos;e82be7d358&apos;, time: &apos;2018-11-14T08:17:03&apos;
System info: host: &apos;INDHYDELP016&apos;, ip: &apos;172.31.82.241&apos;, os.name: &apos;Windows 10&apos;, os.arch: &apos;amd64&apos;, os.version: &apos;10.0&apos;, java.version: &apos;11.0.4&apos;
Driver info: org.openqa.selenium.chrome.ChromeDriver
Capabilities {acceptInsecureCerts: false, browserName: chrome, browserVersion: 76.0.3809.132, chrome: {chromedriverVersion: 76.0.3809.126 (d80a294506b4..., userDataDir: C:\Users\AMAREN~1\AppData\L...}, goog:chromeOptions: {debuggerAddress: localhost:59089}, javascriptEnabled: true, networkConnectionEnabled: false, pageLoadStrategy: normal, platform: XP, platformName: XP, proxy: Proxy(), setWindowRect: true, strictFileInteractability: false, timeouts: {implicit: 0, pageLoad: 300000, script: 30000}, unhandledPromptBehavior: dismiss and notify}
Session ID: 341a35971c807bffa1d5086aacb267a9
*** Element info: {Using=css selector, value=div[id=&apos;call-icon-desktop&apos;] [class=&apos;select-city-link&apos;]}
	at java.base/jdk.internal.reflect.NativeConstructorAccessorImpl.newInstance0(Native Method)
	at java.base/jdk.internal.reflect.NativeConstructorAccessorImpl.newInstance(NativeConstructorAccessorImpl.java:62)
	at java.base/jdk.internal.reflect.DelegatingConstructorAccessorImpl.newInstance(DelegatingConstructorAccessorImpl.java:45)
	at java.base/java.lang.reflect.Constructor.newInstance(Constructor.java:490)
	at org.openqa.selenium.remote.http.W3CHttpResponseCodec.createException(W3CHttpResponseCodec.java:187)
	at org.openqa.selenium.remote.http.W3CHttpResponseCodec.decode(W3CHttpResponseCodec.java:122)
	at org.openqa.selenium.remote.http.W3CHttpResponseCodec.decode(W3CHttpResponseCodec.java:49)
	at org.openqa.selenium.remote.HttpCommandExecutor.execute(HttpCommandExecutor.java:158)
	at org.openqa.selenium.remote.service.DriverCommandExecutor.execute(DriverCommandExecutor.java:83)
	at org.openqa.selenium.remote.RemoteWebDriver.execute(RemoteWebDriver.java:552)
	at org.openqa.selenium.remote.RemoteWebDriver.findElement(RemoteWebDriver.java:323)
	at org.openqa.selenium.remote.RemoteWebDriver.findElementByCssSelector(RemoteWebDriver.java:420)
	at org.openqa.selenium.By$ByCssSelector.findElement(By.java:431)
	at org.openqa.selenium.remote.RemoteWebDriver.findElement(RemoteWebDriver.java:315)
	at com.gomechanic.pages.SelectCityPage.validateSelectedCity(SelectCityPage.java:65)
	at com.gomechanic.Tests.AddBasicServicePlanToCartTest.SelectBasicServicePlan(AddBasicServicePlanToCartTest.java:27)
</failure>
    <system-out>Configuring TestNG with: org.apache.maven.surefire.testng.conf.TestNG652Configurator@15d0c81b
</system-out>
    <system-err>Starting ChromeDriver 76.0.3809.126 (d80a294506b4c9d18015e755cee48f953ddc3f2f-refs/branch-heads/3809@{#1024}) on port 42809
Only local connections are allowed.
Please protect ports used by ChromeDriver and related test frameworks to prevent access by malicious code.
Oct 10, 2019 9:20:18 AM org.openqa.selenium.remote.DesiredCapabilities chrome
INFO: Using `new ChromeOptions()` is preferred to `DesiredCapabilities.chrome()`
Starting ChromeDriver 76.0.3809.126 (d80a294506b4c9d18015e755cee48f953ddc3f2f-refs/branch-heads/3809@{#1024}) on port 5004
Only local connections are allowed.
Please protect ports used by ChromeDriver and related test frameworks to prevent access by malicious code.
Oct 10, 2019 9:20:27 AM org.openqa.selenium.remote.ProtocolHandshake createSession
INFO: Detected dialect: W3C
</system-err>
  </testcase>
  <testcase classname="com.gomechanic.Tests.AddBasicServicePlanToCartTest" name="aftermethod" time="5.666">
    <failure message="no such window: target window already closed
from unknown error: web view not found
  (Session info: chrome=76.0.3809.132)
Build info: version: &apos;3.141.59&apos;, revision: &apos;e82be7d358&apos;, time: &apos;2018-11-14T08:17:03&apos;
System info: host: &apos;INDHYDELP016&apos;, ip: &apos;172.31.82.241&apos;, os.name: &apos;Windows 10&apos;, os.arch: &apos;amd64&apos;, os.version: &apos;10.0&apos;, java.version: &apos;11.0.4&apos;
Driver info: org.openqa.selenium.chrome.ChromeDriver
Capabilities {acceptInsecureCerts: false, browserName: chrome, browserVersion: 76.0.3809.132, chrome: {chromedriverVersion: 76.0.3809.126 (d80a294506b4..., userDataDir: C:\Users\AMAREN~1\AppData\L...}, goog:chromeOptions: {debuggerAddress: localhost:59089}, javascriptEnabled: true, networkConnectionEnabled: false, pageLoadStrategy: normal, platform: XP, platformName: XP, proxy: Proxy(), setWindowRect: true, strictFileInteractability: false, timeouts: {implicit: 0, pageLoad: 300000, script: 30000}, unhandledPromptBehavior: dismiss and notify}
Session ID: 341a35971c807bffa1d5086aacb267a9" type="org.openqa.selenium.NoSuchWindowException">org.openqa.selenium.NoSuchWindowException: no such window: target window already closed
from unknown error: web view not found
  (Session info: chrome=76.0.3809.132)
Build info: version: &apos;3.141.59&apos;, revision: &apos;e82be7d358&apos;, time: &apos;2018-11-14T08:17:03&apos;
System info: host: &apos;INDHYDELP016&apos;, ip: &apos;172.31.82.241&apos;, os.name: &apos;Windows 10&apos;, os.arch: &apos;amd64&apos;, os.version: &apos;10.0&apos;, java.version: &apos;11.0.4&apos;
Driver info: org.openqa.selenium.chrome.ChromeDriver
Capabilities {acceptInsecureCerts: false, browserName: chrome, browserVersion: 76.0.3809.132, chrome: {chromedriverVersion: 76.0.3809.126 (d80a294506b4..., userDataDir: C:\Users\AMAREN~1\AppData\L...}, goog:chromeOptions: {debuggerAddress: localhost:59089}, javascriptEnabled: true, networkConnectionEnabled: false, pageLoadStrategy: normal, platform: XP, platformName: XP, proxy: Proxy(), setWindowRect: true, strictFileInteractability: false, timeouts: {implicit: 0, pageLoad: 300000, script: 30000}, unhandledPromptBehavior: dismiss and notify}
Session ID: 341a35971c807bffa1d5086aacb267a9
	at java.base/jdk.internal.reflect.NativeConstructorAccessorImpl.newInstance0(Native Method)
	at java.base/jdk.internal.reflect.NativeConstructorAccessorImpl.newInstance(NativeConstructorAccessorImpl.java:62)
	at java.base/jdk.internal.reflect.DelegatingConstructorAccessorImpl.newInstance(DelegatingConstructorAccessorImpl.java:45)
	at java.base/java.lang.reflect.Constructor.newInstance(Constructor.java:490)
	at org.openqa.selenium.remote.http.W3CHttpResponseCodec.createException(W3CHttpResponseCodec.java:187)
	at org.openqa.selenium.remote.http.W3CHttpResponseCodec.decode(W3CHttpResponseCodec.java:122)
	at org.openqa.selenium.remote.http.W3CHttpResponseCodec.decode(W3CHttpResponseCodec.java:49)
	at org.openqa.selenium.remote.HttpCommandExecutor.execute(HttpCommandExecutor.java:158)
	at org.openqa.selenium.remote.service.DriverCommandExecutor.execute(DriverCommandExecutor.java:83)
	at org.openqa.selenium.remote.RemoteWebDriver.execute(RemoteWebDriver.java:552)
	at org.openqa.selenium.remote.RemoteWebDriver.execute(RemoteWebDriver.java:609)
	at org.openqa.selenium.remote.RemoteWebDriver.getScreenshotAs(RemoteWebDriver.java:295)
	at com.gomechanic.utils.Screenshot.createScreenshot(Screenshot.java:20)
	at com.gomechanic.Tests.BaseTestSuite.aftermethod(BaseTestSuite.java:60)
	at java.base/jdk.internal.reflect.NativeMethodAccessorImpl.invoke0(Native Method)
	at java.base/jdk.internal.reflect.NativeMethodAccessorImpl.invoke(NativeMethodAccessorImpl.java:62)
	at java.base/jdk.internal.reflect.DelegatingMethodAccessorImpl.invoke(DelegatingMethodAccessorImpl.java:43)
	at java.base/java.lang.reflect.Method.invoke(Method.java:566)
	at org.testng.internal.MethodInvocationHelper.invokeMethod(MethodInvocationHelper.java:84)
	at org.testng.internal.Invoker.invokeConfigurationMethod(Invoker.java:564)
	at org.testng.internal.Invoker.invokeConfigurations(Invoker.java:213)
	at org.testng.internal.Invoker.invokeMethod(Invoker.java:786)
	at org.testng.internal.Invoker.invokeTestMethod(Invoker.java:901)
	at org.testng.internal.Invoker.invokeTestMethods(Invoker.java:1231)
	at org.testng.internal.TestMethodWorker.invokeTestMethods(TestMethodWorker.java:127)
	at org.testng.internal.TestMethodWorker.run(TestMethodWorker.java:111)
	at org.testng.TestRunner.privateRun(TestRunner.java:767)
	at org.testng.TestRunner.run(TestRunner.java:617)
	at org.testng.SuiteRunner.runTest(SuiteRunner.java:348)
	at org.testng.SuiteRunner.runSequentially(SuiteRunner.java:343)
	at org.testng.SuiteRunner.privateRun(SuiteRunner.java:305)
	at org.testng.SuiteRunner.run(SuiteRunner.java:254)
	at org.testng.SuiteRunnerWorker.runSuite(SuiteRunnerWorker.java:52)
	at org.testng.SuiteRunnerWorker.run(SuiteRunnerWorker.java:86)
	at org.testng.TestNG.runSuitesSequentially(TestNG.java:1224)
	at org.testng.TestNG.runSuitesLocally(TestNG.java:1149)
	at org.testng.TestNG.run(TestNG.java:1057)
	at org.apache.maven.surefire.testng.TestNGExecutor.run(TestNGExecutor.java:77)
	at org.apache.maven.surefire.testng.TestNGDirectoryTestSuite.executeMulti(TestNGDirectoryTestSuite.java:159)
	at org.apache.maven.surefire.testng.TestNGDirectoryTestSuite.execute(TestNGDirectoryTestSuite.java:99)
	at org.apache.maven.surefire.testng.TestNGProvider.invoke(TestNGProvider.java:106)
	at java.base/jdk.internal.reflect.NativeMethodAccessorImpl.invoke0(Native Method)
	at java.base/jdk.internal.reflect.NativeMethodAccessorImpl.invoke(NativeMethodAccessorImpl.java:62)
	at java.base/jdk.internal.reflect.DelegatingMethodAccessorImpl.invoke(DelegatingMethodAccessorImpl.java:43)
	at java.base/java.lang.reflect.Method.invoke(Method.java:566)
	at org.apache.maven.surefire.util.ReflectionUtils.invokeMethodWithArray(ReflectionUtils.java:189)
	at org.apache.maven.surefire.booter.ProviderFactory$ProviderProxy.invoke(ProviderFactory.java:165)
	at org.apache.maven.surefire.booter.ProviderFactory.invokeProvider(ProviderFactory.java:85)
	at org.apache.maven.surefire.booter.ForkedBooter.runSuitesInProcess(ForkedBooter.java:115)
	at org.apache.maven.surefire.booter.ForkedBooter.main(ForkedBooter.java:75)
</failure>
  </testcase>
  <testcase classname="com.gomechanic.Tests.AddBasicServicePlanToCartTest" name="tearDown" time="5.668">
    <skipped/>
  </testcase>
  <testcase classname="com.gomechanic.Tests.AddCarWashServicePlanToCartTest" name="setUpTest" time="5.668">
    <skipped/>
  </testcase>
  <testcase classname="com.gomechanic.Tests.AddCarWashServicePlanToCartTest" name="selectCarWashServicePlan" time="0">
    <skipped/>
  </testcase>
  <testcase classname="com.gomechanic.Tests.AddCarWashServicePlanToCartTest" name="aftermethod" time="0">
    <skipped/>
  </testcase>
  <testcase classname="com.gomechanic.Tests.AddCarWashServicePlanToCartTest" name="tearDown" time="0">
    <skipped/>
  </testcase>
  <testcase classname="com.gomechanic.Tests.AddComprehensiveCleaningServicePlanToCartTest" name="setUpTest" time="0">
    <skipped/>
  </testcase>
  <testcase classname="com.gomechanic.Tests.AddComprehensiveCleaningServicePlanToCartTest" name="selectComprehensiveCleaningServicePlan" time="0.008">
    <skipped/>
  </testcase>
  <testcase classname="com.gomechanic.Tests.AddComprehensiveCleaningServicePlanToCartTest" name="aftermethod" time="0.008">
    <skipped/>
  </testcase>
  <testcase classname="com.gomechanic.Tests.AddComprehensiveCleaningServicePlanToCartTest" name="tearDown" time="0.008">
    <skipped/>
  </testcase>
  <testcase classname="com.gomechanic.Tests.AddComprehensiveServicePlanToCartTest" name="setUpTest" time="0.008">
    <skipped/>
  </testcase>
  <testcase classname="com.gomechanic.Tests.AddComprehensiveServicePlanToCartTest" name="selectComprehensiveServicePlan" time="0">
    <skipped/>
  </testcase>
  <testcase classname="com.gomechanic.Tests.AddComprehensiveServicePlanToCartTest" name="aftermethod" time="0.003">
    <skipped/>
  </testcase>
  <testcase classname="com.gomechanic.Tests.AddComprehensiveServicePlanToCartTest" name="tearDown" time="0.003">
    <skipped/>
  </testcase>
  <testcase classname="com.gomechanic.Tests.AddDryCleaningServicePlanToCartTest" name="setUpTest" time="0.003">
    <skipped/>
  </testcase>
  <testcase classname="com.gomechanic.Tests.AddDryCleaningServicePlanToCartTest" name="selectDryCleaningServicePlan" time="0">
    <skipped/>
  </testcase>
  <testcase classname="com.gomechanic.Tests.AddDryCleaningServicePlanToCartTest" name="aftermethod" time="0">
    <skipped/>
  </testcase>
  <testcase classname="com.gomechanic.Tests.AddDryCleaningServicePlanToCartTest" name="tearDown" time="0">
    <skipped/>
  </testcase>
  <testcase classname="com.gomechanic.Tests.AddExteriorPolishingAndRubbingServicePlanToCartTest" name="setUpTest" time="0">
    <skipped/>
  </testcase>
  <testcase classname="com.gomechanic.Tests.AddExteriorPolishingAndRubbingServicePlanToCartTest" name="selectAddExteriorPolishingAndRubbingServicePlan" time="0">
    <skipped/>
  </testcase>
  <testcase classname="com.gomechanic.Tests.AddExteriorPolishingAndRubbingServicePlanToCartTest" name="aftermethod" time="0">
    <skipped/>
  </testcase>
  <testcase classname="com.gomechanic.Tests.AddExteriorPolishingAndRubbingServicePlanToCartTest" name="tearDown" time="0">
    <skipped/>
  </testcase>
  <testcase classname="com.gomechanic.Tests.AddInteriorDetailCleaningServicePlanToCartTest" name="setUpTest" time="0">
    <skipped/>
  </testcase>
  <testcase classname="com.gomechanic.Tests.AddInteriorDetailCleaningServicePlanToCartTest" name="selectInteriorDetailCleaningServicePlan" time="0">
    <skipped/>
  </testcase>
  <testcase classname="com.gomechanic.Tests.AddInteriorDetailCleaningServicePlanToCartTest" name="aftermethod" time="0.001">
    <skipped/>
  </testcase>
  <testcase classname="com.gomechanic.Tests.AddInteriorDetailCleaningServicePlanToCartTest" name="tearDown" time="0.001">
    <skipped/>
  </testcase>
  <testcase classname="com.gomechanic.Tests.AddStandardServicePlanToCartTest" name="setUpTest" time="0.001">
    <skipped/>
  </testcase>
  <testcase classname="com.gomechanic.Tests.AddStandardServicePlanToCartTest" name="selectStandardServicePlan" time="0">
    <skipped/>
  </testcase>
  <testcase classname="com.gomechanic.Tests.AddStandardServicePlanToCartTest" name="aftermethod" time="0">
    <skipped/>
  </testcase>
  <testcase classname="com.gomechanic.Tests.AddStandardServicePlanToCartTest" name="tearDown" time="0">
    <skipped/>
  </testcase>
  <testcase classname="com.gomechanic.Tests.CheckoutWithBonnetDentingOrPaintingServiceTest" name="setUpTest" time="0">
    <skipped/>
  </testcase>
  <testcase classname="com.gomechanic.Tests.CheckoutWithBonnetDentingOrPaintingServiceTest" name="checkoutWithBonnetDentingOrPaintingServiceTest" time="0">
    <skipped/>
  </testcase>
  <testcase classname="com.gomechanic.Tests.CheckoutWithBonnetDentingOrPaintingServiceTest" name="aftermethod" time="0">
    <skipped/>
  </testcase>
  <testcase classname="com.gomechanic.Tests.CheckoutWithBonnetDentingOrPaintingServiceTest" name="tearDown" time="0.001">
    <skipped/>
  </testcase>
  <testcase classname="com.gomechanic.Tests.CheckoutWithFenderLDentingOrPaintingServiceTest" name="setUpTest" time="0.001">
    <skipped/>
  </testcase>
  <testcase classname="com.gomechanic.Tests.CheckoutWithFenderLDentingOrPaintingServiceTest" name="checkoutWithFenderLDentingOrPaintingService" time="0">
    <skipped/>
  </testcase>
  <testcase classname="com.gomechanic.Tests.CheckoutWithFenderLDentingOrPaintingServiceTest" name="aftermethod" time="0">
    <skipped/>
  </testcase>
  <testcase classname="com.gomechanic.Tests.CheckoutWithFenderLDentingOrPaintingServiceTest" name="tearDown" time="0">
    <skipped/>
  </testcase>
  <testcase classname="com.gomechanic.Tests.CheckoutWithFenderRInDentingOrPaintingServicesTest" name="setUpTest" time="0.001">
    <skipped/>
  </testcase>
  <testcase classname="com.gomechanic.Tests.CheckoutWithFenderRInDentingOrPaintingServicesTest" name="checkoutWithFenderRInDentingOrPaintingServices" time="0">
    <skipped/>
  </testcase>
  <testcase classname="com.gomechanic.Tests.CheckoutWithFenderRInDentingOrPaintingServicesTest" name="aftermethod" time="0">
    <skipped/>
  </testcase>
  <testcase classname="com.gomechanic.Tests.CheckoutWithFenderRInDentingOrPaintingServicesTest" name="tearDown" time="0.001">
    <skipped/>
  </testcase>
  <testcase classname="com.gomechanic.Tests.CheckoutWithFrontBumperInDentingOrPaintingServicesTest" name="setUpTest" time="0.001">
    <skipped/>
  </testcase>
  <testcase classname="com.gomechanic.Tests.CheckoutWithFrontBumperInDentingOrPaintingServicesTest" name="checkoutWithFrontBumperInDentingOrPaintingServices" time="0">
    <skipped/>
  </testcase>
  <testcase classname="com.gomechanic.Tests.CheckoutWithFrontBumperInDentingOrPaintingServicesTest" name="aftermethod" time="0">
    <skipped/>
  </testcase>
  <testcase classname="com.gomechanic.Tests.CheckoutWithFrontBumperInDentingOrPaintingServicesTest" name="tearDown" time="0.001">
    <skipped/>
  </testcase>
  <testcase classname="com.gomechanic.Tests.CheckoutWithFrontDoorLDentingOrPaintingServiceTest" name="setUpTest" time="0.001">
    <skipped/>
  </testcase>
  <testcase classname="com.gomechanic.Tests.CheckoutWithFrontDoorLDentingOrPaintingServiceTest" name="checkoutWithFrontDoorLDentingOrPaintingService" time="0.001">
    <skipped/>
  </testcase>
  <testcase classname="com.gomechanic.Tests.CheckoutWithFrontDoorLDentingOrPaintingServiceTest" name="aftermethod" time="0.001">
    <skipped/>
  </testcase>
  <testcase classname="com.gomechanic.Tests.CheckoutWithFrontDoorLDentingOrPaintingServiceTest" name="tearDown" time="0.001">
    <skipped/>
  </testcase>
  <testcase classname="com.gomechanic.Tests.CheckoutWithFrontDoorRInDentingOrPaintingServicesTest" name="setUpTest" time="0.001">
    <skipped/>
  </testcase>
  <testcase classname="com.gomechanic.Tests.CheckoutWithFrontDoorRInDentingOrPaintingServicesTest" name="checkoutWithFrontDoorRInDentingOrPaintingServices" time="0">
    <skipped/>
  </testcase>
  <testcase classname="com.gomechanic.Tests.CheckoutWithFrontDoorRInDentingOrPaintingServicesTest" name="aftermethod" time="0.003">
    <skipped/>
  </testcase>
  <testcase classname="com.gomechanic.Tests.CheckoutWithFrontDoorRInDentingOrPaintingServicesTest" name="tearDown" time="0.003">
    <skipped/>
  </testcase>
  <testcase classname="com.gomechanic.Tests.CheckoutWithQuarterPanelLInDentingOrPaintingServicesTest" name="setUpTest" time="0.003">
    <skipped/>
  </testcase>
  <testcase classname="com.gomechanic.Tests.CheckoutWithQuarterPanelLInDentingOrPaintingServicesTest" name="checkoutWithQuarterPanelLInDentingOrPaintingServices" time="0">
    <skipped/>
  </testcase>
  <testcase classname="com.gomechanic.Tests.CheckoutWithQuarterPanelLInDentingOrPaintingServicesTest" name="aftermethod" time="0.011">
    <skipped/>
  </testcase>
  <testcase classname="com.gomechanic.Tests.CheckoutWithQuarterPanelLInDentingOrPaintingServicesTest" name="tearDown" time="0.013">
    <skipped/>
  </testcase>
  <testcase classname="com.gomechanic.Tests.CheckoutWithRearBumperDentingOrPaintingServiceTest" name="setUpTest" time="0.014">
    <skipped/>
  </testcase>
  <testcase classname="com.gomechanic.Tests.CheckoutWithRearBumperDentingOrPaintingServiceTest" name="checkoutWithRearBumperDentingOrPaintingService" time="0">
    <skipped/>
  </testcase>
  <testcase classname="com.gomechanic.Tests.CheckoutWithRearBumperDentingOrPaintingServiceTest" name="aftermethod" time="0">
    <skipped/>
  </testcase>
  <testcase classname="com.gomechanic.Tests.CheckoutWithRearBumperDentingOrPaintingServiceTest" name="tearDown" time="0">
    <skipped/>
  </testcase>
  <testcase classname="com.gomechanic.Tests.CheckoutWithRearDoorLInDentingOrPaintingServicesTest" name="setUpTest" time="0">
    <skipped/>
  </testcase>
  <testcase classname="com.gomechanic.Tests.CheckoutWithRearDoorLInDentingOrPaintingServicesTest" name="checkoutWithRearDoorLInDentingOrPaintingServices" time="0">
    <skipped/>
  </testcase>
  <testcase classname="com.gomechanic.Tests.CheckoutWithRearDoorLInDentingOrPaintingServicesTest" name="aftermethod" time="0">
    <skipped/>
  </testcase>
  <testcase classname="com.gomechanic.Tests.CheckoutWithRearDoorLInDentingOrPaintingServicesTest" name="tearDown" time="0">
    <skipped/>
  </testcase>
  <testcase classname="com.gomechanic.Tests.CheckoutWithRunningBoardLInDentingOrPaintingServicesTest" name="setUpTest" time="0">
    <skipped/>
  </testcase>
  <testcase classname="com.gomechanic.Tests.CheckoutWithRunningBoardLInDentingOrPaintingServicesTest" name="checkoutWithRunningBoardLInDentingOrPaintingServices" time="0.001">
    <skipped/>
  </testcase>
  <testcase classname="com.gomechanic.Tests.CheckoutWithRunningBoardLInDentingOrPaintingServicesTest" name="aftermethod" time="0.002">
    <skipped/>
  </testcase>
  <testcase classname="com.gomechanic.Tests.CheckoutWithRunningBoardLInDentingOrPaintingServicesTest" name="tearDown" time="0.002">
    <skipped/>
  </testcase>
  <testcase classname="com.gomechanic.Tests.CheckoutWithTrunkServiceDentingOrPaintingServiceTest" name="setUpTest" time="0.002">
    <skipped/>
  </testcase>
  <testcase classname="com.gomechanic.Tests.CheckoutWithTrunkServiceDentingOrPaintingServiceTest" name="checkoutWithTrunkDentingOrPaintingService" time="0">
    <skipped/>
  </testcase>
  <testcase classname="com.gomechanic.Tests.CheckoutWithTrunkServiceDentingOrPaintingServiceTest" name="aftermethod" time="0">
    <skipped/>
  </testcase>
  <testcase classname="com.gomechanic.Tests.CheckoutWithTrunkServiceDentingOrPaintingServiceTest" name="tearDown" time="0">
    <skipped/>
  </testcase>
  <testcase classname="com.gomechanic.Tests.GiveRequirementsWithMobileNumberOnCarEnquiryPageTest" name="setUpTest" time="0">
    <skipped/>
  </testcase>
  <testcase classname="com.gomechanic.Tests.GiveRequirementsWithMobileNumberOnCarEnquiryPageTest" name="giveRequirementsWithValidMobileNumber" time="0">
    <skipped/>
  </testcase>
  <testcase classname="com.gomechanic.Tests.GiveRequirementsWithMobileNumberOnCarEnquiryPageTest" name="aftermethod" time="0">
    <skipped/>
  </testcase>
  <testcase classname="com.gomechanic.Tests.GiveRequirementsWithMobileNumberOnCarEnquiryPageTest" name="tearDown" time="0">
    <skipped/>
  </testcase>
  <testcase classname="com.gomechanic.Tests.NavigateToCheckoutPageFromCartTest" name="setUpTest" time="0.002">
    <skipped/>
  </testcase>
  <testcase classname="com.gomechanic.Tests.NavigateToCheckoutPageFromCartTest" name="navigateToCheckoutPage" time="0">
    <skipped/>
  </testcase>
  <testcase classname="com.gomechanic.Tests.NavigateToCheckoutPageFromCartTest" name="aftermethod" time="0">
    <skipped/>
  </testcase>
  <testcase classname="com.gomechanic.Tests.NavigateToCheckoutPageFromCartTest" name="tearDown" time="0.004">
    <skipped/>
  </testcase>
  <testcase classname="com.gomechanic.Tests.NavigateToConfirmOrderPageTest" name="setUpTest" time="0.004">
    <skipped/>
  </testcase>
  <testcase classname="com.gomechanic.Tests.NavigateToConfirmOrderPageTest" name="navigateToConfirmOrderPage" time="0">
    <skipped/>
  </testcase>
  <testcase classname="com.gomechanic.Tests.NavigateToConfirmOrderPageTest" name="aftermethod" time="0">
    <skipped/>
  </testcase>
  <testcase classname="com.gomechanic.Tests.NavigateToConfirmOrderPageTest" name="tearDown" time="0">
    <skipped/>
  </testcase>
  <testcase classname="com.gomechanic.Tests.RequestCallBackForCarEnquiryTest" name="setUpTest" time="0">
    <skipped/>
  </testcase>
  <testcase classname="com.gomechanic.Tests.RequestCallBackForCarEnquiryTest" name="requestCallBack" time="0">
    <skipped/>
  </testcase>
  <testcase classname="com.gomechanic.Tests.RequestCallBackForCarEnquiryTest" name="aftermethod" time="0">
    <skipped/>
  </testcase>
  <testcase classname="com.gomechanic.Tests.RequestCallBackForCarEnquiryTest" name="requestCallBack" time="0">
    <skipped/>
  </testcase>
  <testcase classname="com.gomechanic.Tests.RequestCallBackForCarEnquiryTest" name="aftermethod" time="0">
    <skipped/>
  </testcase>
  <testcase classname="com.gomechanic.Tests.RequestCallBackForCarEnquiryTest" name="requestCallBack" time="0">
    <skipped/>
  </testcase>
  <testcase classname="com.gomechanic.Tests.RequestCallBackForCarEnquiryTest" name="aftermethod" time="0">
    <skipped/>
  </testcase>
  <testcase classname="com.gomechanic.Tests.RequestCallBackForCarEnquiryTest" name="requestCallBack" time="0">
    <skipped/>
  </testcase>
  <testcase classname="com.gomechanic.Tests.RequestCallBackForCarEnquiryTest" name="aftermethod" time="0">
    <skipped/>
  </testcase>
  <testcase classname="com.gomechanic.Tests.RequestCallBackForCarEnquiryTest" name="requestCallBack" time="0">
    <skipped/>
  </testcase>
  <testcase classname="com.gomechanic.Tests.RequestCallBackForCarEnquiryTest" name="aftermethod" time="0.001">
    <skipped/>
  </testcase>
  <testcase classname="com.gomechanic.Tests.RequestCallBackForCarEnquiryTest" name="tearDown" time="0.001">
    <skipped/>
  </testcase>
  <testcase classname="com.gomechanic.Tests.SelectCarDetailsFromServicePageTest" name="setUpTest" time="0.001">
    <skipped/>
  </testcase>
  <testcase classname="com.gomechanic.Tests.SelectCarDetailsFromServicePageTest" name="SelectCarDetails" time="0">
    <skipped/>
    <system-out>[[Ljava.lang.Object;@185f7840
</system-out>
  </testcase>
  <testcase classname="com.gomechanic.Tests.SelectCarDetailsFromServicePageTest" name="aftermethod" time="0">
    <skipped/>
  </testcase>
  <testcase classname="com.gomechanic.Tests.SelectCarDetailsFromServicePageTest" name="SelectCarDetails" time="0">
    <skipped/>
  </testcase>
  <testcase classname="com.gomechanic.Tests.SelectCarDetailsFromServicePageTest" name="aftermethod" time="0">
    <skipped/>
  </testcase>
  <testcase classname="com.gomechanic.Tests.SelectCarDetailsFromServicePageTest" name="SelectCarDetails" time="0">
    <skipped/>
  </testcase>
  <testcase classname="com.gomechanic.Tests.SelectCarDetailsFromServicePageTest" name="aftermethod" time="0">
    <skipped/>
  </testcase>
  <testcase classname="com.gomechanic.Tests.SelectCarDetailsFromServicePageTest" name="SelectCarDetails" time="0">
    <skipped/>
  </testcase>
  <testcase classname="com.gomechanic.Tests.SelectCarDetailsFromServicePageTest" name="aftermethod" time="0">
    <skipped/>
  </testcase>
  <testcase classname="com.gomechanic.Tests.SelectCarDetailsFromServicePageTest" name="SelectCarDetails" time="0">
    <skipped/>
  </testcase>
  <testcase classname="com.gomechanic.Tests.SelectCarDetailsFromServicePageTest" name="aftermethod" time="0">
    <skipped/>
  </testcase>
  <testcase classname="com.gomechanic.Tests.SelectCarDetailsFromServicePageTest" name="SelectCarDetails" time="0">
    <skipped/>
  </testcase>
  <testcase classname="com.gomechanic.Tests.SelectCarDetailsFromServicePageTest" name="aftermethod" time="0">
    <skipped/>
  </testcase>
  <testcase classname="com.gomechanic.Tests.SelectCarDetailsFromServicePageTest" name="SelectCarDetails" time="0">
    <skipped/>
  </testcase>
  <testcase classname="com.gomechanic.Tests.SelectCarDetailsFromServicePageTest" name="aftermethod" time="0">
    <skipped/>
  </testcase>
  <testcase classname="com.gomechanic.Tests.SelectCarDetailsFromServicePageTest" name="SelectCarDetails" time="0">
    <skipped/>
  </testcase>
  <testcase classname="com.gomechanic.Tests.SelectCarDetailsFromServicePageTest" name="aftermethod" time="0">
    <skipped/>
  </testcase>
  <testcase classname="com.gomechanic.Tests.SelectCarDetailsFromServicePageTest" name="SelectCarDetails" time="0">
    <skipped/>
  </testcase>
  <testcase classname="com.gomechanic.Tests.SelectCarDetailsFromServicePageTest" name="aftermethod" time="0">
    <skipped/>
  </testcase>
  <testcase classname="com.gomechanic.Tests.SelectCarDetailsFromServicePageTest" name="SelectCarDetails" time="0">
    <skipped/>
  </testcase>
  <testcase classname="com.gomechanic.Tests.SelectCarDetailsFromServicePageTest" name="aftermethod" time="0">
    <skipped/>
  </testcase>
  <testcase classname="com.gomechanic.Tests.SelectCarDetailsFromServicePageTest" name="SelectCarDetails" time="0">
    <skipped/>
  </testcase>
  <testcase classname="com.gomechanic.Tests.SelectCarDetailsFromServicePageTest" name="aftermethod" time="0">
    <skipped/>
  </testcase>
  <testcase classname="com.gomechanic.Tests.SelectCarDetailsFromServicePageTest" name="tearDown" time="0.001">
    <skipped/>
  </testcase>
  <testcase classname="com.gomechanic.Tests.ValidateNavigateToServicesPageAfterCarEnquiryTest" name="setUpTest" time="0.001">
    <skipped/>
  </testcase>
  <testcase classname="com.gomechanic.Tests.ValidateNavigateToServicesPageAfterCarEnquiryTest" name="verifyNavigateToServicePageAfterCarEnquiry" time="0">
    <skipped/>
  </testcase>
  <testcase classname="com.gomechanic.Tests.ValidateNavigateToServicesPageAfterCarEnquiryTest" name="aftermethod" time="0.002">
    <skipped/>
  </testcase>
  <testcase classname="com.gomechanic.Tests.ValidateNavigateToServicesPageAfterCarEnquiryTest" name="tearDown" time="0.024">
    <skipped/>
  </testcase>
  <testcase classname="com.gomechanic.Tests.ValidateRequestQuoteWithoutCarDetailsTest" name="setUpTest" time="0.024">
    <skipped/>
  </testcase>
  <testcase classname="com.gomechanic.Tests.ValidateRequestQuoteWithoutCarDetailsTest" name="PleaseSelectCarDetailsMessage" time="0">
    <skipped/>
  </testcase>
  <testcase classname="com.gomechanic.Tests.ValidateRequestQuoteWithoutCarDetailsTest" name="aftermethod" time="0">
    <skipped/>
  </testcase>
  <testcase classname="com.gomechanic.Tests.ValidateRequestQuoteWithoutCarDetailsTest" name="tearDown" time="0">
    <skipped/>
  </testcase>
  <testcase classname="com.gomechanic.Tests.ValidateRequestQuoteWithoutMobileNumberTest" name="setUpTest" time="0">
    <skipped/>
  </testcase>
  <testcase classname="com.gomechanic.Tests.ValidateRequestQuoteWithoutMobileNumberTest" name="PleaseEnterValidMobileNumberMessage" time="0">
    <skipped/>
  </testcase>
  <testcase classname="com.gomechanic.Tests.ValidateRequestQuoteWithoutMobileNumberTest" name="aftermethod" time="0">
    <skipped/>
  </testcase>
  <testcase classname="com.gomechanic.Tests.ValidateRequestQuoteWithoutMobileNumberTest" name="tearDown" time="0">
    <skipped/>
  </testcase>
</testsuite>