<?xml version="1.0" encoding="UTF-8"?>
<testng-results total="1" passed="0" failed="1" skipped="0">
  <reporter-output>
  </reporter-output>
  <suite started-at="2020-08-20T03:51:15Z" name="com.projectname.tests.TestClassName" finished-at="2020-08-20T03:51:41Z" duration-ms="26019">
    <groups>
    </groups>
    <test started-at="2020-08-20T03:51:15Z" name="Command line test" finished-at="2020-08-20T03:51:41Z" duration-ms="26019">
      <class name="com.projectname.tests.TestClassName">
        <test-method is-config="true" signature="beforeSuite()[pri:0, instance:com.projectname.tests.TestClassName@10e92f8f]" started-at="2020-08-20T13:51:13Z" name="beforeSuite" finished-at="2020-08-20T13:51:15Z" duration-ms="1661" status="PASS">
          <reporter-output>
          </reporter-output>
        </test-method> <!-- beforeSuite -->
        <test-method is-config="true" signature="beforeEveryTestStarts()[pri:0, instance:com.projectname.tests.TestClassName@10e92f8f]" started-at="2020-08-20T13:51:15Z" name="beforeEveryTestStarts" finished-at="2020-08-20T13:51:29Z" duration-ms="13930" status="PASS">
          <reporter-output>
          </reporter-output>
        </test-method> <!-- beforeEveryTestStarts -->
        <test-method signature="selectComprehensiveCleaningServicePlan()[pri:0, instance:com.projectname.tests.TestClassName@10e92f8f]" started-at="2020-08-20T13:51:29Z" name="selectComprehensiveCleaningServicePlan" finished-at="2020-08-20T13:51:39Z" duration-ms="10174" status="FAIL">
          <exception class="java.lang.AssertionError">
            <message>
              <![CDATA[Unable to click on login button]]>
            </message>
            <full-stacktrace>
              <![CDATA[java.lang.AssertionError: Unable to click on login button
	at org.testng.Assert.fail(Assert.java:94)
	at com.projectname.pages.PageName.clickOnLoginButton(PageName.java:37)
	at com.projectname.tests.TestClassName.selectComprehensiveCleaningServicePlan(TestClassName.java:18)
	at java.base/jdk.internal.reflect.NativeMethodAccessorImpl.invoke0(Native Method)
	at java.base/jdk.internal.reflect.NativeMethodAccessorImpl.invoke(NativeMethodAccessorImpl.java:62)
	at java.base/jdk.internal.reflect.DelegatingMethodAccessorImpl.invoke(DelegatingMethodAccessorImpl.java:43)
	at java.base/java.lang.reflect.Method.invoke(Method.java:564)
	at org.testng.internal.MethodInvocationHelper.invokeMethod(MethodInvocationHelper.java:84)
	at org.testng.internal.Invoker.invokeMethod(Invoker.java:714)
	at org.testng.internal.Invoker.invokeTestMethod(Invoker.java:901)
	at org.testng.internal.Invoker.invokeTestMethods(Invoker.java:1231)
	at org.testng.internal.TestMethodWorker.invokeTestMethods(TestMethodWorker.java:127)
	at org.testng.internal.TestMethodWorker.run(TestMethodWorker.java:111)
	at org.testng.TestRunner.privateRun(TestRunner.java:767)
	at org.testng.TestRunner.run(TestRunner.java:617)
	at org.testng.SuiteRunner.runTest(SuiteRunner.java:348)
	at org.testng.SuiteRunner.runSequentially(SuiteRunner.java:343)
	at org.testng.SuiteRunner.privateRun(SuiteRunner.java:305)
	at org.testng.SuiteRunner.run(SuiteRunner.java:254)
	at org.testng.SuiteRunnerWorker.runSuite(SuiteRunnerWorker.java:52)
	at org.testng.SuiteRunnerWorker.run(SuiteRunnerWorker.java:86)
	at org.testng.TestNG.runSuitesSequentially(TestNG.java:1224)
	at org.testng.TestNG.runSuitesLocally(TestNG.java:1149)
	at org.testng.TestNG.run(TestNG.java:1057)
	at org.apache.maven.surefire.testng.TestNGExecutor.run(TestNGExecutor.java:77)
	at org.apache.maven.surefire.testng.TestNGDirectoryTestSuite.execute(TestNGDirectoryTestSuite.java:110)
	at org.apache.maven.surefire.testng.TestNGProvider.invoke(TestNGProvider.java:106)
	at java.base/jdk.internal.reflect.NativeMethodAccessorImpl.invoke0(Native Method)
	at java.base/jdk.internal.reflect.NativeMethodAccessorImpl.invoke(NativeMethodAccessorImpl.java:62)
	at java.base/jdk.internal.reflect.DelegatingMethodAccessorImpl.invoke(DelegatingMethodAccessorImpl.java:43)
	at java.base/java.lang.reflect.Method.invoke(Method.java:564)
	at org.apache.maven.surefire.util.ReflectionUtils.invokeMethodWithArray(ReflectionUtils.java:189)
	at org.apache.maven.surefire.booter.ProviderFactory$ProviderProxy.invoke(ProviderFactory.java:165)
	at org.apache.maven.surefire.booter.ProviderFactory.invokeProvider(ProviderFactory.java:85)
	at org.apache.maven.surefire.booter.ForkedBooter.runSuitesInProcess(ForkedBooter.java:115)
	at org.apache.maven.surefire.booter.ForkedBooter.main(ForkedBooter.java:75)
]]>
            </full-stacktrace>
          </exception> <!-- java.lang.AssertionError -->
          <reporter-output>
          </reporter-output>
        </test-method> <!-- selectComprehensiveCleaningServicePlan -->
        <test-method is-config="true" signature="afterEveryTestEnds(org.testng.ITestResult, java.lang.reflect.Method)[pri:0, instance:com.projectname.tests.TestClassName@10e92f8f]" started-at="2020-08-20T13:51:39Z" name="afterEveryTestEnds" finished-at="2020-08-20T13:51:41Z" duration-ms="1896" status="PASS">
          <params>
            <param index="0">
              <value>
                <![CDATA[[TestResult name=selectComprehensiveCleaningServicePlan status=FAILURE method=TestClassName.selectComprehensiveCleaningServicePlan()[pri:0, instance:com.projectname.tests.TestClassName@10e92f8f] output={null}]]]>
              </value>
            </param>
            <param index="1">
              <value>
                <![CDATA[public void com.projectname.tests.TestClassName.selectComprehensiveCleaningServicePlan()]]>
              </value>
            </param>
          </params>
          <reporter-output>
          </reporter-output>
        </test-method> <!-- afterEveryTestEnds -->
      </class> <!-- com.projectname.tests.TestClassName -->
    </test> <!-- Command line test -->
  </suite> <!-- com.projectname.tests.TestClassName -->
</testng-results>
